<?xml version="1.0" encoding="utf-8"?><testsuites name="pytest tests"><testsuite name="pytest" errors="0" failures="0" skipped="0" tests="16" time="2.218" timestamp="2026-03-03T17:39:47.582948+00:00" hostname="agent-env-9376b0f3-087e-47f9-8cc8-607f80d89f88"><testcase classname="tests.test_admin_bugs.TestBugReportSubmission" name="test_submit_bug_report_success" time="0.154" /><testcase classname="tests.test_admin_bugs.TestBugReportSubmission" name="test_submit_bug_report_minimal" time="0.140" /><testcase classname="tests.test_admin_bugs.TestBugReportSubmission" name="test_submit_bug_report_invalid_title" time="0.113" /><testcase classname="tests.test_admin_bugs.TestBugReportSubmission" name="test_get_my_bug_reports" time="0.122" /><testcase classname="tests.test_admin_bugs.TestAdminCheck" name="test_admin_check_normal_user" time="0.112" /><testcase classname="tests.test_admin_bugs.TestAdminCheck" name="test_admin_check_super_admin" time="0.113" /><testcase classname="tests.test_admin_bugs.TestAdminBugManagement" name="test_get_all_bugs_normal_user_denied" time="0.107" /><testcase classname="tests.test_admin_bugs.TestAdminBugManagement" name="test_get_all_bugs_admin" time="0.109" /><testcase classname="tests.test_admin_bugs.TestAdminBugManagement" name="test_update_bug_status_admin" time="0.255" /><testcase classname="tests.test_admin_bugs.TestAdminBugManagement" name="test_update_bug_invalid_status" time="0.214" /><testcase classname="tests.test_admin_bugs.TestAdminStats" name="test_get_stats_normal_user_denied" time="0.143" /><testcase classname="tests.test_admin_bugs.TestAdminStats" name="test_get_stats_admin" time="0.104" /><testcase classname="tests.test_admin_bugs.TestAdminUsers" name="test_get_users_normal_user_denied" time="0.112" /><testcase classname="tests.test_admin_bugs.TestAdminUsers" name="test_get_users_admin" time="0.120" /><testcase classname="tests.test_admin_bugs.TestAdminLogs" name="test_get_logs_normal_user_denied" time="0.130" /><testcase classname="tests.test_admin_bugs.TestAdminLogs" name="test_get_logs_admin" time="0.106" /></testsuite></testsuites>