<?xml version="1.0" encoding="utf-8"?><testsuites name="pytest tests"><testsuite name="pytest" errors="0" failures="0" skipped="0" tests="26" time="5.233" timestamp="2026-03-05T15:45:04.380888+00:00" hostname="agent-env-74ed4dcf-cb84-48dc-8932-8cd50018b6c6"><testcase classname="backend.tests.test_advanced_billing.TestAdvancedBillingUserAccount" name="test_get_billing_account" time="0.547" /><testcase classname="backend.tests.test_advanced_billing.TestAdvancedBillingUserAccount" name="test_update_billing_address" time="0.118" /><testcase classname="backend.tests.test_advanced_billing.TestInvoices" name="test_list_invoices" time="0.403" /><testcase classname="backend.tests.test_advanced_billing.TestInvoices" name="test_generate_invoice_different_month" time="0.056" /><testcase classname="backend.tests.test_advanced_billing.TestInvoices" name="test_generate_invoice_idempotent" time="0.115" /><testcase classname="backend.tests.test_advanced_billing.TestInvoices" name="test_get_invoice_detail" time="0.108" /><testcase classname="backend.tests.test_advanced_billing.TestInvoices" name="test_get_invoice_not_found" time="0.054" /><testcase classname="backend.tests.test_advanced_billing.TestInvoices" name="test_export_invoice_csv" time="0.113" /><testcase classname="backend.tests.test_advanced_billing.TestInvoices" name="test_export_invoice_json" time="0.166" /><testcase classname="backend.tests.test_advanced_billing.TestPayments" name="test_list_payments" time="0.402" /><testcase classname="backend.tests.test_advanced_billing.TestUsageSummary" name="test_get_usage_summary" time="0.411" /><testcase classname="backend.tests.test_advanced_billing.TestUsageSummary" name="test_get_usage_summary_custom_months" time="0.060" /><testcase classname="backend.tests.test_advanced_billing.TestPlanManagement" name="test_get_plan_history" time="0.400" /><testcase classname="backend.tests.test_advanced_billing.TestPlanManagement" name="test_change_plan_invalid" time="0.056" /><testcase classname="backend.tests.test_advanced_billing.TestPlanManagement" name="test_change_plan_same_plan" time="0.116" /><testcase classname="backend.tests.test_advanced_billing.TestPlanManagement" name="test_change_plan_downgrade" time="0.171" /><testcase classname="backend.tests.test_advanced_billing.TestBillingNotifications" name="test_get_billing_notifications" time="0.481" /><testcase classname="backend.tests.test_advanced_billing.TestOrgBilling" name="test_get_org_billing_account" time="0.440" /><testcase classname="backend.tests.test_advanced_billing.TestOrgBilling" name="test_update_org_billing_address" time="0.150" /><testcase classname="backend.tests.test_advanced_billing.TestOrgBilling" name="test_set_org_spending_limit" time="0.140" /><testcase classname="backend.tests.test_advanced_billing.TestOrgBilling" name="test_add_billing_contact" time="0.127" /><testcase classname="backend.tests.test_advanced_billing.TestOrgBilling" name="test_get_cost_allocation" time="0.061" /><testcase classname="backend.tests.test_advanced_billing.TestOrgBilling" name="test_get_org_invoices" time="0.059" /><testcase classname="backend.tests.test_advanced_billing.TestAuthRequired" name="test_billing_account_requires_auth" time="0.110" /><testcase classname="backend.tests.test_advanced_billing.TestAuthRequired" name="test_invoices_requires_auth" time="0.127" /><testcase classname="backend.tests.test_advanced_billing.TestAuthRequired" name="test_org_billing_requires_auth" time="0.123" /></testsuite></testsuites>