<?xml version="1.0" encoding="utf-8"?><testsuites name="pytest tests"><testsuite name="pytest" errors="0" failures="0" skipped="0" tests="13" time="2.835" timestamp="2026-03-03T13:15:25.980815+00:00" hostname="agent-env-300b8b63-2bee-4c2e-b604-fa0f68cef850"><testcase classname="tests.test_ai_keys.TestAIKeysEndpoints" name="test_get_ai_keys_without_auth" time="0.148" /><testcase classname="tests.test_ai_keys.TestAIKeysEndpoints" name="test_get_ai_keys_with_auth" time="0.443" /><testcase classname="tests.test_ai_keys.TestAIKeysEndpoints" name="test_post_ai_keys_save_key" time="0.176" /><testcase classname="tests.test_ai_keys.TestAIKeysEndpoints" name="test_post_ai_keys_multiple_keys" time="0.140" /><testcase classname="tests.test_ai_keys.TestAIKeysEndpoints" name="test_delete_ai_key" time="0.334" /><testcase classname="tests.test_ai_keys.TestAIKeysEndpoints" name="test_delete_ai_key_invalid_agent" time="0.148" /><testcase classname="tests.test_ai_keys.TestAIKeysEndpoints" name="test_post_ai_keys_remove_key_with_empty_string" time="0.211" /><testcase classname="tests.test_ai_keys.TestWorkspaceAIConfig" name="test_get_workspace_ai_config" time="0.427" /><testcase classname="tests.test_ai_keys.TestWorkspaceAIConfig" name="test_get_workspace_ai_config_not_found" time="0.137" /><testcase classname="tests.test_ai_keys.TestWorkspaceAIConfig" name="test_post_workspace_ai_config" time="0.226" /><testcase classname="tests.test_ai_keys.TestWorkspaceAIConfig" name="test_post_workspace_ai_config_without_auth" time="0.108" /><testcase classname="tests.test_ai_keys.TestHealthAndBasicEndpoints" name="test_health_endpoint" time="0.126" /><testcase classname="tests.test_ai_keys.TestHealthAndBasicEndpoints" name="test_ai_models_endpoint" time="0.104" /></testsuite></testsuites>