<?xml version="1.0" encoding="utf-8"?><testsuites name="pytest tests"><testsuite name="pytest" errors="0" failures="0" skipped="0" tests="17" time="6.318" timestamp="2026-03-03T13:33:55.079934+00:00" hostname="agent-env-300b8b63-2bee-4c2e-b604-fa0f68cef850"><testcase classname="backend.tests.test_ai_keys_v2.TestAIKeysEndpoints" name="test_get_ai_keys_without_auth" time="0.274" /><testcase classname="backend.tests.test_ai_keys_v2.TestAIKeysEndpoints" name="test_get_ai_keys_returns_all_9_agents" time="0.479" /><testcase classname="backend.tests.test_ai_keys_v2.TestAIKeysEndpoints" name="test_save_gemini_key" time="0.106" /><testcase classname="backend.tests.test_ai_keys_v2.TestAIKeysEndpoints" name="test_save_perplexity_key" time="0.172" /><testcase classname="backend.tests.test_ai_keys_v2.TestAIKeysEndpoints" name="test_save_mistral_key" time="0.109" /><testcase classname="backend.tests.test_ai_keys_v2.TestAIKeysEndpoints" name="test_save_cohere_key" time="0.138" /><testcase classname="backend.tests.test_ai_keys_v2.TestAIKeysEndpoints" name="test_save_groq_key" time="0.114" /><testcase classname="backend.tests.test_ai_keys_v2.TestAIKeysEndpoints" name="test_save_multiple_new_keys" time="0.109" /><testcase classname="backend.tests.test_ai_keys_v2.TestAIKeysEndpoints" name="test_delete_new_agent_key" time="0.378" /><testcase classname="backend.tests.test_ai_keys_v2.TestAIKeyValidation" name="test_test_endpoint_without_auth" time="0.118" /><testcase classname="backend.tests.test_ai_keys_v2.TestAIKeyValidation" name="test_test_endpoint_invalid_agent" time="0.433" /><testcase classname="backend.tests.test_ai_keys_v2.TestAIKeyValidation" name="test_test_endpoint_returns_proper_structure" time="0.304" /><testcase classname="backend.tests.test_ai_keys_v2.TestAIKeyValidation" name="test_test_endpoint_for_all_agents" time="2.623" /><testcase classname="backend.tests.test_ai_keys_v2.TestWorkspaceAIConfigFor9Agents" name="test_workspace_ai_config_returns_all_9_agents" time="0.438" /><testcase classname="backend.tests.test_ai_keys_v2.TestWorkspaceAIConfigFor9Agents" name="test_workspace_ai_config_save_new_agents" time="0.213" /><testcase classname="backend.tests.test_ai_keys_v2.TestAIModelsEndpoint" name="test_ai_models_returns_all_9_models" time="0.107" /><testcase classname="backend.tests.test_ai_keys_v2.TestHealthEndpoint" name="test_health_endpoint" time="0.121" /></testsuite></testsuites>