<?xml version="1.0" encoding="utf-8"?><testsuites name="pytest tests"><testsuite name="pytest" errors="0" failures="0" skipped="0" tests="15" time="2.282" timestamp="2026-03-06T05:01:54.460278+00:00" hostname="agent-env-a9171ce9-e21e-4fe3-af2a-fa5c0d989c7f"><testcase classname="backend.tests.test_ai_repo_tools.TestAIToolsEndpoint" name="test_ai_tools_returns_13_tools" time="0.458" /><testcase classname="backend.tests.test_ai_repo_tools.TestAIToolsEndpoint" name="test_ai_tools_includes_repo_tools" time="0.118" /><testcase classname="backend.tests.test_ai_repo_tools.TestAIToolsEndpoint" name="test_ai_tools_includes_all_expected_tools" time="0.121" /><testcase classname="backend.tests.test_ai_repo_tools.TestToolDefinitions" name="test_repo_list_files_params" time="0.137" /><testcase classname="backend.tests.test_ai_repo_tools.TestToolDefinitions" name="test_repo_read_file_params" time="0.101" /><testcase classname="backend.tests.test_ai_repo_tools.TestToolDefinitions" name="test_repo_write_file_params" time="0.094" /><testcase classname="backend.tests.test_ai_repo_tools.TestCodeRepoCRUDRegression" name="test_create_read_update_file" time="0.452" /><testcase classname="backend.tests.test_ai_repo_tools.TestCodeRepoCRUDRegression" name="test_get_file_tree" time="0.104" /><testcase classname="backend.tests.test_ai_repo_tools.TestAutoCollabRegression" name="test_get_auto_collab" time="0.105" /><testcase classname="backend.tests.test_ai_repo_tools.TestAutoCollabRegression" name="test_put_auto_collab_toggle" time="0.204" /><testcase classname="backend.tests.test_ai_repo_tools.TestCodeRepoPromptVerification" name="test_code_repo_prompt_documents_tools" time="0.000" /><testcase classname="backend.tests.test_ai_repo_tools.TestRepoContextInjection" name="test_repo_context_injection_code_exists" time="0.000" /><testcase classname="backend.tests.test_ai_repo_tools.TestExistingRepoFiles" name="test_existing_files_in_repo" time="0.116" /><testcase classname="backend.tests.test_ai_repo_tools.TestCleanup" name="test_cleanup_test_files" time="0.106" /><testcase classname="backend.tests.test_ai_repo_tools.TestCleanup" name="test_ensure_auto_collab_disabled" time="0.108" /></testsuite></testsuites>