<?xml version="1.0" encoding="utf-8"?><testsuites name="pytest tests"><testsuite name="pytest" errors="0" failures="0" skipped="0" tests="19" time="2.802" timestamp="2026-03-03T16:46:06.914482+00:00" hostname="agent-env-9376b0f3-087e-47f9-8cc8-607f80d89f88"><testcase classname="backend.tests.test_ai_skills.TestGetAvailableSkills" name="test_get_all_available_skills" time="0.246" /><testcase classname="backend.tests.test_ai_skills.TestGetAvailableSkills" name="test_skills_have_required_fields" time="0.150" /><testcase classname="backend.tests.test_ai_skills.TestGetAvailableSkills" name="test_categories_returned" time="0.151" /><testcase classname="backend.tests.test_ai_skills.TestGetAvailableSkills" name="test_requires_authentication" time="0.102" /><testcase classname="backend.tests.test_ai_skills.TestWorkspaceSkillsConfig" name="test_get_workspace_skills_returns_defaults" time="0.184" /><testcase classname="backend.tests.test_ai_skills.TestWorkspaceSkillsConfig" name="test_get_workspace_skills_requires_auth" time="0.148" /><testcase classname="backend.tests.test_ai_skills.TestUpdateWorkspaceSkills" name="test_update_skills_config" time="0.177" /><testcase classname="backend.tests.test_ai_skills.TestUpdateWorkspaceSkills" name="test_always_enabled_skills_stay_enabled" time="0.112" /><testcase classname="backend.tests.test_ai_skills.TestUpdateWorkspaceSkills" name="test_validates_invalid_model_key" time="0.107" /><testcase classname="backend.tests.test_ai_skills.TestUpdateWorkspaceSkills" name="test_validates_invalid_skill_id" time="0.154" /><testcase classname="backend.tests.test_ai_skills.TestUpdateModelSkills" name="test_update_single_model_skills" time="0.120" /><testcase classname="backend.tests.test_ai_skills.TestUpdateModelSkills" name="test_update_model_validates_skill_ids" time="0.140" /><testcase classname="backend.tests.test_ai_skills.TestUpdateModelSkills" name="test_update_model_validates_model_key" time="0.120" /><testcase classname="backend.tests.test_ai_skills.TestUpdateModelSkills" name="test_always_enabled_auto_added" time="0.123" /><testcase classname="backend.tests.test_ai_skills.TestGetModelSkills" name="test_get_model_skills" time="0.108" /><testcase classname="backend.tests.test_ai_skills.TestGetModelSkills" name="test_get_model_skills_invalid_model" time="0.114" /><testcase classname="backend.tests.test_ai_skills.TestGetModelSkills" name="test_get_model_default_skills" time="0.177" /><testcase classname="backend.tests.test_ai_skills.TestAllModelsHaveSkills" name="test_all_nine_models_present" time="0.149" /><testcase classname="backend.tests.test_ai_skills.TestAllModelsHaveSkills" name="test_skill_categories_valid" time="0.124" /></testsuite></testsuites>