<?xml version="1.0" encoding="utf-8"?><testsuites name="pytest tests"><testsuite name="pytest" errors="0" failures="0" skipped="0" tests="16" time="1.689" timestamp="2026-03-04T02:58:38.803679+00:00" hostname="agent-env-74ed4dcf-cb84-48dc-8932-8cd50018b6c6"><testcase classname="backend.tests.test_ai_tools_mentions.TestAIToolsEndpoint" name="test_ai_tools_returns_6_tools" time="0.524" /><testcase classname="backend.tests.test_ai_tools_mentions.TestAIToolsEndpoint" name="test_ai_tools_have_proper_structure" time="0.071" /><testcase classname="backend.tests.test_ai_tools_mentions.TestAIToolsEndpoint" name="test_create_project_tool_params" time="0.097" /><testcase classname="backend.tests.test_ai_tools_mentions.TestMentionableEndpoint" name="test_mentionable_returns_channel_agents" time="0.068" /><testcase classname="backend.tests.test_ai_tools_mentions.TestMentionableEndpoint" name="test_mentionable_includes_everyone" time="0.063" /><testcase classname="backend.tests.test_ai_tools_mentions.TestMentionableEndpoint" name="test_mentionable_includes_channel_builtin_agents" time="0.063" /><testcase classname="backend.tests.test_ai_tools_mentions.TestMentionableEndpoint" name="test_mentionable_agents_have_proper_structure" time="0.070" /><testcase classname="backend.tests.test_ai_tools_mentions.TestMentionableEndpoint" name="test_mentionable_builtin_agents_have_correct_names" time="0.064" /><testcase classname="backend.tests.test_ai_tools_mentions.TestMentionableEndpoint" name="test_mentionable_nonexistent_channel_returns_empty" time="0.067" /><testcase classname="backend.tests.test_ai_tools_mentions.TestMessageMentionParsing" name="test_message_with_claude_mention" time="0.068" /><testcase classname="backend.tests.test_ai_tools_mentions.TestMessageMentionParsing" name="test_message_with_everyone_mention" time="0.061" /><testcase classname="backend.tests.test_ai_tools_mentions.TestMessageMentionParsing" name="test_message_without_mentions" time="0.083" /><testcase classname="backend.tests.test_ai_tools_mentions.TestMessageMentionParsing" name="test_message_with_multiple_mentions" time="0.059" /><testcase classname="backend.tests.test_ai_tools_mentions.TestMessageMentionParsing" name="test_message_with_invalid_mention" time="0.075" /><testcase classname="backend.tests.test_ai_tools_mentions.TestMessageMentionParsing" name="test_message_mentions_case_insensitive" time="0.073" /><testcase classname="backend.tests.test_ai_tools_mentions.TestMessageRetrieval" name="test_get_messages_includes_mentions" time="0.062" /></testsuite></testsuites>