<?xml version="1.0" encoding="utf-8"?><testsuites name="pytest tests"><testsuite name="pytest" errors="0" failures="0" skipped="0" tests="28" time="6.608" timestamp="2026-03-04T06:12:23.035094+00:00" hostname="agent-env-74ed4dcf-cb84-48dc-8932-8cd50018b6c6"><testcase classname="backend.tests.test_artifact_versioning_bulk_ops.TestArtifactVersioning" name="test_artifact_creation_starts_at_version_1" time="0.509" /><testcase classname="backend.tests.test_artifact_versioning_bulk_ops.TestArtifactVersioning" name="test_artifact_update_increments_version" time="0.054" /><testcase classname="backend.tests.test_artifact_versioning_bulk_ops.TestArtifactVersioning" name="test_artifact_has_version_history" time="0.050" /><testcase classname="backend.tests.test_artifact_versioning_bulk_ops.TestArtifactVersioning" name="test_version_has_change_summary" time="0.054" /><testcase classname="backend.tests.test_artifact_versioning_bulk_ops.TestArtifactVersioning" name="test_artifact_diff_between_versions" time="0.051" /><testcase classname="backend.tests.test_artifact_versioning_bulk_ops.TestArtifactVersioning" name="test_artifact_diff_invalid_versions_returns_404" time="0.050" /><testcase classname="backend.tests.test_artifact_versioning_bulk_ops.TestArtifactVersioning" name="test_artifact_restore_creates_new_version" time="0.093" /><testcase classname="backend.tests.test_artifact_versioning_bulk_ops.TestArtifactVersioning" name="test_restored_version_has_restored_from_field" time="0.048" /><testcase classname="backend.tests.test_artifact_versioning_bulk_ops.TestArtifactVersioning" name="test_restore_nonexistent_version_returns_404" time="0.045" /><testcase classname="backend.tests.test_artifact_versioning_bulk_ops.TestBulkTaskOperations" name="test_bulk_update_status" time="0.572" /><testcase classname="backend.tests.test_artifact_versioning_bulk_ops.TestBulkTaskOperations" name="test_bulk_update_priority" time="0.345" /><testcase classname="backend.tests.test_artifact_versioning_bulk_ops.TestBulkTaskOperations" name="test_bulk_update_assignee" time="0.336" /><testcase classname="backend.tests.test_artifact_versioning_bulk_ops.TestBulkTaskOperations" name="test_bulk_update_invalid_status_returns_400" time="0.335" /><testcase classname="backend.tests.test_artifact_versioning_bulk_ops.TestBulkTaskOperations" name="test_bulk_update_empty_task_ids_returns_400" time="0.056" /><testcase classname="backend.tests.test_artifact_versioning_bulk_ops.TestBulkTaskOperations" name="test_bulk_delete_tasks" time="0.245" /><testcase classname="backend.tests.test_artifact_versioning_bulk_ops.TestBulkTaskOperations" name="test_bulk_delete_empty_task_ids_returns_400" time="0.069" /><testcase classname="backend.tests.test_artifact_versioning_bulk_ops.TestSearchFilter" name="test_search_tasks_by_keyword" time="0.332" /><testcase classname="backend.tests.test_artifact_versioning_bulk_ops.TestSearchFilter" name="test_filter_tasks_by_status" time="0.339" /><testcase classname="backend.tests.test_artifact_versioning_bulk_ops.TestSearchFilter" name="test_filter_tasks_by_priority" time="0.358" /><testcase classname="backend.tests.test_artifact_versioning_bulk_ops.TestSearchFilter" name="test_filter_tasks_by_assignee" time="0.330" /><testcase classname="backend.tests.test_artifact_versioning_bulk_ops.TestSearchFilter" name="test_search_with_multiple_filters" time="0.344" /><testcase classname="backend.tests.test_artifact_versioning_bulk_ops.TestSearchFilter" name="test_search_returns_project_name" time="0.353" /><testcase classname="backend.tests.test_artifact_versioning_bulk_ops.TestSearchFilter" name="test_get_workspace_assignees" time="0.385" /><testcase classname="backend.tests.test_artifact_versioning_bulk_ops.TestSearchFilter" name="test_search_supports_sorting" time="0.352" /><testcase classname="backend.tests.test_artifact_versioning_bulk_ops.TestSearchFilter" name="test_search_supports_pagination" time="0.328" /><testcase classname="backend.tests.test_artifact_versioning_bulk_ops.TestTaskAssignment" name="test_create_task_with_human_assignee" time="0.095" /><testcase classname="backend.tests.test_artifact_versioning_bulk_ops.TestTaskAssignment" name="test_create_task_with_ai_assignee" time="0.095" /><testcase classname="backend.tests.test_artifact_versioning_bulk_ops.TestTaskAssignment" name="test_update_task_assignee" time="0.238" /></testsuite></testsuites>