<?xml version="1.0" encoding="utf-8"?><testsuites name="pytest tests"><testsuite name="pytest" errors="0" failures="0" skipped="0" tests="17" time="4.117" timestamp="2026-03-06T04:25:18.154732+00:00" hostname="agent-env-a9171ce9-e21e-4fe3-af2a-fa5c0d989c7f"><testcase classname="backend.tests.test_auto_collab.TestAutoCollabGet" name="test_get_auto_collab_status" time="0.568" /><testcase classname="backend.tests.test_auto_collab.TestAutoCollabGet" name="test_get_auto_collab_unauthorized" time="0.111" /><testcase classname="backend.tests.test_auto_collab.TestAutoCollabToggle" name="test_enable_auto_collab" time="0.116" /><testcase classname="backend.tests.test_auto_collab.TestAutoCollabToggle" name="test_disable_auto_collab" time="1.259" /><testcase classname="backend.tests.test_auto_collab.TestAutoCollabToggle" name="test_toggle_auto_collab_persists" time="0.577" /><testcase classname="backend.tests.test_auto_collab.TestAutoCollabToggle" name="test_toggle_auto_collab_unauthorized" time="0.099" /><testcase classname="backend.tests.test_auto_collab.TestAIModelsConfig" name="test_ai_agents_endpoint_returns_max_rounds" time="0.122" /><testcase classname="backend.tests.test_auto_collab.TestCodeRepoPromptIntegration" name="test_code_repo_prompt_exists_in_codebase" time="0.000" /><testcase classname="backend.tests.test_auto_collab.TestCodeRepoRegression" name="test_get_repo_meta" time="0.134" /><testcase classname="backend.tests.test_auto_collab.TestCodeRepoRegression" name="test_get_file_tree" time="0.107" /><testcase classname="backend.tests.test_auto_collab.TestCodeRepoRegression" name="test_create_update_delete_file" time="0.386" /><testcase classname="backend.tests.test_auto_collab.TestCodeRepoRegression" name="test_ai_update_file" time="0.234" /><testcase classname="backend.tests.test_auto_collab.TestChannelEndpoints" name="test_get_channel" time="0.110" /><testcase classname="backend.tests.test_auto_collab.TestChannelEndpoints" name="test_get_channel_status" time="0.107" /><testcase classname="backend.tests.test_auto_collab.TestDataTestIds" name="test_auto_collab_toggle_data_testid_documented" time="0.000" /><testcase classname="backend.tests.test_auto_collab.TestDataTestIds" name="test_toggle_code_repo_btn_data_testid_documented" time="0.000" /><testcase classname="backend.tests.test_auto_collab.TestCleanup" name="test_ensure_auto_collab_disabled" time="0.114" /></testsuite></testsuites>