<?xml version="1.0" encoding="utf-8"?><testsuites name="pytest tests"><testsuite name="pytest" errors="0" failures="0" skipped="0" tests="18" time="7.841" timestamp="2026-03-05T14:21:54.740545+00:00" hostname="agent-env-74ed4dcf-cb84-48dc-8932-8cd50018b6c6"><testcase classname="backend.tests.test_cloud_storage.TestCloudStorageProviders" name="test_get_providers_returns_three_providers" time="0.561" /><testcase classname="backend.tests.test_cloud_storage.TestCloudStorageProviders" name="test_providers_have_required_fields" time="0.448" /><testcase classname="backend.tests.test_cloud_storage.TestCloudStorageProviders" name="test_unconfigured_providers_have_setup_instructions" time="0.454" /><testcase classname="backend.tests.test_cloud_storage.TestCloudStorageConnect" name="test_connect_google_drive_returns_501_when_not_configured" time="0.389" /><testcase classname="backend.tests.test_cloud_storage.TestCloudStorageConnect" name="test_connect_onedrive_returns_501_when_not_configured" time="0.444" /><testcase classname="backend.tests.test_cloud_storage.TestCloudStorageConnect" name="test_connect_dropbox_returns_501_when_not_configured" time="0.466" /><testcase classname="backend.tests.test_cloud_storage.TestCloudStorageConnect" name="test_connect_invalid_provider_returns_400" time="0.404" /><testcase classname="backend.tests.test_cloud_storage.TestCloudStorageConnect" name="test_connect_org_scope_requires_org_id" time="0.399" /><testcase classname="backend.tests.test_cloud_storage.TestCloudStorageConnections" name="test_list_user_connections" time="0.427" /><testcase classname="backend.tests.test_cloud_storage.TestCloudStorageConnections" name="test_list_org_connections" time="0.426" /><testcase classname="backend.tests.test_cloud_storage.TestCloudStorageConnections" name="test_connections_exclude_sensitive_tokens" time="0.380" /><testcase classname="backend.tests.test_cloud_storage.TestCloudStorageCallback" name="test_callback_requires_code_and_state" time="0.492" /><testcase classname="backend.tests.test_cloud_storage.TestCloudStorageCallback" name="test_callback_with_invalid_state_returns_404" time="0.420" /><testcase classname="backend.tests.test_cloud_storage.TestCloudStorageRevoke" name="test_revoke_nonexistent_connection" time="0.399" /><testcase classname="backend.tests.test_cloud_storage.TestCloudStorageFileBrowsing" name="test_browse_files_nonexistent_connection" time="0.408" /><testcase classname="backend.tests.test_cloud_storage.TestCloudStorageImport" name="test_import_file_nonexistent_connection" time="0.420" /><testcase classname="backend.tests.test_cloud_storage.TestCloudStorageSync" name="test_sync_nonexistent_connection" time="0.407" /><testcase classname="backend.tests.test_cloud_storage.TestCloudStorageConnectionStatus" name="test_get_connection_status_nonexistent" time="0.410" /></testsuite></testsuites>