<?xml version="1.0" encoding="utf-8"?><testsuites name="pytest tests"><testsuite name="pytest" errors="0" failures="0" skipped="1" tests="30" time="35.813" timestamp="2026-03-06T04:05:51.101223+00:00" hostname="agent-env-a9171ce9-e21e-4fe3-af2a-fa5c0d989c7f"><testcase classname="tests.test_code_repo.TestRepoMeta" name="test_get_repo_creates_if_not_exists" time="0.505" /><testcase classname="tests.test_code_repo.TestRepoMeta" name="test_get_repo_unauthorized" time="0.128" /><testcase classname="tests.test_code_repo.TestFileTree" name="test_get_file_tree" time="0.132" /><testcase classname="tests.test_code_repo.TestFileTree" name="test_get_file_tree_unauthorized" time="0.112" /><testcase classname="tests.test_code_repo.TestFileCRUD" name="test_create_file" time="0.115" /><testcase classname="tests.test_code_repo.TestFileCRUD" name="test_create_file_detects_language" time="0.248" /><testcase classname="tests.test_code_repo.TestFileCRUD" name="test_create_file_duplicate_path" time="0.328" /><testcase classname="tests.test_code_repo.TestFileCRUD" name="test_get_file_content" time="0.347" /><testcase classname="tests.test_code_repo.TestFileCRUD" name="test_get_file_not_found" time="0.109" /><testcase classname="tests.test_code_repo.TestFileCRUD" name="test_update_file" time="0.457" /><testcase classname="tests.test_code_repo.TestFileCRUD" name="test_delete_file" time="0.353" /><testcase classname="tests.test_code_repo.TestFileCRUD" name="test_rename_file" time="0.360" /><testcase classname="tests.test_code_repo.TestFileCRUD" name="test_rename_file_missing_path" time="19.870" /><testcase classname="tests.test_code_repo.TestFolderCRUD" name="test_create_folder" time="6.428" /><testcase classname="tests.test_code_repo.TestFolderCRUD" name="test_create_nested_folder" time="1.257" /><testcase classname="tests.test_code_repo.TestFolderCRUD" name="test_create_duplicate_folder" time="0.384" /><testcase classname="tests.test_code_repo.TestVersionHistory" name="test_get_repo_history" time="0.122" /><testcase classname="tests.test_code_repo.TestVersionHistory" name="test_get_file_history" time="0.440" /><testcase classname="tests.test_code_repo.TestVersionHistory" name="test_get_commit_detail" time="0.470" /><testcase classname="tests.test_code_repo.TestVersionHistory" name="test_get_commit_not_found" time="0.114" /><testcase classname="tests.test_code_repo.TestAIUpdate" name="test_ai_create_file" time="0.267" /><testcase classname="tests.test_code_repo.TestAIUpdate" name="test_ai_update_existing_file" time="0.341" /><testcase classname="tests.test_code_repo.TestAIUpdate" name="test_ai_update_missing_path" time="0.110" /><testcase classname="tests.test_code_repo.TestRepoLinks" name="test_create_channel_link" time="0.103"><skipped type="pytest.skip" message="No channels in workspace to link">/app/backend/tests/test_code_repo.py:561: No channels in workspace to link</skipped></testcase><testcase classname="tests.test_code_repo.TestRepoLinks" name="test_get_links" time="0.115" /><testcase classname="tests.test_code_repo.TestRepoLinks" name="test_create_and_delete_link" time="0.224" /><testcase classname="tests.test_code_repo.TestRepoLinks" name="test_delete_link_not_found" time="0.108" /><testcase classname="tests.test_code_repo.TestRepoLinks" name="test_duplicate_link" time="0.369" /><testcase classname="tests.test_code_repo.TestAuthorization" name="test_all_endpoints_require_auth" time="1.578" /><testcase classname="tests.test_code_repo.TestCleanup" name="test_cleanup_test_files" time="0.222" /></testsuite></testsuites>