<?xml version="1.0" encoding="utf-8"?><testsuites name="pytest tests"><testsuite name="pytest" errors="0" failures="0" skipped="0" tests="26" time="2.607" timestamp="2026-03-05T17:10:53.566324+00:00" hostname="agent-env-74ed4dcf-cb84-48dc-8932-8cd50018b6c6"><testcase classname="backend.tests.test_code_dev_sandbox.TestCodeExecutionSandbox" name="test_execute_python_code" time="0.586" /><testcase classname="backend.tests.test_code_dev_sandbox.TestCodeExecutionSandbox" name="test_execute_javascript_code" time="0.082" /><testcase classname="backend.tests.test_code_dev_sandbox.TestCodeExecutionSandbox" name="test_execute_bash_code" time="0.068" /><testcase classname="backend.tests.test_code_dev_sandbox.TestCodeExecutionSandbox" name="test_execute_code_with_error" time="0.065" /><testcase classname="backend.tests.test_code_dev_sandbox.TestCodeExecutionSandbox" name="test_execute_code_syntax_error" time="0.058" /><testcase classname="backend.tests.test_code_dev_sandbox.TestCodeExecutionSandbox" name="test_execute_unsupported_language" time="0.050" /><testcase classname="backend.tests.test_code_dev_sandbox.TestCodeExecutionSandbox" name="test_execute_code_no_auth" time="0.115" /><testcase classname="backend.tests.test_code_dev_sandbox.TestCodeRuntimes" name="test_list_runtimes" time="0.051" /><testcase classname="backend.tests.test_code_dev_sandbox.TestCodeRuntimes" name="test_list_runtimes_no_auth" time="0.180" /><testcase classname="backend.tests.test_code_dev_sandbox.TestCodeExecutions" name="test_list_executions" time="0.058" /><testcase classname="backend.tests.test_code_dev_sandbox.TestAIToolsWithExecuteCode" name="test_get_ai_tools" time="0.109" /><testcase classname="backend.tests.test_code_dev_sandbox.TestGitHubIntegration" name="test_github_connect_no_keys" time="0.052" /><testcase classname="backend.tests.test_code_dev_sandbox.TestGitHubIntegration" name="test_github_connections_list" time="0.046" /><testcase classname="backend.tests.test_code_dev_sandbox.TestGitHubIntegration" name="test_github_webhook_public" time="0.116" /><testcase classname="backend.tests.test_code_dev_sandbox.TestGitHubTriggers" name="test_create_github_trigger" time="0.060" /><testcase classname="backend.tests.test_code_dev_sandbox.TestDevWorkflowTemplates" name="test_get_dev_templates" time="0.060" /><testcase classname="backend.tests.test_code_dev_sandbox.TestProjectCodeLinking" name="test_link_artifact_to_task" time="0.060" /><testcase classname="backend.tests.test_code_dev_sandbox.TestProjectCodeLinking" name="test_get_linked_artifacts" time="0.055" /><testcase classname="backend.tests.test_code_dev_sandbox.TestProjectCodeLinking" name="test_unlink_artifact_from_task" time="0.125" /><testcase classname="backend.tests.test_code_dev_sandbox.TestProjectCodeLinking" name="test_link_artifact_missing_id" time="0.053" /><testcase classname="backend.tests.test_code_dev_sandbox.TestConsoleHistory" name="test_get_console_history" time="0.050" /><testcase classname="backend.tests.test_code_dev_sandbox.TestConsoleHistory" name="test_get_console_history_with_limit" time="0.060" /><testcase classname="backend.tests.test_code_dev_sandbox.TestVSCodeExtensionAPI" name="test_external_review_submit" time="0.055" /><testcase classname="backend.tests.test_code_dev_sandbox.TestVSCodeExtensionAPI" name="test_external_review_missing_code" time="0.056" /><testcase classname="backend.tests.test_code_dev_sandbox.TestVSCodeExtensionAPI" name="test_external_review_no_auth" time="0.124" /><testcase classname="backend.tests.test_code_dev_sandbox.TestCodeExecutionIntegration" name="test_execute_and_verify_history" time="0.110" /></testsuite></testsuites>