<?xml version="1.0" encoding="utf-8"?><testsuites name="pytest tests"><testsuite name="pytest" errors="0" failures="1" skipped="4" tests="78" time="29.728" timestamp="2026-03-04T17:46:41.951010+00:00" hostname="agent-env-74ed4dcf-cb84-48dc-8932-8cd50018b6c6"><testcase classname="backend.tests.test_full_qa_iteration30.TestAuth" name="test_register_new_user" time="0.826" /><testcase classname="backend.tests.test_full_qa_iteration30.TestAuth" name="test_login_with_credentials" time="0.396" /><testcase classname="backend.tests.test_full_qa_iteration30.TestAuth" name="test_get_current_user" time="0.082" /><testcase classname="backend.tests.test_full_qa_iteration30.TestAuth" name="test_logout" time="0.556" /><testcase classname="backend.tests.test_full_qa_iteration30.TestWorkspaces" name="test_create_workspace" time="0.074" /><testcase classname="backend.tests.test_full_qa_iteration30.TestWorkspaces" name="test_list_workspaces" time="0.064" /><testcase classname="backend.tests.test_full_qa_iteration30.TestWorkspaces" name="test_update_workspace" time="0.080" /><testcase classname="backend.tests.test_full_qa_iteration30.TestWorkspaces" name="test_disable_workspace" time="0.085" /><testcase classname="backend.tests.test_full_qa_iteration30.TestWorkspaces" name="test_delete_workspace" time="0.079" /><testcase classname="backend.tests.test_full_qa_iteration30.TestChannels" name="test_create_channel" time="0.094" /><testcase classname="backend.tests.test_full_qa_iteration30.TestChannels" name="test_list_channels" time="0.066" /><testcase classname="backend.tests.test_full_qa_iteration30.TestMessages" name="test_send_message" time="0.070" /><testcase classname="backend.tests.test_full_qa_iteration30.TestMessages" name="test_list_messages" time="0.078" /><testcase classname="backend.tests.test_full_qa_iteration30.TestMessages" name="test_mentionable_agents" time="0.064" /><testcase classname="backend.tests.test_full_qa_iteration30.TestProjects" name="test_create_project" time="0.087" /><testcase classname="backend.tests.test_full_qa_iteration30.TestProjects" name="test_list_projects" time="0.086" /><testcase classname="backend.tests.test_full_qa_iteration30.TestProjects" name="test_get_project" time="0.068" /><testcase classname="backend.tests.test_full_qa_iteration30.TestTasks" name="test_create_task" time="0.071" /><testcase classname="backend.tests.test_full_qa_iteration30.TestTasks" name="test_update_task" time="0.070" /><testcase classname="backend.tests.test_full_qa_iteration30.TestTasks" name="test_bulk_update_tasks" time="0.060" /><testcase classname="backend.tests.test_full_qa_iteration30.TestTasks" name="test_search_tasks" time="0.069" /><testcase classname="backend.tests.test_full_qa_iteration30.TestTasks" name="test_bulk_delete_tasks" time="0.074" /><testcase classname="backend.tests.test_full_qa_iteration30.TestWorkflows" name="test_create_workflow" time="0.065" /><testcase classname="backend.tests.test_full_qa_iteration30.TestWorkflows" name="test_list_workflows" time="0.069" /><testcase classname="backend.tests.test_full_qa_iteration30.TestMarketplace" name="test_browse_marketplace" time="0.085" /><testcase classname="backend.tests.test_full_qa_iteration30.TestArtifacts" name="test_create_artifact" time="0.099" /><testcase classname="backend.tests.test_full_qa_iteration30.TestArtifacts" name="test_get_artifact" time="0.074" /><testcase classname="backend.tests.test_full_qa_iteration30.TestArtifacts" name="test_update_artifact_creates_version" time="0.061" /><testcase classname="backend.tests.test_full_qa_iteration30.TestArtifacts" name="test_restore_artifact_version" time="0.075" /><testcase classname="backend.tests.test_full_qa_iteration30.TestArtifacts" name="test_get_artifact_diff" time="0.064" /><testcase classname="backend.tests.test_full_qa_iteration30.TestArtifacts" name="test_add_artifact_comment" time="0.069" /><testcase classname="backend.tests.test_full_qa_iteration30.TestArtifacts" name="test_list_artifact_comments" time="0.080" /><testcase classname="backend.tests.test_full_qa_iteration30.TestAITools" name="test_get_ai_tools" time="0.083" /><testcase classname="backend.tests.test_full_qa_iteration30.TestSchedules" name="test_create_schedule" time="0.087" /><testcase classname="backend.tests.test_full_qa_iteration30.TestSchedules" name="test_list_schedules" time="0.096" /><testcase classname="backend.tests.test_full_qa_iteration30.TestSchedules" name="test_update_schedule" time="0.059" /><testcase classname="backend.tests.test_full_qa_iteration30.TestSchedules" name="test_trigger_schedule" time="0.069" /><testcase classname="backend.tests.test_full_qa_iteration30.TestHandoffs" name="test_create_handoff" time="0.087" /><testcase classname="backend.tests.test_full_qa_iteration30.TestHandoffs" name="test_list_handoffs" time="0.068" /><testcase classname="backend.tests.test_full_qa_iteration30.TestMemory" name="test_create_memory" time="0.063" /><testcase classname="backend.tests.test_full_qa_iteration30.TestMemory" name="test_list_memory" time="0.065" /><testcase classname="backend.tests.test_full_qa_iteration30.TestMemory" name="test_semantic_search_memory" time="0.063" /><testcase classname="backend.tests.test_full_qa_iteration30.TestMemory" name="test_upload_knowledge_file" time="0.157"><failure message="AssertionError: Upload failed: 401&#10;assert 401 == 200&#10; +  where 401 = &lt;Response [401]&gt;.status_code">backend/tests/test_full_qa_iteration30.py:654: in test_upload_knowledge_file
    assert resp.status_code == 200, f"Upload failed: {resp.status_code}"
E   AssertionError: Upload failed: 401
E   assert 401 == 200
E    +  where 401 = &lt;Response [401]&gt;.status_code</failure></testcase><testcase classname="backend.tests.test_full_qa_iteration30.TestExport" name="test_export_channel_json" time="0.061" /><testcase classname="backend.tests.test_full_qa_iteration30.TestExport" name="test_export_channel_markdown" time="0.074" /><testcase classname="backend.tests.test_full_qa_iteration30.TestExport" name="test_export_tasks_csv" time="0.065" /><testcase classname="backend.tests.test_full_qa_iteration30.TestExport" name="test_export_messages_csv" time="0.058" /><testcase classname="backend.tests.test_full_qa_iteration30.TestAudit" name="test_get_audit_log" time="0.062" /><testcase classname="backend.tests.test_full_qa_iteration30.TestWebhooks" name="test_create_webhook" time="0.088" /><testcase classname="backend.tests.test_full_qa_iteration30.TestWebhooks" name="test_get_webhook_events" time="0.067" /><testcase classname="backend.tests.test_full_qa_iteration30.TestWebhooks" name="test_create_inbound_webhook" time="0.144" /><testcase classname="backend.tests.test_full_qa_iteration30.TestModelPerformance" name="test_get_model_stats" time="0.080" /><testcase classname="backend.tests.test_full_qa_iteration30.TestModelPerformance" name="test_get_model_recommendations" time="0.080" /><testcase classname="backend.tests.test_full_qa_iteration30.TestModelPerformance" name="test_auto_route_model" time="0.128" /><testcase classname="backend.tests.test_full_qa_iteration30.TestDisagreements" name="test_create_disagreement" time="0.071" /><testcase classname="backend.tests.test_full_qa_iteration30.TestDisagreements" name="test_submit_votes" time="0.129" /><testcase classname="backend.tests.test_full_qa_iteration30.TestDisagreements" name="test_resolve_disagreement" time="0.070" /><testcase classname="backend.tests.test_full_qa_iteration30.TestCheckpoints" name="test_get_checkpoint_types" time="0.063" /><testcase classname="backend.tests.test_full_qa_iteration30.TestIntegrations" name="test_get_integration_status" time="0.087" /><testcase classname="backend.tests.test_full_qa_iteration30.TestImageGeneration" name="test_generate_image" time="21.643" /><testcase classname="backend.tests.test_full_qa_iteration30.TestImageGeneration" name="test_list_generated_images" time="0.063" /><testcase classname="backend.tests.test_full_qa_iteration30.TestImageGeneration" name="test_get_image_metrics" time="0.058" /><testcase classname="backend.tests.test_full_qa_iteration30.TestEnhancements" name="test_usage_analytics" time="0.065" /><testcase classname="backend.tests.test_full_qa_iteration30.TestEnhancements" name="test_channel_summarize" time="0.061" /><testcase classname="backend.tests.test_full_qa_iteration30.TestEnhancements" name="test_get_personas" time="0.057" /><testcase classname="backend.tests.test_full_qa_iteration30.TestEnhancements" name="test_get_workspace_templates" time="0.060" /><testcase classname="backend.tests.test_full_qa_iteration30.TestEnhancements" name="test_deploy_workspace_template" time="0.068" /><testcase classname="backend.tests.test_full_qa_iteration30.TestEnhancements" name="test_branch_conversation" time="0.061" /><testcase classname="backend.tests.test_full_qa_iteration30.TestEnhancements" name="test_activity_feed" time="0.062" /><testcase classname="backend.tests.test_full_qa_iteration30.TestEnhancements" name="test_workspace_timeline" time="0.094" /><testcase classname="backend.tests.test_full_qa_iteration30.TestEnhancements" name="test_send_notification" time="0.062" /><testcase classname="backend.tests.test_full_qa_iteration30.TestOrganizations" name="test_register_organization" time="0.445" /><testcase classname="backend.tests.test_full_qa_iteration30.TestOrganizations" name="test_get_org_projects_rollup" time="0.060"><skipped type="pytest.skip" message="No orgs available for testing">/app/backend/tests/test_full_qa_iteration30.py:1061: No orgs available for testing</skipped></testcase><testcase classname="backend.tests.test_full_qa_iteration30.TestOrganizations" name="test_get_org_tasks_rollup" time="0.062"><skipped type="pytest.skip" message="No orgs available">/app/backend/tests/test_full_qa_iteration30.py:1075: No orgs available</skipped></testcase><testcase classname="backend.tests.test_full_qa_iteration30.TestOrganizations" name="test_get_org_workflows" time="0.061"><skipped type="pytest.skip" message="No orgs available">/app/backend/tests/test_full_qa_iteration30.py:1089: No orgs available</skipped></testcase><testcase classname="backend.tests.test_full_qa_iteration30.TestOrganizations" name="test_get_org_analytics_summary" time="0.066"><skipped type="pytest.skip" message="No orgs available">/app/backend/tests/test_full_qa_iteration30.py:1102: No orgs available</skipped></testcase><testcase classname="backend.tests.test_full_qa_iteration30.TestSettings" name="test_get_ai_keys_status" time="0.069" /><testcase classname="backend.tests.test_full_qa_iteration30.TestSettings" name="test_ai_keys_health" time="0.256" /></testsuite></testsuites>