<?xml version="1.0" encoding="utf-8"?><testsuites name="pytest tests"><testsuite name="pytest" errors="0" failures="0" skipped="0" tests="11" time="1.679" timestamp="2026-03-05T13:51:00.518033+00:00" hostname="agent-env-74ed4dcf-cb84-48dc-8932-8cd50018b6c6"><testcase classname="backend.tests.test_gantt_planner_components.TestWorkspaceGantt" name="test_get_workspace_gantt" time="0.456" /><testcase classname="backend.tests.test_gantt_planner_components.TestWorkspaceGantt" name="test_get_workspace_gantt_with_project_filter" time="0.138" /><testcase classname="backend.tests.test_gantt_planner_components.TestWorkspacePlanner" name="test_get_workspace_planner" time="0.112" /><testcase classname="backend.tests.test_gantt_planner_components.TestWorkspacePlanner" name="test_get_workspace_planner_with_date_range" time="0.065" /><testcase classname="backend.tests.test_gantt_planner_components.TestOrgGantt" name="test_get_org_gantt" time="0.431" /><testcase classname="backend.tests.test_gantt_planner_components.TestOrgPlanner" name="test_get_org_planner" time="0.064" /><testcase classname="backend.tests.test_gantt_planner_components.TestOrgPlanner" name="test_get_org_planner_with_date_range" time="0.069" /><testcase classname="backend.tests.test_gantt_planner_components.TestAdminIntegrations" name="test_get_admin_integrations" time="0.064" /><testcase classname="backend.tests.test_gantt_planner_components.TestOrgIntegrations" name="test_get_org_integrations" time="0.082" /><testcase classname="backend.tests.test_gantt_planner_components.TestOrgEncryption" name="test_get_encryption_status" time="0.069" /><testcase classname="backend.tests.test_gantt_planner_components.TestOrgEncryption" name="test_generate_encryption_key" time="0.071" /></testsuite></testsuites>