<?xml version="1.0" encoding="utf-8"?><testsuites name="pytest tests"><testsuite name="pytest" errors="0" failures="0" skipped="0" tests="28" time="3.722" timestamp="2026-03-05T05:53:45.529568+00:00" hostname="agent-env-74ed4dcf-cb84-48dc-8932-8cd50018b6c6"><testcase classname="backend.tests.test_gantt_planner_reports_support.TestWorkspaceGantt" name="test_workspace_gantt_returns_items" time="0.400" /><testcase classname="backend.tests.test_gantt_planner_reports_support.TestWorkspaceGantt" name="test_workspace_gantt_includes_milestones" time="0.050" /><testcase classname="backend.tests.test_gantt_planner_reports_support.TestOrgGantt" name="test_org_gantt_returns_cross_workspace_items" time="0.369" /><testcase classname="backend.tests.test_gantt_planner_reports_support.TestOrgGantt" name="test_org_gantt_requires_membership" time="0.049" /><testcase classname="backend.tests.test_gantt_planner_reports_support.TestWorkspacePlanner" name="test_workspace_planner_returns_tasks_by_date" time="0.056" /><testcase classname="backend.tests.test_gantt_planner_reports_support.TestWorkspacePlanner" name="test_workspace_planner_with_filters" time="0.047" /><testcase classname="backend.tests.test_gantt_planner_reports_support.TestOrgPlanner" name="test_org_planner_returns_cross_workspace_tasks" time="0.049" /><testcase classname="backend.tests.test_gantt_planner_reports_support.TestOrgPlanner" name="test_org_planner_with_date_filters" time="0.046" /><testcase classname="backend.tests.test_gantt_planner_reports_support.TestWorkspaceReportSummary" name="test_workspace_report_returns_distributions" time="0.049" /><testcase classname="backend.tests.test_gantt_planner_reports_support.TestWorkspaceReportSummary" name="test_workspace_report_assignee_workload_structure" time="0.056" /><testcase classname="backend.tests.test_gantt_planner_reports_support.TestOrgReportSummary" name="test_org_report_returns_workspace_summaries" time="0.049" /><testcase classname="backend.tests.test_gantt_planner_reports_support.TestVelocityReport" name="test_velocity_report_returns_sprint_data" time="0.050" /><testcase classname="backend.tests.test_gantt_planner_reports_support.TestSupportConfig" name="test_support_config_returns_all_options" time="0.048" /><testcase classname="backend.tests.test_gantt_planner_reports_support.TestSLAPolicies" name="test_sla_policies_returns_three_tiers" time="0.048" /><testcase classname="backend.tests.test_gantt_planner_reports_support.TestSupportTicketsCRUD" name="test_create_ticket_with_sla_policy" time="0.047" /><testcase classname="backend.tests.test_gantt_planner_reports_support.TestSupportTicketsCRUD" name="test_list_tickets_with_filters" time="0.189" /><testcase classname="backend.tests.test_gantt_planner_reports_support.TestSupportTicketsCRUD" name="test_get_single_ticket" time="0.047" /><testcase classname="backend.tests.test_gantt_planner_reports_support.TestSupportTicketsCRUD" name="test_update_ticket_status_priority_assignee" time="0.140" /><testcase classname="backend.tests.test_gantt_planner_reports_support.TestSupportTicketsCRUD" name="test_my_tickets_returns_requester_tickets" time="0.055" /><testcase classname="backend.tests.test_gantt_planner_reports_support.TestSupportTicketReplies" name="test_add_reply_tracks_sla_first_response" time="0.101" /><testcase classname="backend.tests.test_gantt_planner_reports_support.TestSupportTicketReplies" name="test_list_replies_customer_and_internal" time="0.049" /><testcase classname="backend.tests.test_gantt_planner_reports_support.TestSupportTicketReplies" name="test_internal_notes_are_agent_only" time="0.237" /><testcase classname="backend.tests.test_gantt_planner_reports_support.TestSupportStatusAutoUpdate" name="test_agent_reply_updates_open_to_in_progress" time="0.146" /><testcase classname="backend.tests.test_gantt_planner_reports_support.TestSupportDashboard" name="test_dashboard_returns_queue_counts" time="0.055" /><testcase classname="backend.tests.test_gantt_planner_reports_support.TestSupportSLAManagement" name="test_set_ticket_sla_policy" time="0.146" /><testcase classname="backend.tests.test_gantt_planner_reports_support.TestSuggestedArticles" name="test_suggested_articles_searches_kb" time="0.063" /><testcase classname="backend.tests.test_gantt_planner_reports_support.TestSuggestedArticles" name="test_suggested_articles_empty_query" time="0.049" /><testcase classname="backend.tests.test_gantt_planner_reports_support.TestCleanup" name="test_cleanup_test_tickets" time="0.969" /></testsuite></testsuites>