<?xml version="1.0" encoding="utf-8"?><testsuites name="pytest tests"><testsuite name="pytest" errors="0" failures="0" skipped="0" tests="6" time="1.513" timestamp="2026-03-03T20:23:55.129410+00:00" hostname="agent-env-646e5646-a75b-431b-9d05-22ddb734b46a"><testcase classname="backend.tests.test_i18n_language.TestLanguagePreferenceAPI" name="test_update_language_to_es" time="0.252" /><testcase classname="backend.tests.test_i18n_language.TestLanguagePreferenceAPI" name="test_update_language_to_en" time="0.137" /><testcase classname="backend.tests.test_i18n_language.TestLanguagePreferenceAPI" name="test_reject_invalid_language" time="0.510" /><testcase classname="backend.tests.test_i18n_language.TestLanguagePreferenceAPI" name="test_language_persists_in_user_data" time="0.279" /><testcase classname="backend.tests.test_i18n_language.TestLanguageEndpointAuth" name="test_unauthenticated_rejected" time="0.120" /><testcase classname="backend.tests.test_i18n_language.TestLanguageEndpointAuth" name="test_invalid_session_rejected" time="0.163" /></testsuite></testsuites>