<?xml version="1.0" encoding="utf-8"?><testsuites name="pytest tests"><testsuite name="pytest" errors="0" failures="0" skipped="1" tests="21" time="4.527" timestamp="2026-03-12T05:38:13.776075+00:00" hostname="agent-env-865ca170-81c4-4abb-93be-9e690affb1d8"><testcase classname="backend.tests.test_iteration95_v33_debug_fixes.TestBackendAuth" name="test_login_success" time="0.392" /><testcase classname="backend.tests.test_iteration95_v33_debug_fixes.TestFix1PromptBuilderIntegration" name="test_agent_preview_has_skills_section" time="0.531" /><testcase classname="backend.tests.test_iteration95_v33_debug_fixes.TestFix2ToolAccessGating" name="test_tool_gating_code_verification" time="0.430" /><testcase classname="backend.tests.test_iteration95_v33_debug_fixes.TestFix2ToolAccessGating" name="test_tools_endpoint_exists" time="0.113" /><testcase classname="backend.tests.test_iteration95_v33_debug_fixes.TestFix3AgentContextBuilder" name="test_agent_skills_endpoint" time="0.541" /><testcase classname="backend.tests.test_iteration95_v33_debug_fixes.TestFix3AgentContextBuilder" name="test_context_builder_has_skills_badges" time="0.000" /><testcase classname="backend.tests.test_iteration95_v33_debug_fixes.TestFix4MarketplaceApiUsage" name="test_marketplace_agents_endpoint" time="0.098" /><testcase classname="backend.tests.test_iteration95_v33_debug_fixes.TestFix4MarketplaceApiUsage" name="test_marketplace_stats_endpoint" time="0.106" /><testcase classname="backend.tests.test_iteration95_v33_debug_fixes.TestFix5SkillsMatrixRadar" name="test_skills_leaderboard_endpoint" time="0.484" /><testcase classname="backend.tests.test_iteration95_v33_debug_fixes.TestFix5SkillsMatrixRadar" name="test_skills_definitions_endpoint" time="0.116" /><testcase classname="backend.tests.test_iteration95_v33_debug_fixes.TestFix6AgentStudio6Steps" name="test_studio_create_agent_with_tools" time="0.105"><skipped type="pytest.skip" message="Auth required for studio endpoint">/app/backend/tests/test_iteration95_v33_debug_fixes.py:258: Auth required for studio endpoint</skipped></testcase><testcase classname="backend.tests.test_iteration95_v33_debug_fixes.TestFix6AgentStudio6Steps" name="test_ai_models_endpoint" time="0.442" /><testcase classname="backend.tests.test_iteration95_v33_debug_fixes.TestFix7EnhancedSkillTracking" name="test_skill_tracking_fields_in_response" time="0.534" /><testcase classname="backend.tests.test_iteration95_v33_debug_fixes.TestFix7EnhancedSkillTracking" name="test_skill_assessment_endpoint" time="0.545" /><testcase classname="backend.tests.test_iteration95_v33_debug_fixes.TestFix8EnvExampleFiles" name="test_backend_env_example_exists" time="0.000" /><testcase classname="backend.tests.test_iteration95_v33_debug_fixes.TestFix8EnvExampleFiles" name="test_frontend_env_example_exists" time="0.000" /><testcase classname="backend.tests.test_iteration95_v33_debug_fixes.TestCodeVerification" name="test_prompt_builder_import_in_collab_core" time="0.000" /><testcase classname="backend.tests.test_iteration95_v33_debug_fixes.TestCodeVerification" name="test_tool_gating_in_routes_ai_tools" time="0.000" /><testcase classname="backend.tests.test_iteration95_v33_debug_fixes.TestCodeVerification" name="test_skills_badges_in_context_builder" time="0.000" /><testcase classname="backend.tests.test_iteration95_v33_debug_fixes.TestCodeVerification" name="test_prompt_builder_sections" time="0.000" /><testcase classname="backend.tests.test_iteration95_v33_debug_fixes.TestCodeVerification" name="test_enhanced_skill_tracking" time="0.000" /></testsuite></testsuites>