<?xml version="1.0" encoding="utf-8"?><testsuites name="pytest tests"><testsuite name="pytest" errors="0" failures="0" skipped="0" tests="12" time="6.676" timestamp="2026-03-12T17:35:22.304851+00:00" hostname="agent-env-e8139f41-8b78-4244-9c8d-1b5226d07cb2"><testcase classname="backend.tests.test_iteration104_route_restructure.TestRouteRestructuring" name="test_health_check_healthy" time="0.178" /><testcase classname="backend.tests.test_iteration104_route_restructure.TestRouteRestructuring" name="test_login_works" time="0.371" /><testcase classname="backend.tests.test_iteration104_route_restructure.TestRouteRestructuring" name="test_workspaces_list" time="0.425" /><testcase classname="backend.tests.test_iteration104_route_restructure.TestAgentTraining" name="test_train_text_creates_chunks" time="0.465" /><testcase classname="backend.tests.test_iteration104_route_restructure.TestAgentTraining" name="test_staleness_endpoint_returns_data" time="4.311" /><testcase classname="backend.tests.test_iteration104_route_restructure.TestAgentTraining" name="test_knowledge_query_returns_results" time="0.423" /><testcase classname="backend.tests.test_iteration104_route_restructure.TestAgentTraining" name="test_knowledge_stats" time="0.412" /><testcase classname="backend.tests.test_iteration104_route_restructure.TestAISummarization" name="test_ai_summarizer_import" time="0.001" /><testcase classname="backend.tests.test_iteration104_route_restructure.TestBM25Embeddings" name="test_bm25_embeddings_import" time="0.000" /><testcase classname="backend.tests.test_iteration104_route_restructure.TestBM25Embeddings" name="test_bm25_tokenize" time="0.000" /><testcase classname="backend.tests.test_iteration104_route_restructure.TestBM25Embeddings" name="test_bm25_vector_computation" time="0.000" /><testcase classname="backend.tests.test_iteration104_route_restructure.TestRoutesDirectoryStructure" name="test_routes_directory_exists" time="0.000" /></testsuite></testsuites>