<?xml version="1.0" encoding="utf-8"?><testsuites name="pytest tests"><testsuite name="pytest" errors="0" failures="0" skipped="0" tests="9" time="12.931" timestamp="2026-03-08T04:53:46.436593+00:00" hostname="agent-env-ff90cc24-289c-47b4-b9bd-200dabdbeb8d"><testcase classname="backend.tests.test_iteration62_persist_delete.TestPersistCollaboration" name="test_get_persist_status_initial" time="0.887" /><testcase classname="backend.tests.test_iteration62_persist_delete.TestPersistCollaboration" name="test_enable_persist_collaboration" time="1.632" /><testcase classname="backend.tests.test_iteration62_persist_delete.TestPersistCollaboration" name="test_get_persist_status_enabled" time="2.052" /><testcase classname="backend.tests.test_iteration62_persist_delete.TestPersistCollaboration" name="test_no_api_key_spam_in_persist" time="5.058" /><testcase classname="backend.tests.test_iteration62_persist_delete.TestPersistCollaboration" name="test_disable_persist_collaboration" time="0.069" /><testcase classname="backend.tests.test_iteration62_persist_delete.TestChannelDeletion" name="test_delete_channel_endpoint" time="0.249" /><testcase classname="backend.tests.test_iteration62_persist_delete.TestChannelDeletion" name="test_delete_channel_cleans_messages" time="0.411" /><testcase classname="backend.tests.test_iteration62_persist_delete.TestHealthCheckerExclusion" name="test_api_key_messages_not_counted_as_errors" time="2.269" /><testcase classname="backend.tests.test_iteration62_persist_delete.TestAutoCollabStatus" name="test_auto_collab_status" time="0.174" /></testsuite></testsuites>