<?xml version="1.0" encoding="utf-8"?><testsuites name="pytest tests"><testsuite name="pytest" errors="0" failures="0" skipped="0" tests="19" time="2.806" timestamp="2026-03-13T02:06:27.227585+00:00" hostname="agent-env-c4a816e9-1271-46c4-aad0-2f3c43c30316"><testcase classname="backend.tests.test_iteration111_new_features.TestWebhookDeadLetterQueue" name="test_get_dead_letters_returns_list" time="0.555" /><testcase classname="backend.tests.test_iteration111_new_features.TestWebhookDeadLetterQueue" name="test_list_webhooks" time="0.072" /><testcase classname="backend.tests.test_iteration111_new_features.TestOrchestrationScheduling" name="test_list_schedules" time="0.074" /><testcase classname="backend.tests.test_iteration111_new_features.TestOrchestrationScheduling" name="test_create_schedule_requires_valid_orchestration" time="0.078" /><testcase classname="backend.tests.test_iteration111_new_features.TestOrchestrationScheduling" name="test_schedule_crud_flow" time="0.163" /><testcase classname="backend.tests.test_iteration111_new_features.TestBenchmarkComparison" name="test_benchmark_compare_returns_data" time="0.076" /><testcase classname="backend.tests.test_iteration111_new_features.TestBenchmarkComparison" name="test_benchmark_compare_with_run_ids" time="0.072" /><testcase classname="backend.tests.test_iteration111_new_features.TestCollaborationTemplates" name="test_list_templates_returns_builtin" time="0.072" /><testcase classname="backend.tests.test_iteration111_new_features.TestCollaborationTemplates" name="test_template_structure" time="0.069" /><testcase classname="backend.tests.test_iteration111_new_features.TestTemplateInstallation" name="test_install_builtin_template" time="0.137" /><testcase classname="backend.tests.test_iteration111_new_features.TestTemplateInstallation" name="test_install_invalid_template_returns_404" time="0.065" /><testcase classname="backend.tests.test_iteration111_new_features.TestReviewAnalytics" name="test_review_analytics_returns_stats" time="0.072" /><testcase classname="backend.tests.test_iteration111_new_features.TestReviewAnalytics" name="test_review_analytics_with_template_filter" time="0.073" /><testcase classname="backend.tests.test_iteration111_new_features.TestSecurityDashboard" name="test_security_dashboard_returns_data" time="0.071" /><testcase classname="backend.tests.test_iteration111_new_features.TestMarketplaceAdvancedSearch" name="test_marketplace_search" time="0.071" /><testcase classname="backend.tests.test_iteration111_new_features.TestMarketplaceAdvancedSearch" name="test_marketplace_sort_options" time="0.210" /><testcase classname="backend.tests.test_iteration111_new_features.TestMarketplaceAdvancedSearch" name="test_marketplace_category_filter" time="0.090" /><testcase classname="backend.tests.test_iteration111_new_features.TestWebhookRetryPolicy" name="test_create_webhook_with_retry_policy" time="0.145" /><testcase classname="backend.tests.test_iteration111_new_features.TestEndpointResponses" name="test_all_new_endpoints_accessible" time="0.485" /></testsuite></testsuites>