<?xml version="1.0" encoding="utf-8"?><testsuites name="pytest tests"><testsuite name="pytest" errors="0" failures="0" skipped="0" tests="16" time="5.989" timestamp="2026-03-12T21:32:44.630367+00:00" hostname="agent-env-4feed3a1-96cc-4b2b-98f3-e227bdfff46e"><testcase classname="backend.tests.test_iteration108_versioning_analytics.TestAgentVersioning" name="test_list_versions" time="0.632" /><testcase classname="backend.tests.test_iteration108_versioning_analytics.TestAgentVersioning" name="test_create_version" time="0.144" /><testcase classname="backend.tests.test_iteration108_versioning_analytics.TestAgentVersioning" name="test_get_version_detail" time="0.252" /><testcase classname="backend.tests.test_iteration108_versioning_analytics.TestAgentVersioning" name="test_rollback_to_version" time="0.238" /><testcase classname="backend.tests.test_iteration108_versioning_analytics.TestAgentVersioning" name="test_delete_version" time="0.397" /><testcase classname="backend.tests.test_iteration108_versioning_analytics.TestTrainingAnalytics" name="test_effectiveness_analytics" time="0.475" /><testcase classname="backend.tests.test_iteration108_versioning_analytics.TestTrainingAnalytics" name="test_gaps_analytics" time="0.145" /><testcase classname="backend.tests.test_iteration108_versioning_analytics.TestTrainingAnalytics" name="test_timeseries_analytics" time="0.121" /><testcase classname="backend.tests.test_iteration108_versioning_analytics.TestTrainingAnalytics" name="test_timeseries_with_different_periods" time="0.372" /><testcase classname="backend.tests.test_iteration108_versioning_analytics.TestAutoRefresh" name="test_get_auto_refresh_settings" time="0.544" /><testcase classname="backend.tests.test_iteration108_versioning_analytics.TestAutoRefresh" name="test_enable_auto_refresh" time="0.233" /><testcase classname="backend.tests.test_iteration108_versioning_analytics.TestAutoRefresh" name="test_disable_auto_refresh" time="0.122" /><testcase classname="backend.tests.test_iteration108_versioning_analytics.TestAutoRefresh" name="test_auto_refresh_interval_bounds" time="0.252" /><testcase classname="backend.tests.test_iteration108_versioning_analytics.TestConversationLearning" name="test_react_to_message_thumbs_up" time="0.978" /><testcase classname="backend.tests.test_iteration108_versioning_analytics.TestConversationLearning" name="test_react_to_message_other_reactions" time="0.462" /><testcase classname="backend.tests.test_iteration108_versioning_analytics.TestExistingVersion" name="test_get_existing_version" time="0.522" /></testsuite></testsuites>