<?xml version="1.0" encoding="utf-8"?><testsuites name="pytest tests"><testsuite name="pytest" errors="0" failures="0" skipped="0" tests="18" time="3.378" timestamp="2026-03-12T00:52:54.510469+00:00" hostname="agent-env-b2a19469-4ddd-4f22-9e2e-7cf45fb67eda"><testcase classname="backend.tests.test_iteration89_backlog_items.TestStatusPageEndpoints" name="test_status_json_returns_all_services" time="0.190" /><testcase classname="backend.tests.test_iteration89_backlog_items.TestStatusPageEndpoints" name="test_status_page_html_returns_dashboard" time="0.151" /><testcase classname="backend.tests.test_iteration89_backlog_items.TestStatusPageEndpoints" name="test_health_startup_includes_redis_check" time="0.139" /><testcase classname="backend.tests.test_iteration89_backlog_items.TestApiDocumentation" name="test_swagger_ui_loads" time="0.130" /><testcase classname="backend.tests.test_iteration89_backlog_items.TestApiDocumentation" name="test_redoc_loads" time="0.105" /><testcase classname="backend.tests.test_iteration89_backlog_items.TestApiDocumentation" name="test_openapi_json_spec" time="0.192" /><testcase classname="backend.tests.test_iteration89_backlog_items.TestApiDocumentation" name="test_api_docs_page_custom_html" time="0.126" /><testcase classname="backend.tests.test_iteration89_backlog_items.TestSSOEndpoints" name="test_sso_providers_list_public" time="0.118" /><testcase classname="backend.tests.test_iteration89_backlog_items.TestSSOEndpoints" name="test_sso_config_create_requires_workspace_id" time="0.405" /><testcase classname="backend.tests.test_iteration89_backlog_items.TestSSOEndpoints" name="test_sso_config_validates_saml_fields" time="0.397" /><testcase classname="backend.tests.test_iteration89_backlog_items.TestSSOEndpoints" name="test_sso_config_validates_oidc_fields" time="0.405" /><testcase classname="backend.tests.test_iteration89_backlog_items.TestSSOEndpoints" name="test_sso_config_supports_provider_type" time="0.452" /><testcase classname="backend.tests.test_iteration89_backlog_items.TestRedisHealthCheck" name="test_status_endpoint_shows_redis_fallback" time="0.122" /><testcase classname="backend.tests.test_iteration89_backlog_items.TestRedisHealthCheck" name="test_startup_probe_includes_redis" time="0.130" /><testcase classname="backend.tests.test_iteration89_backlog_items.TestEmailValidation" name="test_email_regex_pattern_valid_emails" time="0.000" /><testcase classname="backend.tests.test_iteration89_backlog_items.TestEmailValidation" name="test_email_regex_pattern_invalid_emails" time="0.000" /><testcase classname="backend.tests.test_iteration89_backlog_items.TestHealthEndpoints" name="test_health_endpoint" time="0.136" /><testcase classname="backend.tests.test_iteration89_backlog_items.TestHealthEndpoints" name="test_health_live_endpoint" time="0.111" /></testsuite></testsuites>