<?xml version="1.0" encoding="utf-8"?><testsuites name="pytest tests"><testsuite name="pytest" errors="0" failures="0" skipped="0" tests="10" time="2.325" timestamp="2026-03-12T11:59:26.864125+00:00" hostname="agent-env-e46409fb-8739-4020-8fba-315c09041353"><testcase classname="backend.tests.test_iteration100_new_features.TestIteration100NewFeatures" name="test_file_upload_training" time="0.458" /><testcase classname="backend.tests.test_iteration100_new_features.TestIteration100NewFeatures" name="test_auto_refresh_toggle_enable" time="0.066" /><testcase classname="backend.tests.test_iteration100_new_features.TestIteration100NewFeatures" name="test_auto_refresh_toggle_disable" time="0.052" /><testcase classname="backend.tests.test_iteration100_new_features.TestIteration100NewFeatures" name="test_training_quality_dashboard" time="0.053" /><testcase classname="backend.tests.test_iteration100_new_features.TestIteration100NewFeatures" name="test_cost_breakdown" time="0.052" /><testcase classname="backend.tests.test_iteration100_new_features.TestIteration100NewFeatures" name="test_leaderboard_snapshots_get" time="0.061" /><testcase classname="backend.tests.test_iteration100_new_features.TestIteration100NewFeatures" name="test_leaderboard_snapshot_create" time="0.066" /><testcase classname="backend.tests.test_iteration100_new_features.TestIteration100NewFeatures" name="test_multi_agent_playground" time="1.298" /><testcase classname="backend.tests.test_iteration100_new_features.TestIteration100NewFeatures" name="test_knowledge_stats" time="0.054" /><testcase classname="backend.tests.test_iteration100_new_features.TestIteration100NewFeatures" name="test_knowledge_flag_chunk" time="0.107" /></testsuite></testsuites>