<?xml version="1.0" encoding="utf-8"?><testsuites name="pytest tests"><testsuite name="pytest" errors="0" failures="0" skipped="0" tests="12" time="1.648" timestamp="2026-03-12T11:15:16.022212+00:00" hostname="agent-env-e46409fb-8739-4020-8fba-315c09041353"><testcase classname="backend.tests.test_iteration99_training_knowledge.TestIteration99TrainingKnowledge" name="test_suggest_topics_with_skills" time="0.499" /><testcase classname="backend.tests.test_iteration99_training_knowledge.TestIteration99TrainingKnowledge" name="test_suggest_topics_without_skills" time="0.057" /><testcase classname="backend.tests.test_iteration99_training_knowledge.TestIteration99TrainingKnowledge" name="test_knowledge_stats" time="0.054" /><testcase classname="backend.tests.test_iteration99_training_knowledge.TestIteration99TrainingKnowledge" name="test_knowledge_listing" time="0.053" /><testcase classname="backend.tests.test_iteration99_training_knowledge.TestIteration99TrainingKnowledge" name="test_knowledge_filter_by_category" time="0.054" /><testcase classname="backend.tests.test_iteration99_training_knowledge.TestIteration99TrainingKnowledge" name="test_text_training" time="0.058" /><testcase classname="backend.tests.test_iteration99_training_knowledge.TestIteration99TrainingKnowledge" name="test_url_training" time="0.269" /><testcase classname="backend.tests.test_iteration99_training_knowledge.TestIteration99TrainingKnowledge" name="test_knowledge_query" time="0.053" /><testcase classname="backend.tests.test_iteration99_training_knowledge.TestIteration99TrainingKnowledge" name="test_flag_knowledge_chunk" time="0.106" /><testcase classname="backend.tests.test_iteration99_training_knowledge.TestIteration99TrainingKnowledge" name="test_delete_knowledge_chunk" time="0.210" /><testcase classname="backend.tests.test_iteration99_training_knowledge.TestIteration99TrainingKnowledge" name="test_leaderboard_agents" time="0.055" /><testcase classname="backend.tests.test_iteration99_training_knowledge.TestIteration99TrainingKnowledge" name="test_training_sessions" time="0.103" /></testsuite></testsuites>