<?xml version="1.0" encoding="utf-8"?><testsuites name="pytest tests"><testsuite name="pytest" errors="0" failures="0" skipped="0" tests="21" time="2.514" timestamp="2026-03-27T13:28:22.077388+00:00" hostname="agent-env-978bb3e6-3822-4974-b151-c43f9f72020c"><testcase classname="backend.tests.test_iteration119_budget_mfa_health.TestBudgetBypass" name="test_should_bypass_budget_for_super_admin" time="0.575" /><testcase classname="backend.tests.test_iteration119_budget_mfa_health.TestBudgetBypass" name="test_workspace_budgets_disabled_for_test_workspace" time="0.088" /><testcase classname="backend.tests.test_iteration119_budget_mfa_health.TestBudgetBypass" name="test_admin_check_returns_super_admin_status" time="0.063" /><testcase classname="backend.tests.test_iteration119_budget_mfa_health.TestManagedKeysHealth" name="test_managed_keys_health_endpoint" time="0.070" /><testcase classname="backend.tests.test_iteration119_budget_mfa_health.TestManagedKeysHealth" name="test_managed_keys_list_endpoint" time="0.061" /><testcase classname="backend.tests.test_iteration119_budget_mfa_health.TestSystemHealth" name="test_system_health_endpoint" time="0.205" /><testcase classname="backend.tests.test_iteration119_budget_mfa_health.TestSystemHealth" name="test_startup_diagnostics_endpoint" time="0.061" /><testcase classname="backend.tests.test_iteration119_budget_mfa_health.TestMFAFlow" name="test_mfa_status_endpoint" time="0.067" /><testcase classname="backend.tests.test_iteration119_budget_mfa_health.TestMFAFlow" name="test_mfa_setup_init_endpoint" time="0.196" /><testcase classname="backend.tests.test_iteration119_budget_mfa_health.TestPluginsAndIntegrations" name="test_plugins_platforms_endpoint" time="0.079" /><testcase classname="backend.tests.test_iteration119_budget_mfa_health.TestPluginsAndIntegrations" name="test_integrations_status_endpoint" time="0.097" /><testcase classname="backend.tests.test_iteration119_budget_mfa_health.TestAdminStats" name="test_admin_stats_endpoint" time="0.084" /><testcase classname="backend.tests.test_iteration119_budget_mfa_health.TestAdminStats" name="test_admin_users_endpoint" time="0.108" /><testcase classname="backend.tests.test_iteration119_budget_mfa_health.TestManagedKeysBudgets" name="test_platform_budget_settings" time="0.118" /><testcase classname="backend.tests.test_iteration119_budget_mfa_health.TestManagedKeysBudgets" name="test_platform_budget_dashboard" time="0.081" /><testcase classname="backend.tests.test_iteration119_budget_mfa_health.TestManagedKeysBudgets" name="test_platform_budget_alerts" time="0.090" /><testcase classname="backend.tests.test_iteration119_budget_mfa_health.TestWorkspaceNexusAI" name="test_workspace_budget_settings" time="0.076" /><testcase classname="backend.tests.test_iteration119_budget_mfa_health.TestWorkspaceNexusAI" name="test_workspace_budget_dashboard" time="0.071" /><testcase classname="backend.tests.test_iteration119_budget_mfa_health.TestWorkspaceNexusAI" name="test_workspace_budget_alerts" time="0.074" /><testcase classname="backend.tests.test_iteration119_budget_mfa_health.TestUserManagedKeysSettings" name="test_user_managed_keys_settings" time="0.080" /><testcase classname="backend.tests.test_iteration119_budget_mfa_health.TestUserManagedKeysSettings" name="test_user_credit_balance" time="0.063" /></testsuite></testsuites>