<?xml version="1.0" encoding="utf-8"?><testsuites name="pytest tests"><testsuite name="pytest" errors="0" failures="0" skipped="0" tests="20" time="2.349" timestamp="2026-03-10T03:11:00.015392+00:00" hostname="agent-env-49c33fef-bf30-4080-9282-a9d425cb502b"><testcase classname="backend.tests.test_iteration82_key_resolver_bugs.TestHealthEndpoint" name="test_health_returns_healthy" time="0.216" /><testcase classname="backend.tests.test_iteration82_key_resolver_bugs.TestBug1KeyResolution" name="test_save_integration_key_to_platform_settings" time="0.430" /><testcase classname="backend.tests.test_iteration82_key_resolver_bugs.TestBug1KeyResolution" name="test_integrations_status_reflects_saved_key" time="0.153" /><testcase classname="backend.tests.test_iteration82_key_resolver_bugs.TestBug1KeyResolution" name="test_admin_integrations_get_shows_masked_value" time="0.116" /><testcase classname="backend.tests.test_iteration82_key_resolver_bugs.TestBug1KeyFormatValidation" name="test_test_endpoint_exists" time="0.053" /><testcase classname="backend.tests.test_iteration82_key_resolver_bugs.TestBug1KeyFormatValidation" name="test_stripe_key_validation_sk_prefix" time="0.132" /><testcase classname="backend.tests.test_iteration82_key_resolver_bugs.TestBug1KeyFormatValidation" name="test_sendgrid_key_validation_SG_prefix" time="0.119" /><testcase classname="backend.tests.test_iteration82_key_resolver_bugs.TestBug1KeyFormatValidation" name="test_resend_key_validation_re_prefix" time="0.059" /><testcase classname="backend.tests.test_iteration82_key_resolver_bugs.TestBug1KeyFormatValidation" name="test_empty_key_validation" time="0.059" /><testcase classname="backend.tests.test_iteration82_key_resolver_bugs.TestBug1KeyFormatValidation" name="test_key_too_short_validation" time="0.055" /><testcase classname="backend.tests.test_iteration82_key_resolver_bugs.TestBug3DeadStubsReturnAuthUrl" name="test_microsoft_auth_returns_auth_url_when_configured" time="0.114" /><testcase classname="backend.tests.test_iteration82_key_resolver_bugs.TestBug3DeadStubsReturnAuthUrl" name="test_meta_auth_returns_auth_url_when_configured" time="0.107" /><testcase classname="backend.tests.test_iteration82_key_resolver_bugs.TestBug3DeadStubsReturnAuthUrl" name="test_microsoft_status_uses_key_resolver" time="0.052" /><testcase classname="backend.tests.test_iteration82_key_resolver_bugs.TestBug3DeadStubsReturnAuthUrl" name="test_meta_status_uses_key_resolver" time="0.054" /><testcase classname="backend.tests.test_iteration82_key_resolver_bugs.TestBug3DeadStubsReturnAuthUrl" name="test_email_status_uses_key_resolver" time="0.053" /><testcase classname="backend.tests.test_iteration82_key_resolver_bugs.TestKeyResolverCacheClearing" name="test_cache_clear_on_save" time="0.138" /><testcase classname="backend.tests.test_iteration82_key_resolver_bugs.TestGitHubIntegrationUsesKeyResolver" name="test_github_connect_uses_key_resolver" time="0.125" /><testcase classname="backend.tests.test_iteration82_key_resolver_bugs.TestCloudStorageUsesKeyResolver" name="test_cloud_storage_providers_status" time="0.058" /><testcase classname="backend.tests.test_iteration82_key_resolver_bugs.TestPluginPlatformsUseKeyResolver" name="test_plugins_platforms_status" time="0.059" /><testcase classname="backend.tests.test_iteration82_key_resolver_bugs.TestIntegrationStatusOverview" name="test_all_integrations_status" time="0.062" /></testsuite></testsuites>