<?xml version="1.0" encoding="utf-8"?><testsuites name="pytest tests"><testsuite name="pytest" errors="0" failures="0" skipped="0" tests="16" time="1.840" timestamp="2026-03-04T16:35:52.841019+00:00" hostname="agent-env-74ed4dcf-cb84-48dc-8932-8cd50018b6c6"><testcase classname="backend.tests.test_iteration29_enhancements.TestUsageAnalytics" name="test_usage_analytics_returns_expected_fields" time="0.504" /><testcase classname="backend.tests.test_iteration29_enhancements.TestUsageAnalytics" name="test_usage_analytics_with_days_param" time="0.053" /><testcase classname="backend.tests.test_iteration29_enhancements.TestSmartSummarization" name="test_summarize_channel_returns_expected_fields" time="0.052" /><testcase classname="backend.tests.test_iteration29_enhancements.TestArtifactComments" name="test_create_comment_on_artifact" time="0.055" /><testcase classname="backend.tests.test_iteration29_enhancements.TestArtifactComments" name="test_list_comments_on_artifact" time="0.072" /><testcase classname="backend.tests.test_iteration29_enhancements.TestArtifactComments" name="test_delete_comment" time="0.113" /><testcase classname="backend.tests.test_iteration29_enhancements.TestAgentPersonas" name="test_list_personas_returns_builtin" time="0.061" /><testcase classname="backend.tests.test_iteration29_enhancements.TestAgentPersonas" name="test_create_custom_persona" time="0.160" /><testcase classname="backend.tests.test_iteration29_enhancements.TestWorkspaceTemplates" name="test_list_workspace_templates_returns_builtin" time="0.073" /><testcase classname="backend.tests.test_iteration29_enhancements.TestWorkspaceTemplates" name="test_deploy_workspace_template" time="0.132" /><testcase classname="backend.tests.test_iteration29_enhancements.TestConversationBranching" name="test_branch_conversation" time="0.123" /><testcase classname="backend.tests.test_iteration29_enhancements.TestTeamActivityFeed" name="test_activity_feed_returns_events" time="0.061" /><testcase classname="backend.tests.test_iteration29_enhancements.TestTeamActivityFeed" name="test_activity_feed_limit_param" time="0.058" /><testcase classname="backend.tests.test_iteration29_enhancements.TestWorkspaceTimeline" name="test_workspace_timeline_returns_audit_and_workflow" time="0.064" /><testcase classname="backend.tests.test_iteration29_enhancements.TestChannelNotifications" name="test_send_workspace_notification" time="0.054" /><testcase classname="backend.tests.test_iteration29_enhancements.TestChannelNotifications" name="test_notification_requires_message" time="0.108" /></testsuite></testsuites>