<?xml version="1.0" encoding="utf-8"?><testsuites name="pytest tests"><testsuite name="pytest" errors="0" failures="0" skipped="0" tests="17" time="3.067" timestamp="2026-04-01T18:39:11.176920+00:00" hostname="agent-env-ca06a20a-8054-4fdf-9081-008b71bf5423"><testcase classname="tests.test_iteration123_code_quality_fixes.TestHealthCheck" name="test_health_endpoint_returns_200" time="0.213" /><testcase classname="tests.test_iteration123_code_quality_fixes.TestAuthentication" name="test_login_with_super_admin" time="0.343" /><testcase classname="tests.test_iteration123_code_quality_fixes.TestSessionManagement" name="test_list_sessions_returns_list" time="0.417" /><testcase classname="tests.test_iteration123_code_quality_fixes.TestSessionManagement" name="test_delete_session_endpoint_exists" time="0.416" /><testcase classname="tests.test_iteration123_code_quality_fixes.TestSupportDesk" name="test_list_tickets_with_org_id" time="0.420" /><testcase classname="tests.test_iteration123_code_quality_fixes.TestPlatformCapabilities" name="test_platform_capabilities_returns_features" time="0.496" /><testcase classname="tests.test_iteration123_code_quality_fixes.TestWikiPageCreation" name="test_create_wiki_page" time="0.697" /><testcase classname="tests.test_iteration123_code_quality_fixes.TestCodeQualityFixes" name="test_no_import_calls_in_routes" time="0.007" /><testcase classname="tests.test_iteration123_code_quality_fixes.TestCodeQualityFixes" name="test_no_wildcard_imports_in_routes_init" time="0.000" /><testcase classname="tests.test_iteration123_code_quality_fixes.TestCodeQualityFixes" name="test_now_iso_imports_in_route_files" time="0.001" /><testcase classname="tests.test_iteration123_code_quality_fixes.TestCodeQualityFixes" name="test_session_helper_in_auth_email" time="0.000" /><testcase classname="tests.test_iteration123_code_quality_fixes.TestCodeQualityFixes" name="test_wiki_uses_workspace_id_not_ws_id" time="0.000" /><testcase classname="tests.test_iteration123_code_quality_fixes.TestStaticImportFixes" name="test_routes_scim_uses_static_json_import" time="0.001" /><testcase classname="tests.test_iteration123_code_quality_fixes.TestStaticImportFixes" name="test_routes_nexus_browser_uses_static_timedelta" time="0.001" /><testcase classname="tests.test_iteration123_code_quality_fixes.TestStaticImportFixes" name="test_routes_mfa_uses_static_timedelta" time="0.001" /><testcase classname="tests.test_iteration123_code_quality_fixes.TestStaticImportFixes" name="test_routes_agent_training_uses_static_timedelta" time="0.001" /><testcase classname="tests.test_iteration123_code_quality_fixes.TestIdentityComparisonFixes" name="test_routes_ai_keys_identity_comparisons" time="0.000" /></testsuite></testsuites>