<?xml version="1.0" encoding="utf-8"?><testsuites name="pytest tests"><testsuite name="pytest" errors="0" failures="0" skipped="0" tests="13" time="4.629" timestamp="2026-03-11T18:07:15.795884+00:00" hostname="agent-env-7e14ebdf-a4d6-4d7f-97c3-d9b92990a6d4"><testcase classname="backend.tests.test_iteration86_global_search_isolation.TestGlobalSearchWorkspaceIsolation" name="test_user_a_can_search_own_workspace" time="0.868" /><testcase classname="backend.tests.test_iteration86_global_search_isolation.TestGlobalSearchWorkspaceIsolation" name="test_user_b_can_search_own_workspace" time="1.404" /><testcase classname="backend.tests.test_iteration86_global_search_isolation.TestGlobalSearchWorkspaceIsolation" name="test_user_a_cannot_see_user_b_workspace" time="0.066" /><testcase classname="backend.tests.test_iteration86_global_search_isolation.TestGlobalSearchWorkspaceIsolation" name="test_user_b_cannot_see_user_a_workspace" time="0.058" /><testcase classname="backend.tests.test_iteration86_global_search_isolation.TestGlobalSearchAuthentication" name="test_search_requires_auth" time="0.157" /><testcase classname="backend.tests.test_iteration86_global_search_isolation.TestGlobalSearchAuthentication" name="test_empty_query_returns_empty" time="0.435" /><testcase classname="backend.tests.test_iteration86_global_search_isolation.TestHealthAndMigrations" name="test_health_live" time="0.136" /><testcase classname="backend.tests.test_iteration86_global_search_isolation.TestHealthAndMigrations" name="test_health_general" time="0.166" /><testcase classname="backend.tests.test_iteration86_global_search_isolation.TestEnvExampleFiles" name="test_backend_env_example_exists" time="0.001" /><testcase classname="backend.tests.test_iteration86_global_search_isolation.TestEnvExampleFiles" name="test_frontend_env_example_exists" time="0.000" /><testcase classname="backend.tests.test_iteration86_global_search_isolation.TestGlobalSearchTypes" name="test_search_returns_structured_results" time="0.448" /><testcase classname="backend.tests.test_iteration86_global_search_isolation.TestGlobalSearchTypes" name="test_search_with_types_filter" time="0.432" /><testcase classname="backend.tests.test_iteration86_global_search_isolation.TestGlobalSearchTypes" name="test_search_limit_parameter" time="0.392" /></testsuite></testsuites>