<?xml version="1.0" encoding="utf-8"?><testsuites name="pytest tests"><testsuite name="pytest" errors="0" failures="0" skipped="0" tests="17" time="1.624" timestamp="2026-03-12T07:56:47.598129+00:00" hostname="agent-env-865ca170-81c4-4abb-93be-9e690affb1d8"><testcase classname="backend.tests.test_iteration97_rag_training_cost_alerts.TestAgentTrainingRAG" name="test_train_from_text_endpoint" time="0.429" /><testcase classname="backend.tests.test_iteration97_rag_training_cost_alerts.TestAgentTrainingRAG" name="test_train_from_url_endpoint" time="0.313" /><testcase classname="backend.tests.test_iteration97_rag_training_cost_alerts.TestAgentTrainingRAG" name="test_get_agent_knowledge" time="0.051" /><testcase classname="backend.tests.test_iteration97_rag_training_cost_alerts.TestAgentTrainingRAG" name="test_get_training_sessions" time="0.050" /><testcase classname="backend.tests.test_iteration97_rag_training_cost_alerts.TestAgentTrainingRAG" name="test_knowledge_query_tfidf" time="0.051" /><testcase classname="backend.tests.test_iteration97_rag_training_cost_alerts.TestAgentTrainingRAG" name="test_delete_knowledge_chunk" time="0.104" /><testcase classname="backend.tests.test_iteration97_rag_training_cost_alerts.TestCostAlerts" name="test_get_cost_alerts" time="0.048" /><testcase classname="backend.tests.test_iteration97_rag_training_cost_alerts.TestCostAlerts" name="test_acknowledge_alerts" time="0.047" /><testcase classname="backend.tests.test_iteration97_rag_training_cost_alerts.TestCostAlerts" name="test_update_alert_thresholds" time="0.053" /><testcase classname="backend.tests.test_iteration97_rag_training_cost_alerts.TestAgentEvaluation" name="test_agent_skill_assess_endpoint" time="0.056" /><testcase classname="backend.tests.test_iteration97_rag_training_cost_alerts.TestPerformanceTimeSeries" name="test_get_costs_endpoint" time="0.058" /><testcase classname="backend.tests.test_iteration97_rag_training_cost_alerts.TestPerformanceTimeSeries" name="test_get_actual_costs_endpoint" time="0.050" /><testcase classname="backend.tests.test_iteration97_rag_training_cost_alerts.TestSkillsMatrix" name="test_get_skills_endpoint" time="0.056" /><testcase classname="backend.tests.test_iteration97_rag_training_cost_alerts.TestSkillsMatrix" name="test_get_agent_skills_endpoint" time="0.049" /><testcase classname="backend.tests.test_iteration97_rag_training_cost_alerts.TestSkillsMatrix" name="test_get_skills_leaderboard" time="0.054" /><testcase classname="backend.tests.test_iteration97_rag_training_cost_alerts.TestAgentCatalog" name="test_get_workspace_agents" time="0.048" /><testcase classname="backend.tests.test_iteration97_rag_training_cost_alerts.TestAgentConfigContext" name="test_get_ai_models" time="0.052" /></testsuite></testsuites>