<?xml version="1.0" encoding="utf-8"?><testsuites name="pytest tests"><testsuite name="pytest" errors="0" failures="0" skipped="0" tests="20" time="1.947" timestamp="2026-03-04T12:20:13.694666+00:00" hostname="agent-env-74ed4dcf-cb84-48dc-8932-8cd50018b6c6"><testcase classname="backend.tests.test_iteration26_inbound_webhooks_checkpoints.TestInboundWebhooksCRUD" name="test_list_inbound_webhooks" time="0.481" /><testcase classname="backend.tests.test_iteration26_inbound_webhooks_checkpoints.TestInboundWebhooksCRUD" name="test_create_inbound_webhook" time="0.052" /><testcase classname="backend.tests.test_iteration26_inbound_webhooks_checkpoints.TestInboundWebhooksCRUD" name="test_verify_created_hook_in_list" time="0.053" /><testcase classname="backend.tests.test_iteration26_inbound_webhooks_checkpoints.TestInboundWebhooksCRUD" name="test_delete_inbound_webhook" time="0.049" /><testcase classname="backend.tests.test_iteration26_inbound_webhooks_checkpoints.TestInboundWebhooksCRUD" name="test_delete_nonexistent_hook" time="0.048" /><testcase classname="backend.tests.test_iteration26_inbound_webhooks_checkpoints.TestInboundWebhookTrigger" name="test_trigger_inbound_webhook_public_endpoint" time="0.208" /><testcase classname="backend.tests.test_iteration26_inbound_webhooks_checkpoints.TestInboundWebhookTrigger" name="test_trigger_invalid_token_returns_404" time="0.119" /><testcase classname="backend.tests.test_iteration26_inbound_webhooks_checkpoints.TestInboundWebhookTrigger" name="test_trigger_applies_input_mapping" time="0.250" /><testcase classname="backend.tests.test_iteration26_inbound_webhooks_checkpoints.TestEnhancedCheckpointTypes" name="test_get_checkpoint_types_returns_five_types" time="0.053" /><testcase classname="backend.tests.test_iteration26_inbound_webhooks_checkpoints.TestCheckpointCreation" name="test_create_workflow_for_checkpoint" time="0.046" /><testcase classname="backend.tests.test_iteration26_inbound_webhooks_checkpoints.TestCheckpointCreation" name="test_add_checkpoint_with_enhanced_fields" time="0.051" /><testcase classname="backend.tests.test_iteration26_inbound_webhooks_checkpoints.TestCheckpointCreation" name="test_list_checkpoints_shows_enhanced_fields" time="0.049" /><testcase classname="backend.tests.test_iteration26_inbound_webhooks_checkpoints.TestCheckpointCreation" name="test_cleanup_test_workflow" time="0.049" /><testcase classname="backend.tests.test_iteration26_inbound_webhooks_checkpoints.TestKnowledgeBaseInjection" name="test_kb_entries_exist_for_workspace" time="0.053" /><testcase classname="backend.tests.test_iteration26_inbound_webhooks_checkpoints.TestKnowledgeBaseInjection" name="test_create_kb_entry_for_injection" time="0.048" /><testcase classname="backend.tests.test_iteration26_inbound_webhooks_checkpoints.TestKnowledgeBaseInjection" name="test_verify_kb_entry_persisted" time="0.051" /><testcase classname="backend.tests.test_iteration26_inbound_webhooks_checkpoints.TestKnowledgeBaseInjection" name="test_delete_test_kb_entry" time="0.049" /><testcase classname="backend.tests.test_iteration26_inbound_webhooks_checkpoints.TestArtifactCreation" name="test_create_artifact_with_from_chat_tag" time="0.051" /><testcase classname="backend.tests.test_iteration26_inbound_webhooks_checkpoints.TestArtifactCreation" name="test_verify_artifact_persisted" time="0.046" /><testcase classname="backend.tests.test_iteration26_inbound_webhooks_checkpoints.TestArtifactCreation" name="test_cleanup_test_artifact" time="0.055" /></testsuite></testsuites>