<?xml version="1.0" encoding="utf-8"?><testsuites name="pytest tests"><testsuite name="pytest" errors="0" failures="0" skipped="0" tests="16" time="8.705" timestamp="2026-03-08T19:38:06.774473+00:00" hostname="agent-env-ff90cc24-289c-47b4-b9bd-200dabdbeb8d"><testcase classname="backend.tests.test_iteration68_code_review_fixes.TestHealthCheck" name="test_health_endpoint" time="0.143" /><testcase classname="backend.tests.test_iteration68_code_review_fixes.TestPasswordValidation" name="test_register_short_password_rejected" time="0.101" /><testcase classname="backend.tests.test_iteration68_code_review_fixes.TestPasswordValidation" name="test_register_common_password_rejected" time="0.112" /><testcase classname="backend.tests.test_iteration68_code_review_fixes.TestPasswordValidation" name="test_register_common_numeric_password_rejected" time="0.108" /><testcase classname="backend.tests.test_iteration68_code_review_fixes.TestPasswordValidation" name="test_register_strong_password_succeeds_with_email_verified_false" time="0.358" /><testcase classname="backend.tests.test_iteration68_code_review_fixes.TestXSSProtection" name="test_message_xss_content_stripped" time="0.845" /><testcase classname="backend.tests.test_iteration68_code_review_fixes.TestRequestSizeLimit" name="test_large_request_rejected" time="0.331" /><testcase classname="backend.tests.test_iteration68_code_review_fixes.TestExistingLoginWorks" name="test_register_then_login" time="0.682" /><testcase classname="backend.tests.test_iteration68_code_review_fixes.TestFileUpload" name="test_file_upload_endpoint_exists" time="0.770" /><testcase classname="backend.tests.test_iteration68_code_review_fixes.TestBrowserFunctionality" name="test_browser_open_endpoint" time="2.474" /><testcase classname="backend.tests.test_iteration68_code_review_fixes.TestAutoCollabPersistHardStop" name="test_persist_hard_stop" time="0.799" /><testcase classname="backend.tests.test_iteration68_code_review_fixes.TestWorkspaceList" name="test_get_workspaces" time="0.669" /><testcase classname="backend.tests.test_iteration68_code_review_fixes.TestChannelRoles" name="test_channel_roles_endpoint" time="0.791" /><testcase classname="backend.tests.test_iteration68_code_review_fixes.TestStripeCheckout" name="test_billing_checkout_endpoint" time="0.439" /><testcase classname="backend.tests.test_iteration68_code_review_fixes.TestAnthropicVersionHeader" name="test_anthropic_version_in_code" time="0.004" /><testcase classname="backend.tests.test_iteration68_code_review_fixes.TestNh3SanitizationInCode" name="test_nh3_import_in_server" time="0.003" /></testsuite></testsuites>