<?xml version="1.0" encoding="utf-8"?><testsuites name="pytest tests"><testsuite name="pytest" errors="0" failures="0" skipped="0" tests="14" time="1.381" timestamp="2026-03-12T14:00:13.629698+00:00" hostname="agent-env-e8139f41-8b78-4244-9c8d-1b5226d07cb2"><testcase classname="backend.tests.test_iteration101_nav_refactor.TestBackendP0AgentPromptBuilder" name="test_get_workspace_agents" time="0.484" /><testcase classname="backend.tests.test_iteration101_nav_refactor.TestBackendP0AgentPromptBuilder" name="test_agent_skills_endpoint" time="0.122" /><testcase classname="backend.tests.test_iteration101_nav_refactor.TestBackendP0ToolAccessGating" name="test_create_nexus_agent_with_tool_restrictions" time="0.078" /><testcase classname="backend.tests.test_iteration101_nav_refactor.TestBackendP0ToolAccessGating" name="test_get_workspace_agents_for_tool_config" time="0.058" /><testcase classname="backend.tests.test_iteration101_nav_refactor.TestBackendP0AgentContextBuilder" name="test_agent_skills_leaderboard" time="0.059" /><testcase classname="backend.tests.test_iteration101_nav_refactor.TestBackendP0AgentContextBuilder" name="test_workspace_analytics_for_cost_context" time="0.063" /><testcase classname="backend.tests.test_iteration101_nav_refactor.TestBackendP0AgentContextBuilder" name="test_agent_ai_skills_config" time="0.060" /><testcase classname="backend.tests.test_iteration101_nav_refactor.TestP2MarketplacePage" name="test_marketplace_agents_endpoint" time="0.065" /><testcase classname="backend.tests.test_iteration101_nav_refactor.TestP2MarketplacePage" name="test_marketplace_stats_endpoint" time="0.065" /><testcase classname="backend.tests.test_iteration101_nav_refactor.TestP2MarketplacePage" name="test_marketplace_agent_detail" time="0.128" /><testcase classname="backend.tests.test_iteration101_nav_refactor.TestP3EnvExampleFiles" name="test_backend_env_example_exists" time="0.000" /><testcase classname="backend.tests.test_iteration101_nav_refactor.TestP3EnvExampleFiles" name="test_frontend_env_example_exists" time="0.000" /><testcase classname="backend.tests.test_iteration101_nav_refactor.TestWorkspaceAndChannelAPIs" name="test_get_workspace_channels" time="0.060" /><testcase classname="backend.tests.test_iteration101_nav_refactor.TestWorkspaceAndChannelAPIs" name="test_get_workspace_details" time="0.067" /></testsuite></testsuites>