<?xml version="1.0" encoding="utf-8"?><testsuites name="pytest tests"><testsuite name="pytest" errors="0" failures="0" skipped="0" tests="20" time="2.938" timestamp="2026-03-06T12:27:30.413326+00:00" hostname="agent-env-a9171ce9-e21e-4fe3-af2a-fa5c0d989c7f"><testcase classname="backend.tests.test_iteration51_templates_milestones.TestProjectTemplates" name="test_get_templates_returns_200" time="0.465" /><testcase classname="backend.tests.test_iteration51_templates_milestones.TestProjectTemplates" name="test_get_templates_returns_3_templates" time="0.111" /><testcase classname="backend.tests.test_iteration51_templates_milestones.TestProjectTemplates" name="test_templates_have_correct_ids" time="0.105" /><testcase classname="backend.tests.test_iteration51_templates_milestones.TestProjectTemplates" name="test_templates_have_expected_fields" time="0.110" /><testcase classname="backend.tests.test_iteration51_templates_milestones.TestProjectTemplates" name="test_tpl_ai_agent_has_4_milestones_11_tasks" time="0.106" /><testcase classname="backend.tests.test_iteration51_templates_milestones.TestCreateProjectFromTemplate" name="test_create_from_template_returns_200" time="0.106" /><testcase classname="backend.tests.test_iteration51_templates_milestones.TestCreateProjectFromTemplate" name="test_created_project_has_milestones" time="0.116" /><testcase classname="backend.tests.test_iteration51_templates_milestones.TestCreateProjectFromTemplate" name="test_created_project_has_tasks" time="0.102" /><testcase classname="backend.tests.test_iteration51_templates_milestones.TestCreateProjectFromTemplate" name="test_invalid_template_returns_404" time="0.212" /><testcase classname="backend.tests.test_iteration51_templates_milestones.TestMilestonesForExistingProject" name="test_get_milestones_returns_200" time="0.117" /><testcase classname="backend.tests.test_iteration51_templates_milestones.TestMilestonesForExistingProject" name="test_get_milestones_has_progress_fields" time="0.106" /><testcase classname="backend.tests.test_iteration51_templates_milestones.TestMilestonesForExistingProject" name="test_project_has_4_milestones_from_template" time="0.111" /><testcase classname="backend.tests.test_iteration51_templates_milestones.TestMilestonesCRUD" name="test_create_milestone_returns_milestone" time="0.105" /><testcase classname="backend.tests.test_iteration51_templates_milestones.TestMilestonesCRUD" name="test_update_milestone_status" time="0.137" /><testcase classname="backend.tests.test_iteration51_templates_milestones.TestMilestonesCRUD" name="test_delete_milestone" time="0.265" /><testcase classname="backend.tests.test_iteration51_templates_milestones.TestRepoAnalytics" name="test_repo_analytics_returns_200" time="0.117" /><testcase classname="backend.tests.test_iteration51_templates_milestones.TestRepoAnalytics" name="test_repo_analytics_has_expected_fields" time="0.124" /><testcase classname="backend.tests.test_iteration51_templates_milestones.TestMilestoneAlerts" name="test_milestone_alerts_returns_200" time="0.105" /><testcase classname="backend.tests.test_iteration51_templates_milestones.TestMilestoneAlerts" name="test_milestone_alerts_has_alerts_field" time="0.110" /><testcase classname="backend.tests.test_iteration51_templates_milestones.TestMilestoneAlerts" name="test_alerts_have_expected_fields" time="0.115" /></testsuite></testsuites>