<?xml version="1.0" encoding="utf-8"?><testsuites name="pytest tests"><testsuite name="pytest" errors="0" failures="0" skipped="0" tests="30" time="2.348" timestamp="2026-03-11T10:03:13.922431+00:00" hostname="agent-env-49c33fef-bf30-4080-9282-a9d425cb502b"><testcase classname="tests.test_iteration84_full_qa.TestHealth" name="test_health_endpoint" time="0.126" /><testcase classname="tests.test_iteration84_full_qa.TestAuth" name="test_login_success" time="0.273" /><testcase classname="tests.test_iteration84_full_qa.TestAuth" name="test_login_invalid_credentials" time="0.056" /><testcase classname="tests.test_iteration84_full_qa.TestAuth" name="test_auth_me_without_session" time="0.113" /><testcase classname="tests.test_iteration84_full_qa.TestWorkspaces" name="test_get_workspaces_list" time="0.324" /><testcase classname="tests.test_iteration84_full_qa.TestWorkspaces" name="test_get_workspace_by_id" time="0.056" /><testcase classname="tests.test_iteration84_full_qa.TestWorkspaces" name="test_workspace_channels" time="0.048" /><testcase classname="tests.test_iteration84_full_qa.TestWorkspaces" name="test_workspace_coordination_status" time="0.061" /><testcase classname="tests.test_iteration84_full_qa.TestWorkspaces" name="test_workspace_projects" time="0.053" /><testcase classname="tests.test_iteration84_full_qa.TestWorkspaces" name="test_workspace_tasks" time="0.048" /><testcase classname="tests.test_iteration84_full_qa.TestWorkspaces" name="test_workspace_members" time="0.050" /><testcase classname="tests.test_iteration84_full_qa.TestWorkspaces" name="test_workspace_analytics" time="0.051" /><testcase classname="tests.test_iteration84_full_qa.TestDeployments" name="test_deployment_templates" time="0.049" /><testcase classname="tests.test_iteration84_full_qa.TestDeployments" name="test_workspace_deployments" time="0.049" /><testcase classname="tests.test_iteration84_full_qa.TestDeployments" name="test_deployment_limits" time="0.052" /><testcase classname="tests.test_iteration84_full_qa.TestAgentArena" name="test_arena_battles_list" time="0.049" /><testcase classname="tests.test_iteration84_full_qa.TestAgentArena" name="test_arena_leaderboard" time="0.052" /><testcase classname="tests.test_iteration84_full_qa.TestCostDashboard" name="test_costs_7d" time="0.053" /><testcase classname="tests.test_iteration84_full_qa.TestCostDashboard" name="test_costs_30d" time="0.050" /><testcase classname="tests.test_iteration84_full_qa.TestCostDashboard" name="test_budget" time="0.053" /><testcase classname="tests.test_iteration84_full_qa.TestBridgeAndSocial" name="test_bridge_status" time="0.050" /><testcase classname="tests.test_iteration84_full_qa.TestBridgeAndSocial" name="test_bridge_tools" time="0.052" /><testcase classname="tests.test_iteration84_full_qa.TestBridgeAndSocial" name="test_social_platforms" time="0.052" /><testcase classname="tests.test_iteration84_full_qa.TestBridgeAndSocial" name="test_social_connections" time="0.051" /><testcase classname="tests.test_iteration84_full_qa.TestChannelsMessages" name="test_get_channel_messages" time="0.099" /><testcase classname="tests.test_iteration84_full_qa.TestWorkflows" name="test_workspace_workflows" time="0.051" /><testcase classname="tests.test_iteration84_full_qa.TestWorkflows" name="test_templates" time="0.055" /><testcase classname="tests.test_iteration84_full_qa.TestAIModels" name="test_ai_models_list" time="0.059" /><testcase classname="tests.test_iteration84_full_qa.TestNotifications" name="test_notifications_list" time="0.065" /><testcase classname="tests.test_iteration84_full_qa.TestWorkspaceAgents" name="test_workspace_agents" time="0.053" /></testsuite></testsuites>