<?xml version="1.0" encoding="utf-8"?><testsuites name="pytest tests"><testsuite name="pytest" errors="0" failures="0" skipped="0" tests="17" time="73.147" timestamp="2026-03-08T18:25:55.695425+00:00" hostname="agent-env-ff90cc24-289c-47b4-b9bd-200dabdbeb8d"><testcase classname="backend.tests.test_iteration66_backlog_qa.TestBacklogQA" name="test_health_check_returns_healthy_and_instance_id" time="0.648" /><testcase classname="backend.tests.test_iteration66_backlog_qa.TestBacklogQA" name="test_create_message_and_verify_retrieval" time="0.678" /><testcase classname="backend.tests.test_iteration66_backlog_qa.TestBacklogQA" name="test_set_channel_roles_tpm_architect_browser_operator" time="0.583" /><testcase classname="backend.tests.test_iteration66_backlog_qa.TestBacklogQA" name="test_file_upload_has_extracted_text" time="0.622" /><testcase classname="backend.tests.test_iteration66_backlog_qa.TestBacklogQA" name="test_context_ledger_returns_entries" time="0.676" /><testcase classname="backend.tests.test_iteration66_backlog_qa.TestBacklogQA" name="test_workspace_activities_returns_total_count" time="0.598" /><testcase classname="backend.tests.test_iteration66_backlog_qa.TestBacklogQA" name="test_activities_export_csv" time="0.610" /><testcase classname="backend.tests.test_iteration66_backlog_qa.TestBacklogQA" name="test_user_preferences_save_pinned_panels" time="0.541" /><testcase classname="backend.tests.test_iteration66_backlog_qa.TestBacklogQA" name="test_user_preferences_get_pinned_panels" time="0.642" /><testcase classname="backend.tests.test_iteration66_backlog_qa.TestBacklogQA" name="test_browser_open_returns_screenshot" time="2.735" /><testcase classname="backend.tests.test_iteration66_backlog_qa.TestBacklogQA" name="test_browser_close" time="0.883" /><testcase classname="backend.tests.test_iteration66_backlog_qa.TestBacklogQA" name="test_admin_recycle_bin_returns_403_for_non_admin" time="0.544" /><testcase classname="backend.tests.test_iteration66_backlog_qa.TestBacklogQA" name="test_admin_duplicate_overrides_returns_403_for_non_admin" time="0.565" /><testcase classname="backend.tests.test_iteration66_backlog_qa.TestBacklogQA" name="test_create_directive_with_prohibited_patterns" time="0.576" /><testcase classname="backend.tests.test_iteration66_backlog_qa.TestBacklogQA" name="test_websocket_endpoint_exists" time="60.818" /><testcase classname="backend.tests.test_iteration66_backlog_qa.TestFilesStoredInMongoDB" name="test_uploaded_file_can_be_downloaded" time="0.782" /><testcase classname="backend.tests.test_iteration66_backlog_qa.TestWorkspaceRefreshAfterCreation" name="test_workspace_appears_in_list_after_creation" time="0.557" /></testsuite></testsuites>