<?xml version="1.0" encoding="utf-8"?><testsuites name="pytest tests"><testsuite name="pytest" errors="0" failures="0" skipped="0" tests="13" time="3.090" timestamp="2026-03-08T16:57:21.764844+00:00" hostname="agent-env-ff90cc24-289c-47b4-b9bd-200dabdbeb8d"><testcase classname="tests.test_iteration65_context_ledger.TestContextLedgerSystem" name="test_get_context_ledger_empty" time="0.924" /><testcase classname="tests.test_iteration65_context_ledger.TestContextLedgerSystem" name="test_context_ledger_endpoint_requires_auth" time="0.137" /><testcase classname="tests.test_iteration65_context_ledger.TestContextLedgerSystem" name="test_context_ledger_limit_param" time="0.055" /><testcase classname="tests.test_iteration65_context_ledger.TestContextLedgerSystem" name="test_admin_context_ledger_returns_403_for_non_admin" time="0.081" /><testcase classname="tests.test_iteration65_context_ledger.TestContextLedgerSystem" name="test_admin_context_ledger_stats_returns_403_for_non_admin" time="0.060" /><testcase classname="tests.test_iteration65_context_ledger.TestContextLedgerSystem" name="test_admin_context_ledger_with_filters" time="0.053" /><testcase classname="tests.test_iteration65_context_ledger.TestSaveContextTool" name="test_save_context_tool_in_definitions" time="0.676" /><testcase classname="tests.test_iteration65_context_ledger.TestSaveContextTool" name="test_save_context_tool_has_resume_note_param" time="0.052" /><testcase classname="tests.test_iteration65_context_ledger.TestContextLedgerEntryStructure" name="test_context_ledger_entry_fields_via_seed" time="0.797" /><testcase classname="tests.test_iteration65_context_ledger.TestContextAwarenessPromptFunction" name="test_build_context_awareness_prompt_exists" time="0.178" /><testcase classname="tests.test_iteration65_context_ledger.TestContextAwarenessPromptFunction" name="test_build_context_awareness_prompt_output" time="0.000" /><testcase classname="tests.test_iteration65_context_ledger.TestContextLedgerEventTypes" name="test_event_types_are_valid" time="0.000" /><testcase classname="tests.test_iteration65_context_ledger.TestContextLedgerIndexes" name="test_context_ledger_indexes_in_startup" time="0.001" /></testsuite></testsuites>