<?xml version="1.0" encoding="utf-8"?><testsuites name="pytest tests"><testsuite name="pytest" errors="0" failures="0" skipped="0" tests="42" time="11.088" timestamp="2026-03-12T23:23:55.754703+00:00" hostname="agent-env-c4a816e9-1271-46c4-aad0-2f3c43c30316"><testcase classname="tests.test_iteration109_new_features.TestOrchestration" name="test_list_orchestrations_empty" time="0.497" /><testcase classname="tests.test_iteration109_new_features.TestOrchestration" name="test_create_agent_for_orchestration" time="0.063" /><testcase classname="tests.test_iteration109_new_features.TestOrchestration" name="test_create_orchestration" time="0.069" /><testcase classname="tests.test_iteration109_new_features.TestOrchestration" name="test_list_orchestrations" time="0.055" /><testcase classname="tests.test_iteration109_new_features.TestOrchestration" name="test_get_orchestration_detail" time="0.064" /><testcase classname="tests.test_iteration109_new_features.TestOrchestration" name="test_run_orchestration" time="0.073" /><testcase classname="tests.test_iteration109_new_features.TestOrchestration" name="test_list_orchestration_runs" time="0.055" /><testcase classname="tests.test_iteration109_new_features.TestOrchestration" name="test_get_orchestration_run_detail" time="1.061" /><testcase classname="tests.test_iteration109_new_features.TestOrchestration" name="test_delete_orchestration" time="0.128" /><testcase classname="tests.test_iteration109_new_features.TestWebhooks" name="test_list_webhooks_empty" time="0.057" /><testcase classname="tests.test_iteration109_new_features.TestWebhooks" name="test_get_webhook_events" time="0.054" /><testcase classname="tests.test_iteration109_new_features.TestWebhooks" name="test_create_webhook" time="0.065" /><testcase classname="tests.test_iteration109_new_features.TestWebhooks" name="test_list_webhooks_after_create" time="0.063" /><testcase classname="tests.test_iteration109_new_features.TestWebhooks" name="test_toggle_webhook_disable" time="0.057" /><testcase classname="tests.test_iteration109_new_features.TestWebhooks" name="test_toggle_webhook_enable" time="0.062" /><testcase classname="tests.test_iteration109_new_features.TestWebhooks" name="test_test_webhook" time="0.268" /><testcase classname="tests.test_iteration109_new_features.TestWebhooks" name="test_get_webhook_deliveries" time="0.058" /><testcase classname="tests.test_iteration109_new_features.TestWebhooks" name="test_delete_webhook" time="0.056" /><testcase classname="tests.test_iteration109_new_features.TestFineTuning" name="test_list_datasets_empty" time="0.070" /><testcase classname="tests.test_iteration109_new_features.TestFineTuning" name="test_create_dataset" time="0.066" /><testcase classname="tests.test_iteration109_new_features.TestFineTuning" name="test_list_datasets" time="0.058" /><testcase classname="tests.test_iteration109_new_features.TestFineTuning" name="test_export_dataset" time="0.055" /><testcase classname="tests.test_iteration109_new_features.TestFineTuning" name="test_list_finetune_jobs_empty" time="0.062" /><testcase classname="tests.test_iteration109_new_features.TestFineTuning" name="test_create_finetune_job" time="2.415" /><testcase classname="tests.test_iteration109_new_features.TestFineTuning" name="test_get_finetune_job" time="2.056" /><testcase classname="tests.test_iteration109_new_features.TestFineTuning" name="test_delete_dataset" time="0.092" /><testcase classname="tests.test_iteration109_new_features.TestBenchmarks" name="test_list_benchmark_suites_empty" time="0.061" /><testcase classname="tests.test_iteration109_new_features.TestBenchmarks" name="test_create_benchmark_suite" time="0.077" /><testcase classname="tests.test_iteration109_new_features.TestBenchmarks" name="test_list_benchmark_suites" time="0.058" /><testcase classname="tests.test_iteration109_new_features.TestBenchmarks" name="test_run_benchmark" time="0.098" /><testcase classname="tests.test_iteration109_new_features.TestBenchmarks" name="test_list_benchmark_runs" time="0.058" /><testcase classname="tests.test_iteration109_new_features.TestBenchmarks" name="test_get_benchmark_run_detail" time="2.060" /><testcase classname="tests.test_iteration109_new_features.TestBenchmarks" name="test_delete_benchmark_suite" time="0.060" /><testcase classname="tests.test_iteration109_new_features.TestMarketplaceReviews" name="test_get_marketplace_templates" time="0.053" /><testcase classname="tests.test_iteration109_new_features.TestMarketplaceReviews" name="test_list_reviews_empty" time="0.055" /><testcase classname="tests.test_iteration109_new_features.TestMarketplaceReviews" name="test_create_review" time="0.068" /><testcase classname="tests.test_iteration109_new_features.TestMarketplaceReviews" name="test_list_reviews_with_sort" time="0.179" /><testcase classname="tests.test_iteration109_new_features.TestMarketplaceReviews" name="test_mark_review_helpful" time="0.114" /><testcase classname="tests.test_iteration109_new_features.TestMarketplaceReviews" name="test_flag_review" time="0.110" /><testcase classname="tests.test_iteration109_new_features.TestMarketplaceReviews" name="test_update_review" time="0.059" /><testcase classname="tests.test_iteration109_new_features.TestMarketplaceReviews" name="test_delete_review" time="0.082" /><testcase classname="tests.test_iteration109_new_features.TestCleanup" name="test_delete_test_agent" time="0.057" /></testsuite></testsuites>