<?xml version="1.0" encoding="utf-8"?><testsuites name="pytest tests"><testsuite name="pytest" errors="0" failures="0" skipped="0" tests="14" time="1.712" timestamp="2026-03-08T16:07:42.339444+00:00" hostname="agent-env-ff90cc24-289c-47b4-b9bd-200dabdbeb8d"><testcase classname="backend.tests.test_iteration64_tpm_roles_directive.TestChannelRoles" name="test_get_roles_initially_null" time="0.850" /><testcase classname="backend.tests.test_iteration64_tpm_roles_directive.TestChannelRoles" name="test_set_tpm_agent" time="0.066" /><testcase classname="backend.tests.test_iteration64_tpm_roles_directive.TestChannelRoles" name="test_set_architect_agent" time="0.079" /><testcase classname="backend.tests.test_iteration64_tpm_roles_directive.TestChannelRoles" name="test_change_tpm_to_different_agent" time="0.070" /><testcase classname="backend.tests.test_iteration64_tpm_roles_directive.TestChannelRoles" name="test_remove_role_by_setting_null" time="0.057" /><testcase classname="backend.tests.test_iteration64_tpm_roles_directive.TestChannelRoles" name="test_set_both_tpm_and_architect_simultaneously" time="0.063" /><testcase classname="backend.tests.test_iteration64_tpm_roles_directive.TestChannelRoles" name="test_get_roles_after_setting" time="0.057" /><testcase classname="backend.tests.test_iteration64_tpm_roles_directive.TestDirectiveProhibitedPatterns" name="test_create_directive_with_prohibited_patterns" time="0.070" /><testcase classname="backend.tests.test_iteration64_tpm_roles_directive.TestDirectiveProhibitedPatterns" name="test_get_directive_prohibited_patterns_persisted" time="0.059" /><testcase classname="backend.tests.test_iteration64_tpm_roles_directive.TestDirectiveProhibitedPatterns" name="test_update_directive_prohibited_patterns" time="0.054" /><testcase classname="backend.tests.test_iteration64_tpm_roles_directive.TestDirectiveProhibitedPatterns" name="test_verify_updated_prohibited_patterns" time="0.052" /><testcase classname="backend.tests.test_iteration64_tpm_roles_directive.TestChannelRolesInChannelDoc" name="test_channel_has_roles_in_response" time="0.053" /><testcase classname="backend.tests.test_iteration64_tpm_roles_directive.TestNegativeCases" name="test_set_roles_invalid_channel" time="0.056" /><testcase classname="backend.tests.test_iteration64_tpm_roles_directive.TestNegativeCases" name="test_set_roles_no_body" time="0.055" /></testsuite></testsuites>