<?xml version="1.0" encoding="utf-8"?><testsuites name="pytest tests"><testsuite name="pytest" errors="0" failures="0" skipped="0" tests="21" time="27.832" timestamp="2026-03-27T13:59:10.457595+00:00" hostname="agent-env-978bb3e6-3822-4974-b151-c43f9f72020c"><testcase classname="tests.test_iteration121_code_audit_fixes.TestOpenClawEndpoints" name="test_openclaw_health_returns_200" time="0.419" /><testcase classname="tests.test_iteration121_code_audit_fixes.TestOpenClawEndpoints" name="test_openclaw_health_no_nameerror" time="0.162" /><testcase classname="tests.test_iteration121_code_audit_fixes.TestTier23CustomAgentTest" name="test_custom_agent_create_and_test" time="5.432" /><testcase classname="tests.test_iteration121_code_audit_fixes.TestResearchReportRoute" name="test_research_report_no_static_placeholder" time="2.654" /><testcase classname="tests.test_iteration121_code_audit_fixes.TestMediaFeatureFlags" name="test_generate_video_returns_feature_flag_reason" time="0.488" /><testcase classname="tests.test_iteration121_code_audit_fixes.TestMediaFeatureFlags" name="test_image_to_video_returns_feature_flag_reason" time="0.051" /><testcase classname="tests.test_iteration121_code_audit_fixes.TestMediaFeatureFlags" name="test_generate_music_returns_feature_flag_reason" time="0.051" /><testcase classname="tests.test_iteration121_code_audit_fixes.TestMediaFeatureFlags" name="test_generate_sfx_returns_feature_flag_reason" time="0.054" /><testcase classname="tests.test_iteration121_code_audit_fixes.TestPlatformCapabilities" name="test_platform_capabilities_includes_features" time="0.379" /><testcase classname="tests.test_iteration121_code_audit_fixes.TestPlatformCapabilities" name="test_media_config_includes_features" time="0.050" /><testcase classname="tests.test_iteration121_code_audit_fixes.TestMFAInvalidTimestamp" name="test_mfa_verify_without_challenge_returns_400" time="0.097" /><testcase classname="tests.test_iteration121_code_audit_fixes.TestMFAInvalidTimestamp" name="test_mfa_verify_with_invalid_token_returns_400" time="0.050" /><testcase classname="tests.test_iteration121_code_audit_fixes.TestA2APipelineJSONParsing" name="test_a2a_pipeline_trigger_with_empty_body" time="0.642" /><testcase classname="tests.test_iteration121_code_audit_fixes.TestOperatorJSONParsing" name="test_operator_approve_plan_with_empty_body" time="16.302" /><testcase classname="tests.test_iteration121_code_audit_fixes.TestNoSyntaxRegression" name="test_routes_openclaw_no_import_error" time="0.470" /><testcase classname="tests.test_iteration121_code_audit_fixes.TestNoSyntaxRegression" name="test_routes_tier23_no_import_error" time="0.051" /><testcase classname="tests.test_iteration121_code_audit_fixes.TestNoSyntaxRegression" name="test_routes_research_no_import_error" time="0.052" /><testcase classname="tests.test_iteration121_code_audit_fixes.TestNoSyntaxRegression" name="test_routes_media_no_import_error" time="0.054" /><testcase classname="tests.test_iteration121_code_audit_fixes.TestNoSyntaxRegression" name="test_routes_mfa_no_import_error" time="0.056" /><testcase classname="tests.test_iteration121_code_audit_fixes.TestNoSyntaxRegression" name="test_routes_a2a_pipelines_no_import_error" time="0.144" /><testcase classname="tests.test_iteration121_code_audit_fixes.TestNoSyntaxRegression" name="test_routes_operator_no_import_error" time="0.067" /></testsuite></testsuites>