<?xml version="1.0" encoding="utf-8"?><testsuites name="pytest tests"><testsuite name="pytest" errors="0" failures="0" skipped="0" tests="22" time="2.205" timestamp="2026-03-04T15:51:54.382319+00:00" hostname="agent-env-74ed4dcf-cb84-48dc-8932-8cd50018b6c6"><testcase classname="backend.tests.test_iteration28_spec_gaps.TestSemanticSearch" name="test_semantic_search_returns_relevance_scores" time="0.558" /><testcase classname="backend.tests.test_iteration28_spec_gaps.TestSemanticSearch" name="test_semantic_search_empty_query_returns_400" time="0.056" /><testcase classname="backend.tests.test_iteration28_spec_gaps.TestSemanticSearch" name="test_semantic_search_whitespace_query_returns_400" time="0.062" /><testcase classname="backend.tests.test_iteration28_spec_gaps.TestFileUploadKB" name="test_txt_file_upload_creates_chunks" time="0.346" /><testcase classname="backend.tests.test_iteration28_spec_gaps.TestFileUploadKB" name="test_unsupported_file_type_returns_400" time="0.102" /><testcase classname="backend.tests.test_iteration28_spec_gaps.TestFileUploadKB" name="test_md_file_upload_works" time="0.243" /><testcase classname="backend.tests.test_iteration28_spec_gaps.TestCSVExport" name="test_workspace_csv_export" time="0.068" /><testcase classname="backend.tests.test_iteration28_spec_gaps.TestCSVExport" name="test_channel_csv_export" time="0.046" /><testcase classname="backend.tests.test_iteration28_spec_gaps.TestAutoRouting" name="test_auto_route_returns_model_selection" time="0.060" /><testcase classname="backend.tests.test_iteration28_spec_gaps.TestAutoRouting" name="test_auto_route_classifies_code_task" time="0.059" /><testcase classname="backend.tests.test_iteration28_spec_gaps.TestAutoRouting" name="test_auto_route_classifies_research_task" time="0.057" /><testcase classname="backend.tests.test_iteration28_spec_gaps.TestAutoRouting" name="test_auto_route_classifies_writing_task" time="0.049" /><testcase classname="backend.tests.test_iteration28_spec_gaps.TestAutoRouting" name="test_auto_route_classifies_summarization_task" time="0.055" /><testcase classname="backend.tests.test_iteration28_spec_gaps.TestAutoHandoffExtraction" name="test_handoff_extractions_collection_accessible" time="0.060" /><testcase classname="backend.tests.test_iteration28_spec_gaps.TestAutoHandoffExtraction" name="test_messages_can_have_handoff_summary" time="0.056" /><testcase classname="backend.tests.test_iteration28_spec_gaps.TestAutoDisagreementDetection" name="test_disagreements_endpoint_accessible" time="0.049" /><testcase classname="backend.tests.test_iteration28_spec_gaps.TestAutoDisagreementDetection" name="test_create_manual_disagreement" time="0.052" /><testcase classname="backend.tests.test_iteration28_spec_gaps.TestMergeStrategySelector" name="test_workflow_nodes_support_merge_type" time="0.165" /><testcase classname="backend.tests.test_iteration28_spec_gaps.TestMergeStrategySelector" name="test_merge_strategies_documented" time="0.000" /><testcase classname="backend.tests.test_iteration28_spec_gaps.TestCodePathsVerification" name="test_server_has_auto_handoff_extraction" time="0.000" /><testcase classname="backend.tests.test_iteration28_spec_gaps.TestCodePathsVerification" name="test_server_has_auto_disagreement_detection" time="0.000" /><testcase classname="backend.tests.test_iteration28_spec_gaps.TestCodePathsVerification" name="test_workflow_engine_has_merge_strategies" time="0.001" /></testsuite></testsuites>