<?xml version="1.0" encoding="utf-8"?><testsuites name="pytest tests"><testsuite name="pytest" errors="0" failures="0" skipped="0" tests="17" time="2.335" timestamp="2026-03-06T07:21:07.405920+00:00" hostname="agent-env-a9171ce9-e21e-4fe3-af2a-fa5c0d989c7f"><testcase classname="backend.tests.test_iteration50_features.TestMilestones" name="test_list_milestones" time="0.508" /><testcase classname="backend.tests.test_iteration50_features.TestMilestones" name="test_create_milestone" time="0.105" /><testcase classname="backend.tests.test_iteration50_features.TestMilestones" name="test_update_milestone" time="0.133" /><testcase classname="backend.tests.test_iteration50_features.TestMilestones" name="test_delete_milestone" time="0.115" /><testcase classname="backend.tests.test_iteration50_features.TestRelationships" name="test_get_relationships" time="0.102" /><testcase classname="backend.tests.test_iteration50_features.TestRelationships" name="test_create_relationship_blocks" time="0.098" /><testcase classname="backend.tests.test_iteration50_features.TestRelationships" name="test_create_relationship_depends_on" time="0.131" /><testcase classname="backend.tests.test_iteration50_features.TestRelationships" name="test_self_reference_blocked" time="0.107" /><testcase classname="backend.tests.test_iteration50_features.TestRelationships" name="test_duplicate_blocked" time="0.131" /><testcase classname="backend.tests.test_iteration50_features.TestRelationships" name="test_delete_relationship" time="0.202" /><testcase classname="backend.tests.test_iteration50_features.TestTaskDetail" name="test_task_detail_returns_full_data" time="0.106" /><testcase classname="backend.tests.test_iteration50_features.TestTaskDetail" name="test_task_detail_404_nonexistent" time="0.106" /><testcase classname="backend.tests.test_iteration50_features.TestZipDownload" name="test_zip_download_returns_zip" time="0.119" /><testcase classname="backend.tests.test_iteration50_features.TestZipDownload" name="test_zip_download_404_for_empty_repo" time="0.000" /><testcase classname="backend.tests.test_iteration50_features.TestRegression" name="test_kanban_view_data" time="0.103" /><testcase classname="backend.tests.test_iteration50_features.TestRegression" name="test_branch_selector_data" time="0.100" /><testcase classname="backend.tests.test_iteration50_features.TestRegression" name="test_project_tasks_list" time="0.112" /></testsuite></testsuites>