<?xml version="1.0" encoding="utf-8"?><testsuites name="pytest tests"><testsuite name="pytest" errors="0" failures="0" skipped="0" tests="16" time="2.879" timestamp="2026-03-06T06:57:34.833006+00:00" hostname="agent-env-a9171ce9-e21e-4fe3-af2a-fa5c0d989c7f"><testcase classname="backend.tests.test_iteration49_features.TestBranchSupport" name="test_list_branches_returns_branches_array" time="0.832" /><testcase classname="backend.tests.test_iteration49_features.TestBranchSupport" name="test_create_branch" time="0.126" /><testcase classname="backend.tests.test_iteration49_features.TestBranchSupport" name="test_delete_branch" time="0.103" /><testcase classname="backend.tests.test_iteration49_features.TestBranchSupport" name="test_cannot_delete_main_branch" time="0.119" /><testcase classname="backend.tests.test_iteration49_features.TestBranchSupport" name="test_merge_branch" time="0.354" /><testcase classname="backend.tests.test_iteration49_features.TestGitIntegration" name="test_github_push_endpoint_exists" time="0.115" /><testcase classname="backend.tests.test_iteration49_features.TestGitIntegration" name="test_github_pull_endpoint_exists" time="0.101" /><testcase classname="backend.tests.test_iteration49_features.TestGitIntegration" name="test_git_export_returns_files" time="0.105" /><testcase classname="backend.tests.test_iteration49_features.TestGitIntegration" name="test_git_import_accepts_files" time="0.127" /><testcase classname="backend.tests.test_iteration49_features.TestAutoCollabConfig" name="test_update_auto_collab_config" time="0.102" /><testcase classname="backend.tests.test_iteration49_features.TestAutoCollabConfig" name="test_get_auto_collab_returns_config" time="0.104" /><testcase classname="backend.tests.test_iteration49_features.TestQAReviewTool" name="test_ai_tools_returns_14_tools" time="0.109" /><testcase classname="backend.tests.test_iteration49_features.TestQAReviewTool" name="test_repo_approve_review_tool_params" time="0.101" /><testcase classname="backend.tests.test_iteration49_features.TestRegressionChecks" name="test_task_board_grouped_view" time="0.101" /><testcase classname="backend.tests.test_iteration49_features.TestRegressionChecks" name="test_agent_toggle_works" time="0.212" /><testcase classname="backend.tests.test_iteration49_features.TestRegressionChecks" name="test_integration_keys_persist" time="0.103" /></testsuite></testsuites>