<?xml version="1.0" encoding="utf-8"?><testsuites name="pytest tests"><testsuite name="pytest" errors="0" failures="0" skipped="0" tests="22" time="2.990" timestamp="2026-03-06T16:46:55.293258+00:00" hostname="agent-env-a9171ce9-e21e-4fe3-af2a-fa5c0d989c7f"><testcase classname="backend.tests.test_iteration53_features.TestIteration53Features" name="test_ai_tools_returns_17_tools" time="0.493" /><testcase classname="backend.tests.test_iteration53_features.TestIteration53Features" name="test_ai_tools_includes_wiki_tools" time="0.051" /><testcase classname="backend.tests.test_iteration53_features.TestIteration53Features" name="test_ai_tools_structure" time="0.051" /><testcase classname="backend.tests.test_iteration53_features.TestIteration53Features" name="test_wiki_templates_returns_4" time="0.059" /><testcase classname="backend.tests.test_iteration53_features.TestIteration53Features" name="test_wiki_templates_names" time="0.060" /><testcase classname="backend.tests.test_iteration53_features.TestIteration53Features" name="test_wiki_templates_structure" time="0.056" /><testcase classname="backend.tests.test_iteration53_features.TestIteration53Features" name="test_wiki_create_from_template" time="0.110" /><testcase classname="backend.tests.test_iteration53_features.TestIteration53Features" name="test_wiki_create_from_template_all_types" time="0.480" /><testcase classname="backend.tests.test_iteration53_features.TestIteration53Features" name="test_wiki_from_template_not_found" time="0.064" /><testcase classname="backend.tests.test_iteration53_features.TestIteration53Features" name="test_unified_search_returns_results" time="0.056" /><testcase classname="backend.tests.test_iteration53_features.TestIteration53Features" name="test_unified_search_result_structure" time="0.166" /><testcase classname="backend.tests.test_iteration53_features.TestIteration53Features" name="test_unified_search_empty_query" time="0.056" /><testcase classname="backend.tests.test_iteration53_features.TestIteration53Features" name="test_unified_search_multiple_types" time="0.065" /><testcase classname="backend.tests.test_iteration53_features.TestIteration53Features" name="test_unified_search_wiki_content" time="0.177" /><testcase classname="backend.tests.test_iteration53_features.TestIteration53Features" name="test_presence_update" time="0.059" /><testcase classname="backend.tests.test_iteration53_features.TestIteration53Features" name="test_presence_get_active_users" time="0.117" /><testcase classname="backend.tests.test_iteration53_features.TestIteration53Features" name="test_presence_with_file_context" time="0.138" /><testcase classname="backend.tests.test_iteration53_features.TestIteration53Features" name="test_webhook_create" time="0.129" /><testcase classname="backend.tests.test_iteration53_features.TestIteration53Features" name="test_webhook_list" time="0.172" /><testcase classname="backend.tests.test_iteration53_features.TestIteration53Features" name="test_webhook_delete" time="0.120" /><testcase classname="backend.tests.test_iteration53_features.TestIteration53Features" name="test_webhook_create_missing_url" time="0.050" /><testcase classname="backend.tests.test_iteration53_features.TestIteration53Features" name="test_webhook_structure" time="0.167" /></testsuite></testsuites>