<?xml version="1.0" encoding="utf-8"?><testsuites name="pytest tests"><testsuite name="pytest" errors="0" failures="0" skipped="0" tests="24" time="4.766" timestamp="2026-03-13T02:21:12.650330+00:00" hostname="agent-env-c4a816e9-1271-46c4-aad0-2f3c43c30316"><testcase classname="backend.tests.test_iteration112_security_build2.TestTenantIsolationOrchestrations" name="test_orchestrations_fake_workspace_returns_403" time="0.711" /><testcase classname="backend.tests.test_iteration112_security_build2.TestTenantIsolationOrchestrations" name="test_orchestrations_valid_workspace_returns_200" time="0.116" /><testcase classname="backend.tests.test_iteration112_security_build2.TestTenantIsolationFinetune" name="test_finetune_datasets_fake_workspace_returns_403" time="0.114" /><testcase classname="backend.tests.test_iteration112_security_build2.TestTenantIsolationFinetune" name="test_finetune_datasets_valid_workspace_returns_200" time="0.123" /><testcase classname="backend.tests.test_iteration112_security_build2.TestTenantIsolationBenchmarks" name="test_benchmarks_suites_fake_workspace_returns_403" time="0.120" /><testcase classname="backend.tests.test_iteration112_security_build2.TestTenantIsolationBenchmarks" name="test_benchmarks_suites_valid_workspace_returns_200" time="0.113" /><testcase classname="backend.tests.test_iteration112_security_build2.TestTenantIsolationCodeRepo" name="test_code_repo_fake_workspace_returns_403" time="0.136" /><testcase classname="backend.tests.test_iteration112_security_build2.TestTenantIsolationCodeRepo" name="test_code_repo_valid_workspace_returns_200" time="0.143" /><testcase classname="backend.tests.test_iteration112_security_build2.TestOrchestrationWorkspaceFilter" name="test_orchestration_fake_id_valid_workspace_returns_404" time="0.117" /><testcase classname="backend.tests.test_iteration112_security_build2.TestOrchestrationWorkspaceFilter" name="test_orchestration_list_valid_workspace" time="0.109" /><testcase classname="backend.tests.test_iteration112_security_build2.TestReDoSProtection" name="test_marketplace_search_redos_pattern_no_hang" time="0.453" /><testcase classname="backend.tests.test_iteration112_security_build2.TestReDoSProtection" name="test_search_escapes_special_chars" time="0.638" /><testcase classname="backend.tests.test_iteration112_security_build2.TestReviewFlagThreshold" name="test_flag_increments_count_but_not_flagged" time="0.249" /><testcase classname="backend.tests.test_iteration112_security_build2.TestReviewFlagThreshold" name="test_cannot_flag_own_review" time="0.000" /><testcase classname="backend.tests.test_iteration112_security_build2.TestHelpfulVoteDedup" name="test_helpful_vote_dedup_structure" time="0.000" /><testcase classname="backend.tests.test_iteration112_security_build2.TestHelpfulVoteDedup" name="test_helpful_endpoint_returns_400_on_duplicate" time="0.278" /><testcase classname="backend.tests.test_iteration112_security_build2.TestMediaApiKeyAsync" name="test_media_config_endpoint" time="0.121" /><testcase classname="backend.tests.test_iteration112_security_build2.TestMediaApiKeyAsync" name="test_generate_video_requires_auth" time="0.371" /><testcase classname="backend.tests.test_iteration112_security_build2.TestDeploymentAccessChecks" name="test_deployment_get_requires_access" time="0.116" /><testcase classname="backend.tests.test_iteration112_security_build2.TestDeploymentAccessChecks" name="test_deployment_list_valid_workspace" time="0.142" /><testcase classname="backend.tests.test_iteration112_security_build2.TestDirectiveAccessChecks" name="test_directive_get_requires_access" time="0.118" /><testcase classname="backend.tests.test_iteration112_security_build2.TestDirectiveAccessChecks" name="test_directive_list_valid_workspace" time="0.155" /><testcase classname="backend.tests.test_iteration112_security_build2.TestGeneralSecurity" name="test_unauthenticated_request_returns_401" time="0.113" /><testcase classname="backend.tests.test_iteration112_security_build2.TestGeneralSecurity" name="test_health_check" time="0.123" /></testsuite></testsuites>