<?xml version="1.0" encoding="utf-8"?><testsuites name="pytest tests"><testsuite name="pytest" errors="0" failures="0" skipped="0" tests="11" time="1.907" timestamp="2026-03-08T01:48:03.924527+00:00" hostname="agent-env-ff90cc24-289c-47b4-b9bd-200dabdbeb8d"><testcase classname="backend.tests.test_iteration61_message_lifecycle.TestMessageLifecycle" name="test_01_health_check" time="0.221" /><testcase classname="backend.tests.test_iteration61_message_lifecycle.TestMessageLifecycle" name="test_02_register_user" time="0.560" /><testcase classname="backend.tests.test_iteration61_message_lifecycle.TestMessageLifecycle" name="test_03_create_workspace" time="0.061" /><testcase classname="backend.tests.test_iteration61_message_lifecycle.TestMessageLifecycle" name="test_04_create_channel" time="0.052" /><testcase classname="backend.tests.test_iteration61_message_lifecycle.TestMessageLifecycle" name="test_05_send_message_and_retrieve" time="0.106" /><testcase classname="backend.tests.test_iteration61_message_lifecycle.TestMessageLifecycle" name="test_06_message_search" time="0.101" /><testcase classname="backend.tests.test_iteration61_message_lifecycle.TestMessageLifecycle" name="test_07_message_polling_after_timestamp" time="0.164" /><testcase classname="backend.tests.test_iteration61_message_lifecycle.TestMessageLifecycle" name="test_08_verify_message_structure" time="0.054" /><testcase classname="backend.tests.test_iteration61_message_lifecycle.TestMessageLifecycle" name="test_09_multiple_messages_retrieval" time="0.355" /><testcase classname="backend.tests.test_iteration61_message_lifecycle.TestMessageLifecycle" name="test_10_cleanup_verification" time="0.000" /><testcase classname="backend.tests.test_iteration61_message_lifecycle.TestDirectCurlEndpoints" name="test_health_endpoint" time="0.112" /></testsuite></testsuites>