<?xml version="1.0" encoding="utf-8"?><testsuites name="pytest tests"><testsuite name="pytest" errors="0" failures="0" skipped="0" tests="13" time="1.922" timestamp="2026-03-11T22:29:01.541402+00:00" hostname="agent-env-7e14ebdf-a4d6-4d7f-97c3-d9b92990a6d4"><testcase classname="backend.tests.test_iteration88_security_qa.TestEnvExampleFiles" name="test_backend_env_example_exists" time="0.001" /><testcase classname="backend.tests.test_iteration88_security_qa.TestEnvExampleFiles" name="test_frontend_env_example_exists" time="0.000" /><testcase classname="backend.tests.test_iteration88_security_qa.TestDBMigrations" name="test_migration_v4_applied" time="0.007" /><testcase classname="backend.tests.test_iteration88_security_qa.TestDBMigrations" name="test_mfa_challenges_has_ttl_index" time="0.001" /><testcase classname="backend.tests.test_iteration88_security_qa.TestSCIMTokenHashing" name="test_create_scim_token_returns_plain_token" time="0.545" /><testcase classname="backend.tests.test_iteration88_security_qa.TestSCIMTokenHashing" name="test_db_stores_token_hash_not_plain_token" time="0.002" /><testcase classname="backend.tests.test_iteration88_security_qa.TestSCIMTokenHashing" name="test_scim_endpoint_works_with_new_hashed_token" time="0.144" /><testcase classname="backend.tests.test_iteration88_security_qa.TestSCIMTokenHashing" name="test_cleanup_scim_token" time="0.092" /><testcase classname="backend.tests.test_iteration88_security_qa.TestMFAChallengeExpiry" name="test_mfa_verify_endpoint_exists" time="0.164" /><testcase classname="backend.tests.test_iteration88_security_qa.TestMFAChallengeExpiry" name="test_expired_challenge_rejected" time="0.166" /><testcase classname="backend.tests.test_iteration88_security_qa.TestMFABackupCodeSalting" name="test_mfa_setup_generates_hashed_backup_codes" time="0.170" /><testcase classname="backend.tests.test_iteration88_security_qa.TestHealthEndpoints" name="test_health_live" time="0.163" /><testcase classname="backend.tests.test_iteration88_security_qa.TestHealthEndpoints" name="test_platform_status" time="0.320" /></testsuite></testsuites>