<?xml version="1.0" encoding="utf-8"?><testsuites name="pytest tests"><testsuite name="pytest" errors="0" failures="0" skipped="0" tests="18" time="2.081" timestamp="2026-03-06T21:11:30.079906+00:00" hostname="agent-env-a9171ce9-e21e-4fe3-af2a-fa5c0d989c7f"><testcase classname="backend.tests.test_iteration55_legal.TestLegalDocumentRoutes" name="test_get_tos_version" time="0.273" /><testcase classname="backend.tests.test_iteration55_legal.TestLegalDocumentRoutes" name="test_get_tos_status" time="0.395" /><testcase classname="backend.tests.test_iteration55_legal.TestLegalDocumentRoutes" name="test_accept_tos" time="0.062" /><testcase classname="backend.tests.test_iteration55_legal.TestCookieConsent" name="test_save_cookie_consent_essential" time="0.075" /><testcase classname="backend.tests.test_iteration55_legal.TestCookieConsent" name="test_save_cookie_consent_all" time="0.063" /><testcase classname="backend.tests.test_iteration55_legal.TestGDPRDataExport" name="test_export_data_returns_zip" time="0.074" /><testcase classname="backend.tests.test_iteration55_legal.TestGDPRAccountDeletion" name="test_delete_account_requires_confirmation" time="0.173" /><testcase classname="backend.tests.test_iteration55_legal.TestContentFlagging" name="test_flag_content" time="0.066" /><testcase classname="backend.tests.test_iteration55_legal.TestContentFlagging" name="test_flag_content_missing_fields" time="0.054" /><testcase classname="backend.tests.test_iteration55_legal.TestContentFlagging" name="test_get_content_flags" time="0.057" /><testcase classname="backend.tests.test_iteration55_legal.TestAuthMeWithToS" name="test_auth_me_returns_tos_fields" time="0.054" /><testcase classname="backend.tests.test_iteration55_legal.TestRegistrationToS" name="test_registration_endpoint_exists" time="0.053" /><testcase classname="backend.tests.test_iteration55_legal.TestAIMessageMetadata" name="test_messages_endpoint_returns_ai_metadata" time="0.174" /><testcase classname="backend.tests.test_iteration55_legal.TestLegalPagesAccessible" name="test_terms_page_accessible" time="0.058" /><testcase classname="backend.tests.test_iteration55_legal.TestLegalPagesAccessible" name="test_privacy_page_accessible" time="0.053" /><testcase classname="backend.tests.test_iteration55_legal.TestLegalPagesAccessible" name="test_aup_page_accessible" time="0.048" /><testcase classname="backend.tests.test_iteration55_legal.TestRegressionChat" name="test_channels_list" time="0.105" /><testcase classname="backend.tests.test_iteration55_legal.TestRegressionChat" name="test_messages_list" time="0.165" /></testsuite></testsuites>