<?xml version="1.0" encoding="utf-8"?><testsuites name="pytest tests"><testsuite name="pytest" errors="0" failures="0" skipped="0" tests="9" time="1.787" timestamp="2026-03-08T05:40:22.587357+00:00" hostname="agent-env-ff90cc24-289c-47b4-b9bd-200dabdbeb8d"><testcase classname="backend.tests.test_iteration63_document_directive.TestDocumentUploadExtraction" name="test_upload_txt_file_extracts_text" time="0.787" /><testcase classname="backend.tests.test_iteration63_document_directive.TestDocumentUploadExtraction" name="test_upload_csv_file_extracts_text" time="0.048" /><testcase classname="backend.tests.test_iteration63_document_directive.TestDocumentUploadExtraction" name="test_upload_image_no_text_extraction" time="0.049" /><testcase classname="backend.tests.test_iteration63_document_directive.TestMessageDocumentContent" name="test_get_messages_with_document_markers" time="0.101" /><testcase classname="backend.tests.test_iteration63_document_directive.TestMessageDocumentContent" name="test_file_attachment_metadata" time="0.117" /><testcase classname="backend.tests.test_iteration63_document_directive.TestDirectiveEditing" name="test_create_directive" time="0.121" /><testcase classname="backend.tests.test_iteration63_document_directive.TestDirectiveEditing" name="test_edit_active_directive" time="0.155" /><testcase classname="backend.tests.test_iteration63_document_directive.TestDirectiveEditing" name="test_edit_directive_no_active_returns_404" time="0.180" /><testcase classname="backend.tests.test_iteration63_document_directive.TestDirectiveEditing" name="test_get_channel_directive" time="0.150" /></testsuite></testsuites>