<?xml version="1.0" encoding="utf-8"?><testsuites name="pytest tests"><testsuite name="pytest" errors="0" failures="0" skipped="0" tests="18" time="4.873" timestamp="2026-03-11T05:42:31.804541+00:00" hostname="agent-env-49c33fef-bf30-4080-9282-a9d425cb502b"><testcase classname="backend.tests.test_iteration83_full_qa.TestHealthAndPublicAPIs" name="test_health_endpoint_returns_healthy" time="0.136" /><testcase classname="backend.tests.test_iteration83_full_qa.TestAuthentication" name="test_login_with_valid_credentials" time="0.336" /><testcase classname="backend.tests.test_iteration83_full_qa.TestAuthentication" name="test_login_with_invalid_credentials" time="0.340" /><testcase classname="backend.tests.test_iteration83_full_qa.TestWorkspaces" name="test_get_workspaces_list" time="0.396" /><testcase classname="backend.tests.test_iteration83_full_qa.TestWorkspaces" name="test_get_workspace_by_id" time="0.086" /><testcase classname="backend.tests.test_iteration83_full_qa.TestWorkspaces" name="test_get_workspace_channels" time="0.055" /><testcase classname="backend.tests.test_iteration83_full_qa.TestCoordinationAPIs" name="test_coordination_status_api" time="0.402" /><testcase classname="backend.tests.test_iteration83_full_qa.TestDeploymentAPIs" name="test_deployment_templates_list" time="0.406" /><testcase classname="backend.tests.test_iteration83_full_qa.TestDeploymentAPIs" name="test_workspace_deployments_list" time="0.063" /><testcase classname="backend.tests.test_iteration83_full_qa.TestBridgeAPIs" name="test_bridge_status" time="0.376" /><testcase classname="backend.tests.test_iteration83_full_qa.TestBridgeAPIs" name="test_bridge_tools_list" time="0.064" /><testcase classname="backend.tests.test_iteration83_full_qa.TestSocialAPIs" name="test_social_platforms_list" time="0.391" /><testcase classname="backend.tests.test_iteration83_full_qa.TestSocialAPIs" name="test_social_connections_status" time="0.064" /><testcase classname="backend.tests.test_iteration83_full_qa.TestChatChannels" name="test_channel_messages_load" time="0.455" /><testcase classname="backend.tests.test_iteration83_full_qa.TestProjectsAndTasks" name="test_workspace_projects_list" time="0.388" /><testcase classname="backend.tests.test_iteration83_full_qa.TestProjectsAndTasks" name="test_workspace_tasks_list" time="0.054" /><testcase classname="backend.tests.test_iteration83_full_qa.TestAnalyticsAPIs" name="test_workspace_analytics" time="0.386" /><testcase classname="backend.tests.test_iteration83_full_qa.TestMembersAPI" name="test_workspace_members_list" time="0.392" /></testsuite></testsuites>