<?xml version="1.0" encoding="utf-8"?><testsuites name="pytest tests"><testsuite name="pytest" errors="0" failures="0" skipped="0" tests="18" time="3.576" timestamp="2026-03-12T21:11:43.811571+00:00" hostname="agent-env-4feed3a1-96cc-4b2b-98f3-e227bdfff46e"><testcase classname="backend.tests.test_iteration107_training_module.TestTrainingSessionsAPI" name="test_get_training_sessions_list" time="0.511" /><testcase classname="backend.tests.test_iteration107_training_module.TestTrainingSessionsAPI" name="test_get_training_sessions_requires_auth" time="0.160" /><testcase classname="backend.tests.test_iteration107_training_module.TestTrainingSessionDetail" name="test_get_session_detail" time="0.276" /><testcase classname="backend.tests.test_iteration107_training_module.TestTrainingSessionDetail" name="test_get_session_detail_404" time="0.119" /><testcase classname="backend.tests.test_iteration107_training_module.TestTrainingProgress" name="test_get_training_progress" time="0.261" /><testcase classname="backend.tests.test_iteration107_training_module.TestKnowledgeEditAPI" name="test_edit_knowledge_chunk" time="0.395" /><testcase classname="backend.tests.test_iteration107_training_module.TestKnowledgeEditAPI" name="test_edit_chunk_404" time="0.127" /><testcase classname="backend.tests.test_iteration107_training_module.TestKnowledgeFlagAPI" name="test_flag_knowledge_chunk" time="0.250" /><testcase classname="backend.tests.test_iteration107_training_module.TestSuggestTopicsAPI" name="test_suggest_topics" time="0.125" /><testcase classname="backend.tests.test_iteration107_training_module.TestSuggestTopicsAPI" name="test_suggest_topics_with_skills" time="0.118" /><testcase classname="backend.tests.test_iteration107_training_module.TestKnowledgeExportImport" name="test_export_knowledge" time="0.124" /><testcase classname="backend.tests.test_iteration107_training_module.TestAgentsListAPI" name="test_get_agents_list" time="0.121" /><testcase classname="backend.tests.test_iteration107_training_module.TestKnowledgeAPI" name="test_get_knowledge_list" time="0.114" /><testcase classname="backend.tests.test_iteration107_training_module.TestKnowledgeAPI" name="test_get_knowledge_with_topic_filter" time="0.234" /><testcase classname="backend.tests.test_iteration107_training_module.TestKnowledgeStats" name="test_get_knowledge_stats" time="0.138" /><testcase classname="backend.tests.test_iteration107_training_module.TestStalenessAPI" name="test_get_staleness" time="0.137" /><testcase classname="backend.tests.test_iteration107_training_module.TestDeleteKnowledgeChunk" name="test_delete_chunk_requires_auth" time="0.120" /><testcase classname="backend.tests.test_iteration107_training_module.TestDeleteKnowledgeChunk" name="test_delete_nonexistent_chunk_404" time="0.158" /></testsuite></testsuites>