<?xml version="1.0" encoding="utf-8"?><testsuites name="pytest tests"><testsuite name="pytest" errors="0" failures="0" skipped="0" tests="14" time="3.817" timestamp="2026-03-27T12:47:43.957942+00:00" hostname="agent-env-978bb3e6-3822-4974-b151-c43f9f72020c"><testcase classname="tests.test_iteration118_p0_backlog.TestWorkspaceToolsEndpoint" name="test_workspace_tools_returns_200" time="0.516" /><testcase classname="tests.test_iteration118_p0_backlog.TestWorkspaceToolsEndpoint" name="test_workspace_tools_without_auth" time="0.054" /><testcase classname="tests.test_iteration118_p0_backlog.TestAdminStartupDiagnostics" name="test_startup_diagnostics_returns_200" time="0.413" /><testcase classname="tests.test_iteration118_p0_backlog.TestAdminStartupDiagnostics" name="test_startup_diagnostics_without_auth" time="0.056" /><testcase classname="tests.test_iteration118_p0_backlog.TestNexusAIBudgetAlerts" name="test_workspace_nexus_ai_alerts_returns_200" time="0.483" /><testcase classname="tests.test_iteration118_p0_backlog.TestNexusAIBudgetAlerts" name="test_workspace_nexus_ai_budgets_returns_200" time="0.073" /><testcase classname="tests.test_iteration118_p0_backlog.TestNexusAIBudgetAlerts" name="test_workspace_nexus_ai_dashboard_returns_200" time="0.057" /><testcase classname="tests.test_iteration118_p0_backlog.TestNotifications" name="test_notifications_returns_200" time="0.382" /><testcase classname="tests.test_iteration118_p0_backlog.TestCloudStorageProviders" name="test_cloud_storage_providers_returns_200" time="0.384" /><testcase classname="tests.test_iteration118_p0_backlog.TestSocialPlatforms" name="test_social_platforms_returns_200" time="0.388" /><testcase classname="tests.test_iteration118_p0_backlog.TestAIModelsEndpoint" name="test_ai_models_returns_200_when_authenticated" time="0.369" /><testcase classname="tests.test_iteration118_p0_backlog.TestAIModelsEndpoint" name="test_ai_models_without_auth" time="0.049" /><testcase classname="tests.test_iteration118_p0_backlog.TestAdminDashboardDiagnosticsTab" name="test_admin_check_returns_200" time="0.418" /><testcase classname="tests.test_iteration118_p0_backlog.TestAdminDashboardDiagnosticsTab" name="test_admin_stats_returns_200" time="0.079" /></testsuite></testsuites>