<?xml version="1.0" encoding="utf-8"?><testsuites name="pytest tests"><testsuite name="pytest" errors="0" failures="0" skipped="0" tests="16" time="4.271" timestamp="2026-03-23T15:05:36.941834+00:00" hostname="agent-env-77736a39-13b5-40e6-bcdd-96c2adcf928b"><testcase classname="backend.tests.test_iteration113_user_reported_issues.TestAuthentication" name="test_login_returns_user_data" time="0.448" /><testcase classname="backend.tests.test_iteration113_user_reported_issues.TestAuthentication" name="test_auth_me_returns_user" time="0.461" /><testcase classname="backend.tests.test_iteration113_user_reported_issues.TestWorkspaces" name="test_workspaces_list_loads" time="0.512" /><testcase classname="backend.tests.test_iteration113_user_reported_issues.TestWorkspaces" name="test_workspaces_count" time="0.136" /><testcase classname="backend.tests.test_iteration113_user_reported_issues.TestWorkspaces" name="test_workspace_detail_loads" time="0.338" /><testcase classname="backend.tests.test_iteration113_user_reported_issues.TestWorkspaces" name="test_workspace_channels_load" time="0.252" /><testcase classname="backend.tests.test_iteration113_user_reported_issues.TestAdminPanel" name="test_admin_check_for_super_admin" time="0.503" /><testcase classname="backend.tests.test_iteration113_user_reported_issues.TestAdminPanel" name="test_admin_stats_accessible" time="0.185" /><testcase classname="backend.tests.test_iteration113_user_reported_issues.TestAdminPanel" name="test_admin_users_list" time="0.132" /><testcase classname="backend.tests.test_iteration113_user_reported_issues.TestAdminPanel" name="test_admin_bugs_list" time="0.121" /><testcase classname="backend.tests.test_iteration113_user_reported_issues.TestBillingEndpoint" name="test_billing_subscription_fields" time="0.486" /><testcase classname="backend.tests.test_iteration113_user_reported_issues.TestBillingEndpoint" name="test_billing_plans_list" time="0.099" /><testcase classname="backend.tests.test_iteration113_user_reported_issues.TestGoogleOAuth" name="test_google_login_endpoint" time="0.116" /><testcase classname="backend.tests.test_iteration113_user_reported_issues.TestUnauthorizedAccess" name="test_workspaces_requires_auth" time="0.122" /><testcase classname="backend.tests.test_iteration113_user_reported_issues.TestUnauthorizedAccess" name="test_admin_requires_auth" time="0.115" /><testcase classname="backend.tests.test_iteration113_user_reported_issues.TestUnauthorizedAccess" name="test_billing_requires_auth" time="0.110" /></testsuite></testsuites>