<?xml version="1.0" encoding="utf-8"?><testsuites name="pytest tests"><testsuite name="pytest" errors="0" failures="0" skipped="0" tests="11" time="1.491" timestamp="2026-03-12T02:23:20.912265+00:00" hostname="agent-env-b2a19469-4ddd-4f22-9e2e-7cf45fb67eda"><testcase classname="backend.tests.test_iteration91_planner.TestPlannerEndpoint" name="test_planner_returns_tasks_with_dates" time="0.638" /><testcase classname="backend.tests.test_iteration91_planner.TestPlannerEndpoint" name="test_planner_groups_tasks_by_date" time="0.088" /><testcase classname="backend.tests.test_iteration91_planner.TestPlannerEndpoint" name="test_planner_detects_overdue_tasks" time="0.067" /><testcase classname="backend.tests.test_iteration91_planner.TestPlannerEndpoint" name="test_planner_date_filter" time="0.060" /><testcase classname="backend.tests.test_iteration91_planner.TestTaskCreation" name="test_create_task_with_due_date" time="0.067" /><testcase classname="backend.tests.test_iteration91_planner.TestTaskCreation" name="test_task_appears_in_planner" time="0.055" /><testcase classname="backend.tests.test_iteration91_planner.TestTaskUpdate" name="test_update_task_status" time="0.060" /><testcase classname="backend.tests.test_iteration91_planner.TestTaskUpdate" name="test_update_task_due_date" time="0.064" /><testcase classname="backend.tests.test_iteration91_planner.TestTaskUpdate" name="test_update_task_priority" time="0.063" /><testcase classname="backend.tests.test_iteration91_planner.TestTaskCleanup" name="test_delete_test_task" time="0.065" /><testcase classname="backend.tests.test_iteration91_planner.TestPlannerSourceBothCollections" name="test_planner_includes_workspace_tasks" time="0.186" /></testsuite></testsuites>