<?xml version="1.0" encoding="utf-8"?><testsuites name="pytest tests"><testsuite name="pytest" errors="0" failures="0" skipped="0" tests="14" time="7.790" timestamp="2026-03-12T20:04:24.686285+00:00" hostname="agent-env-e8139f41-8b78-4244-9c8d-1b5226d07cb2"><testcase classname="tests.test_iteration105_roi_knowledge_packs.TestROICalculatorEndpoints" name="test_roi_summary_returns_valid_structure" time="0.501" /><testcase classname="tests.test_iteration105_roi_knowledge_packs.TestROICalculatorEndpoints" name="test_roi_summary_supports_different_periods" time="0.185" /><testcase classname="tests.test_iteration105_roi_knowledge_packs.TestROICalculatorEndpoints" name="test_roi_by_model_returns_models_array" time="0.062" /><testcase classname="tests.test_iteration105_roi_knowledge_packs.TestROICalculatorEndpoints" name="test_roi_by_agent_returns_agents_array_with_roi" time="0.072" /><testcase classname="tests.test_iteration105_roi_knowledge_packs.TestROICalculatorEndpoints" name="test_roi_forecast_returns_trend_and_forecast_array" time="0.056" /><testcase classname="tests.test_iteration105_roi_knowledge_packs.TestKnowledgePacksEndpoints" name="test_export_knowledge_returns_nexus_pack_format" time="0.418" /><testcase classname="tests.test_iteration105_roi_knowledge_packs.TestKnowledgePacksEndpoints" name="test_export_has_content_disposition_header" time="0.095" /><testcase classname="tests.test_iteration105_roi_knowledge_packs.TestKnowledgePacksEndpoints" name="test_import_requires_valid_format" time="0.178" /><testcase classname="tests.test_iteration105_roi_knowledge_packs.TestKnowledgePacksEndpoints" name="test_import_rejects_empty_chunks" time="0.127" /><testcase classname="tests.test_iteration105_roi_knowledge_packs.TestKnowledgePacksEndpoints" name="test_import_valid_pack_creates_chunks" time="0.135" /><testcase classname="tests.test_iteration105_roi_knowledge_packs.TestKnowledgePacksEndpoints" name="test_import_skips_duplicates" time="0.294" /><testcase classname="tests.test_iteration105_roi_knowledge_packs.TestTrainingWebSocket" name="test_websocket_endpoint_exists" time="5.052" /><testcase classname="tests.test_iteration105_roi_knowledge_packs.TestROICalculatorEmptyState" name="test_roi_summary_works_with_no_data" time="0.445" /><testcase classname="tests.test_iteration105_roi_knowledge_packs.TestROICalculatorEmptyState" name="test_roi_forecast_handles_insufficient_data" time="0.071" /></testsuite></testsuites>