<?xml version="1.0" encoding="utf-8"?><testsuites name="pytest tests"><testsuite name="pytest" errors="0" failures="0" skipped="0" tests="25" time="11.385" timestamp="2026-03-13T01:36:09.043354+00:00" hostname="agent-env-c4a816e9-1271-46c4-aad0-2f3c43c30316"><testcase classname="backend.tests.test_iteration110_security_audit.TestSecurityAudit" name="test_bug_h1_password_reset_no_crash" time="0.558" /><testcase classname="backend.tests.test_iteration110_security_audit.TestSecurityAudit" name="test_bug_h2_weak_password_rejection_too_short" time="0.450" /><testcase classname="backend.tests.test_iteration110_security_audit.TestSecurityAudit" name="test_bug_h2_weak_password_rejection_common" time="0.434" /><testcase classname="backend.tests.test_iteration110_security_audit.TestSecurityAudit" name="test_bug_h2_weak_password_rejection_password123" time="0.453" /><testcase classname="backend.tests.test_iteration110_security_audit.TestSecurityAudit" name="test_bug_c1_code_execution_via_piston" time="0.600" /><testcase classname="backend.tests.test_iteration110_security_audit.TestSecurityAudit" name="test_bug_c3_redirect_uri_validation_valid" time="0.390" /><testcase classname="backend.tests.test_iteration110_security_audit.TestSecurityAudit" name="test_bug_c3_redirect_uri_validation_invalid" time="0.409" /><testcase classname="backend.tests.test_iteration110_security_audit.TestSecurityAudit" name="test_bug_c4_redos_protection_marketplace" time="0.412" /><testcase classname="backend.tests.test_iteration110_security_audit.TestSecurityAudit" name="test_bug_c4_redos_protection_artifacts" time="0.391" /><testcase classname="backend.tests.test_iteration110_security_audit.TestSecurityAudit" name="test_bug_c2_tenant_isolation_fake_workspace_403" time="0.425" /><testcase classname="backend.tests.test_iteration110_security_audit.TestSecurityAudit" name="test_bug_c2_tenant_isolation_valid_workspace_200" time="0.391" /><testcase classname="backend.tests.test_iteration110_security_audit.TestSecurityAudit" name="test_bug_c2_tenant_isolation_deployments" time="0.410" /><testcase classname="backend.tests.test_iteration110_security_audit.TestSecurityAudit" name="test_bug_c2_tenant_isolation_webhooks" time="0.420" /><testcase classname="backend.tests.test_iteration110_security_audit.TestSecurityAudit" name="test_bug_c2_tenant_isolation_benchmarks" time="0.407" /><testcase classname="backend.tests.test_iteration110_security_audit.TestSecurityAudit" name="test_bug_h3_browser_channel_access_check" time="0.385" /><testcase classname="backend.tests.test_iteration110_security_audit.TestSecurityAudit" name="test_bug_m4_email_normalization" time="0.643" /><testcase classname="backend.tests.test_iteration110_security_audit.TestSecurityAudit" name="test_existing_feature_orchestrations" time="0.395" /><testcase classname="backend.tests.test_iteration110_security_audit.TestSecurityAudit" name="test_existing_feature_webhooks" time="0.399" /><testcase classname="backend.tests.test_iteration110_security_audit.TestSecurityAudit" name="test_existing_feature_marketplace" time="0.392" /><testcase classname="backend.tests.test_iteration110_security_audit.TestValidatePasswordFunction" name="test_validate_password_too_short" time="0.105" /><testcase classname="backend.tests.test_iteration110_security_audit.TestValidatePasswordFunction" name="test_validate_password_common" time="0.624" /><testcase classname="backend.tests.test_iteration110_security_audit.TestSafeRegexFunction" name="test_safe_regex_special_chars" time="0.892" /><testcase classname="backend.tests.test_iteration110_security_audit.TestRedirectUriValidation" name="test_github_connect_validation" time="0.412" /><testcase classname="backend.tests.test_iteration110_security_audit.TestRedirectUriValidation" name="test_cloud_storage_connect_validation" time="0.488" /><testcase classname="backend.tests.test_iteration110_security_audit.TestRedirectUriValidation" name="test_plugins_connect_validation" time="0.408" /></testsuite></testsuites>