<?xml version="1.0" encoding="utf-8"?><testsuites name="pytest tests"><testsuite name="pytest" errors="0" failures="0" skipped="0" tests="15" time="8.460" timestamp="2026-03-08T21:34:13.169169+00:00" hostname="agent-env-ff90cc24-289c-47b4-b9bd-200dabdbeb8d"><testcase classname="backend.tests.test_iteration70_code_review_fixes.TestPasswordBlocklist" name="test_register_with_password_password_rejected" time="0.202" /><testcase classname="backend.tests.test_iteration70_code_review_fixes.TestPasswordBlocklist" name="test_register_with_password_admin123_rejected" time="0.200" /><testcase classname="backend.tests.test_iteration70_code_review_fixes.TestPasswordBlocklist" name="test_register_with_password_12345678_rejected" time="0.117" /><testcase classname="backend.tests.test_iteration70_code_review_fixes.TestPasswordBlocklist" name="test_register_with_password_qwerty123_rejected" time="0.118" /><testcase classname="backend.tests.test_iteration70_code_review_fixes.TestPasswordBlocklist" name="test_register_with_strong_password_succeeds" time="0.335" /><testcase classname="backend.tests.test_iteration70_code_review_fixes.TestNoAutoToS" name="test_registration_tos_version_null" time="0.343" /><testcase classname="backend.tests.test_iteration70_code_review_fixes.TestBudgetEndpointAuth" name="test_put_budget_returns_403_for_non_admin" time="0.792" /><testcase classname="backend.tests.test_iteration70_code_review_fixes.TestBudgetEndpointAuth" name="test_get_budget_returns_403_for_non_admin" time="0.769" /><testcase classname="backend.tests.test_iteration70_code_review_fixes.TestBudgetBodyValidation" name="test_budget_invalid_cost_type_rejected" time="0.797" /><testcase classname="backend.tests.test_iteration70_code_review_fixes.TestHealthEndpoint" name="test_health_returns_healthy" time="0.103" /><testcase classname="backend.tests.test_iteration70_code_review_fixes.TestMessagingEndpoint" name="test_post_message_works" time="1.006" /><testcase classname="backend.tests.test_iteration70_code_review_fixes.TestRolesEndpoint" name="test_put_roles_works" time="1.042" /><testcase classname="backend.tests.test_iteration70_code_review_fixes.TestPersonalUsageReport" name="test_get_personal_usage_works" time="0.792" /><testcase classname="backend.tests.test_iteration70_code_review_fixes.TestCSVExport" name="test_csv_export_works" time="0.833" /><testcase classname="backend.tests.test_iteration70_code_review_fixes.TestZipImport" name="test_zip_import_endpoint_exists" time="0.946" /></testsuite></testsuites>