<?xml version="1.0" encoding="utf-8"?><testsuites name="pytest tests"><testsuite name="pytest" errors="0" failures="0" skipped="0" tests="15" time="2.594" timestamp="2026-03-08T20:12:42.695051+00:00" hostname="agent-env-ff90cc24-289c-47b4-b9bd-200dabdbeb8d"><testcase classname="backend.tests.test_iteration69_reporting_engine.TestReportingEngine" name="test_personal_usage_metrics_endpoint_exists" time="0.559" /><testcase classname="backend.tests.test_iteration69_reporting_engine.TestReportingEngine" name="test_personal_usage_with_days_param" time="0.066" /><testcase classname="backend.tests.test_iteration69_reporting_engine.TestReportingEngine" name="test_export_csv_format" time="0.062" /><testcase classname="backend.tests.test_iteration69_reporting_engine.TestReportingEngine" name="test_export_json_format" time="0.056" /><testcase classname="backend.tests.test_iteration69_reporting_engine.TestReportingEngine" name="test_export_pdf_format" time="0.052" /><testcase classname="backend.tests.test_iteration69_reporting_engine.TestReportingEngine" name="test_platform_health_returns_403_for_non_admin" time="0.057" /><testcase classname="backend.tests.test_iteration69_reporting_engine.TestReportingEngine" name="test_platform_business_returns_403_for_non_admin" time="0.054" /><testcase classname="backend.tests.test_iteration69_reporting_engine.TestReportingEngine" name="test_alerts_returns_403_for_non_admin" time="0.054" /><testcase classname="backend.tests.test_iteration69_reporting_engine.TestReportingEngine" name="test_org_usage_returns_403_for_non_org_admin" time="0.055" /><testcase classname="backend.tests.test_iteration69_reporting_engine.TestReportingEngine" name="test_org_users_returns_403_for_non_org_admin" time="0.061" /><testcase classname="backend.tests.test_iteration69_reporting_engine.TestReportingEngine" name="test_set_and_get_org_budget" time="0.109" /><testcase classname="backend.tests.test_iteration69_reporting_engine.TestReportingEngine" name="test_get_budget_for_nonexistent_org" time="0.053" /><testcase classname="backend.tests.test_iteration69_reporting_engine.TestReportingEngine" name="test_unauthenticated_personal_usage" time="0.118" /><testcase classname="backend.tests.test_iteration69_reporting_engine.TestReportingEngine" name="test_unauthenticated_export" time="0.129" /><testcase classname="backend.tests.test_iteration69_reporting_engine.TestReportingEndpointRouting" name="test_all_reporting_routes_registered" time="1.033" /></testsuite></testsuites>