<?xml version="1.0" encoding="utf-8"?><testsuites name="pytest tests"><testsuite name="pytest" errors="0" failures="0" skipped="0" tests="22" time="3.546" timestamp="2026-03-12T02:04:29.157769+00:00" hostname="agent-env-b2a19469-4ddd-4f22-9e2e-7cf45fb67eda"><testcase classname="backend.tests.test_iteration90_incidents.TestIncidentsCRUD" name="test_create_incident_success" time="0.504" /><testcase classname="backend.tests.test_iteration90_incidents.TestIncidentsCRUD" name="test_create_incident_invalid_severity" time="0.063" /><testcase classname="backend.tests.test_iteration90_incidents.TestIncidentsCRUD" name="test_create_incident_unauthorized" time="0.420" /><testcase classname="backend.tests.test_iteration90_incidents.TestIncidentsCRUD" name="test_list_incidents_public" time="0.112" /><testcase classname="backend.tests.test_iteration90_incidents.TestIncidentsCRUD" name="test_list_incidents_with_days_filter" time="0.135" /><testcase classname="backend.tests.test_iteration90_incidents.TestIncidentsCRUD" name="test_list_incidents_with_status_filter" time="0.126" /><testcase classname="backend.tests.test_iteration90_incidents.TestIncidentsCRUD" name="test_get_incident_by_id" time="0.176" /><testcase classname="backend.tests.test_iteration90_incidents.TestIncidentsCRUD" name="test_get_incident_not_found" time="0.108" /><testcase classname="backend.tests.test_iteration90_incidents.TestIncidentsCRUD" name="test_update_incident_status" time="0.182" /><testcase classname="backend.tests.test_iteration90_incidents.TestIncidentsCRUD" name="test_update_incident_invalid_status" time="0.058" /><testcase classname="backend.tests.test_iteration90_incidents.TestIncidentsCRUD" name="test_update_incident_unauthorized" time="0.057" /><testcase classname="backend.tests.test_iteration90_incidents.TestIncidentsCRUD" name="test_update_incident_not_found" time="0.066" /><testcase classname="backend.tests.test_iteration90_incidents.TestIncidentsCRUD" name="test_resolve_incident_sets_duration" time="0.272" /><testcase classname="backend.tests.test_iteration90_incidents.TestIncidentsCRUD" name="test_delete_incident_success" time="0.285" /><testcase classname="backend.tests.test_iteration90_incidents.TestIncidentsCRUD" name="test_delete_incident_unauthorized" time="0.055" /><testcase classname="backend.tests.test_iteration90_incidents.TestIncidentsCRUD" name="test_delete_incident_not_found" time="0.122" /><testcase classname="backend.tests.test_iteration90_incidents.TestIncidentTimeline" name="test_timeline_default_90_days" time="0.111" /><testcase classname="backend.tests.test_iteration90_incidents.TestIncidentTimeline" name="test_timeline_custom_days" time="0.113" /><testcase classname="backend.tests.test_iteration90_incidents.TestEnhancedStatus" name="test_status_includes_active_incidents" time="0.120" /><testcase classname="backend.tests.test_iteration90_incidents.TestEnhancedStatus" name="test_status_page_html_includes_incidents" time="0.118" /><testcase classname="backend.tests.test_iteration90_incidents.TestEnhancedStatus" name="test_status_page_auto_refresh" time="0.126" /><testcase classname="backend.tests.test_iteration90_incidents.TestExistingIncidents" name="test_existing_incidents_present" time="0.116" /></testsuite></testsuites>