<?xml version="1.0" encoding="utf-8"?><testsuites name="pytest tests"><testsuite name="pytest" errors="0" failures="0" skipped="0" tests="16" time="4.811" timestamp="2026-03-23T18:10:44.949293+00:00" hostname="agent-env-77736a39-13b5-40e6-bcdd-96c2adcf928b"><testcase classname="tests.test_iteration114_pg_migration.TestAuthenticationFlow" name="test_login_returns_session_and_user_data" time="0.587" /><testcase classname="tests.test_iteration114_pg_migration.TestWorkspacesAPI" name="test_get_workspaces_returns_list" time="0.423" /><testcase classname="tests.test_iteration114_pg_migration.TestWorkspacesAPI" name="test_get_workspace_detail" time="0.135" /><testcase classname="tests.test_iteration114_pg_migration.TestWorkspacesAPI" name="test_create_workspace" time="0.065" /><testcase classname="tests.test_iteration114_pg_migration.TestWorkspacesAPI" name="test_delete_workspace" time="0.192" /><testcase classname="tests.test_iteration114_pg_migration.TestChannelsAPI" name="test_get_workspace_channels" time="0.464" /><testcase classname="tests.test_iteration114_pg_migration.TestChannelsAPI" name="test_create_channel" time="0.117" /><testcase classname="tests.test_iteration114_pg_migration.TestMessagesAPI" name="test_get_channel_messages" time="0.508" /><testcase classname="tests.test_iteration114_pg_migration.TestMessagesAPI" name="test_send_message" time="0.163" /><testcase classname="tests.test_iteration114_pg_migration.TestAdminAPI" name="test_admin_check" time="0.458" /><testcase classname="tests.test_iteration114_pg_migration.TestAdminAPI" name="test_admin_stats" time="0.088" /><testcase classname="tests.test_iteration114_pg_migration.TestAdminAPI" name="test_pg_status" time="0.074" /><testcase classname="tests.test_iteration114_pg_migration.TestBillingAPI" name="test_billing_subscription" time="0.390" /><testcase classname="tests.test_iteration114_pg_migration.TestNotificationsAPI" name="test_get_notifications" time="0.391" /><testcase classname="tests.test_iteration114_pg_migration.TestMembersAPI" name="test_get_workspace_members" time="0.471" /><testcase classname="tests.test_iteration114_pg_migration.TestGoogleOAuth" name="test_google_oauth_login" time="0.139" /></testsuite></testsuites>