<?xml version="1.0" encoding="utf-8"?><testsuites name="pytest tests"><testsuite name="pytest" errors="0" failures="0" skipped="0" tests="17" time="2.597" timestamp="2026-04-01T15:55:28.133794+00:00" hostname="agent-env-ca06a20a-8054-4fdf-9081-008b71bf5423"><testcase classname="backend.tests.test_iteration122_nexus8_fixes.TestHealthCheck" name="test_health_endpoint_returns_200" time="0.229" /><testcase classname="backend.tests.test_iteration122_nexus8_fixes.TestSupportDeskOrgScoping" name="test_list_tickets_with_org_id_filter" time="0.529" /><testcase classname="backend.tests.test_iteration122_nexus8_fixes.TestSupportDeskOrgScoping" name="test_list_tickets_without_org_id" time="0.169" /><testcase classname="backend.tests.test_iteration122_nexus8_fixes.TestReplayRateLimiting" name="test_replay_nonexistent_returns_404" time="0.165" /><testcase classname="backend.tests.test_iteration122_nexus8_fixes.TestReplayRateLimiting" name="test_replay_invalid_share_format" time="0.141" /><testcase classname="backend.tests.test_iteration122_nexus8_fixes.TestTranscriptEndpoint" name="test_transcript_endpoint_exists" time="0.124" /><testcase classname="backend.tests.test_iteration122_nexus8_fixes.TestPlatformCapabilities" name="test_platform_capabilities_returns_features" time="0.118" /><testcase classname="backend.tests.test_iteration122_nexus8_fixes.TestImageGenProviderField" name="test_generate_image_accepts_gemini_provider" time="0.374" /><testcase classname="backend.tests.test_iteration122_nexus8_fixes.TestImageGenProviderField" name="test_generate_image_accepts_imagen4_provider" time="0.312" /><testcase classname="backend.tests.test_iteration122_nexus8_fixes.TestImageGenProviderField" name="test_generate_image_accepts_openai_provider" time="0.306" /><testcase classname="backend.tests.test_iteration122_nexus8_fixes.TestFrontendCodeReview" name="test_docviewer_no_backend_url_import" time="0.000" /><testcase classname="backend.tests.test_iteration122_nexus8_fixes.TestFrontendCodeReview" name="test_chatpanel_transcript_uses_api_get" time="0.000" /><testcase classname="backend.tests.test_iteration122_nexus8_fixes.TestFrontendCodeReview" name="test_coderepo_ws_uses_window_location" time="0.000" /><testcase classname="backend.tests.test_iteration122_nexus8_fixes.TestFrontendCodeReview" name="test_workspace_ws_uses_window_location" time="0.000" /><testcase classname="backend.tests.test_iteration122_nexus8_fixes.TestFrontendCodeReview" name="test_social_connections_uses_correct_callback" time="0.000" /><testcase classname="backend.tests.test_iteration122_nexus8_fixes.TestFrontendCodeReview" name="test_cloud_storage_callback_route_aware" time="0.000" /><testcase classname="backend.tests.test_iteration122_nexus8_fixes.TestFrontendCodeReview" name="test_imagegen_panel_has_provider_dropdown" time="0.000" /></testsuite></testsuites>