<?xml version="1.0" encoding="utf-8"?><testsuites name="pytest tests"><testsuite name="pytest" errors="0" failures="0" skipped="0" tests="11" time="1.320" timestamp="2026-03-27T13:44:14.730374+00:00" hostname="agent-env-978bb3e6-3822-4974-b151-c43f9f72020c"><testcase classname="backend.tests.test_iteration120_ai_key_health_banner.TestAIKeyHealthEndpoint" name="test_ai_key_health_endpoint_exists" time="0.479" /><testcase classname="backend.tests.test_iteration120_ai_key_health_banner.TestAIKeyHealthEndpoint" name="test_ai_key_health_returns_expected_structure" time="0.056" /><testcase classname="backend.tests.test_iteration120_ai_key_health_banner.TestAIKeyHealthEndpoint" name="test_ai_key_health_with_channel_id" time="0.051" /><testcase classname="backend.tests.test_iteration120_ai_key_health_banner.TestAIKeyHealthEndpoint" name="test_ai_key_health_detects_placeholder_keys" time="0.071" /><testcase classname="backend.tests.test_iteration120_ai_key_health_banner.TestAIKeyHealthEndpoint" name="test_ai_key_health_provider_details" time="0.053" /><testcase classname="backend.tests.test_iteration120_ai_key_health_banner.TestAIKeyHealthEndpoint" name="test_ai_key_health_unauthorized_without_token" time="0.113" /><testcase classname="backend.tests.test_iteration120_ai_key_health_banner.TestAIKeyHealthEndpoint" name="test_ai_key_health_nonexistent_workspace" time="0.047" /><testcase classname="backend.tests.test_iteration120_ai_key_health_banner.TestAIKeyHealthWarningLogic" name="test_warning_generated_for_platform_source_with_placeholder" time="0.052" /><testcase classname="backend.tests.test_iteration120_ai_key_health_banner.TestChatPanelIntegration" name="test_chat_panel_health_fetch_no_regression" time="0.107" /><testcase classname="backend.tests.test_iteration120_ai_key_health_banner.TestChatPanelIntegration" name="test_channel_switching_with_health_fetch" time="0.102" /><testcase classname="backend.tests.test_iteration120_ai_key_health_banner.TestManagedKeysHealthComparison" name="test_workspace_health_matches_admin_health" time="0.113" /></testsuite></testsuites>