<?xml version="1.0" encoding="utf-8"?><testsuites name="pytest tests"><testsuite name="pytest" errors="0" failures="0" skipped="0" tests="12" time="2.769" timestamp="2026-03-12T09:23:46.007520+00:00" hostname="agent-env-e46409fb-8739-4020-8fba-315c09041353"><testcase classname="tests.test_iteration98_new_features.TestAuthSetup" name="test_login_success" time="0.384" /><testcase classname="tests.test_iteration98_new_features.TestAgentLeaderboard" name="test_leaderboard_agents_evaluation_metric" time="0.379" /><testcase classname="tests.test_iteration98_new_features.TestAgentLeaderboard" name="test_leaderboard_agents_skills_metric" time="0.051" /><testcase classname="tests.test_iteration98_new_features.TestAgentLeaderboard" name="test_leaderboard_agents_messages_metric" time="0.054" /><testcase classname="tests.test_iteration98_new_features.TestAgentLeaderboard" name="test_leaderboard_skills" time="0.053" /><testcase classname="tests.test_iteration98_new_features.TestAgentPlayground" name="test_playground_chat_new_session" time="0.525" /><testcase classname="tests.test_iteration98_new_features.TestAgentPlayground" name="test_playground_list_sessions" time="0.060" /><testcase classname="tests.test_iteration98_new_features.TestKnowledgeDeduplication" name="test_scan_duplicates" time="0.533" /><testcase classname="tests.test_iteration98_new_features.TestKnowledgeDeduplication" name="test_rescore_knowledge" time="0.053" /><testcase classname="tests.test_iteration98_new_features.TestCostAlerts" name="test_get_cost_alerts" time="0.461" /><testcase classname="tests.test_iteration98_new_features.TestCostAlerts" name="test_acknowledge_alerts" time="0.049" /><testcase classname="tests.test_iteration98_new_features.TestCostAlerts" name="test_update_budget_thresholds" time="0.047" /></testsuite></testsuites>