<?xml version="1.0" encoding="utf-8"?><testsuites name="pytest tests"><testsuite name="pytest" errors="0" failures="0" skipped="0" tests="18" time="2.828" timestamp="2026-03-11T19:13:52.475676+00:00" hostname="agent-env-7e14ebdf-a4d6-4d7f-97c3-d9b92990a6d4"><testcase classname="backend.tests.test_iteration87_enterprise_features.TestStatusEndpoints" name="test_platform_status_json" time="0.148" /><testcase classname="backend.tests.test_iteration87_enterprise_features.TestStatusEndpoints" name="test_status_page_html" time="0.138" /><testcase classname="backend.tests.test_iteration87_enterprise_features.TestStatusEndpoints" name="test_api_docs_page_html" time="0.152" /><testcase classname="backend.tests.test_iteration87_enterprise_features.TestSSOEndpoints" name="test_sso_providers_list_public" time="0.165" /><testcase classname="backend.tests.test_iteration87_enterprise_features.TestSSOEndpoints" name="test_admin_sso_configs_list" time="0.464" /><testcase classname="backend.tests.test_iteration87_enterprise_features.TestSSOEndpoints" name="test_admin_sso_create_saml_config" time="0.261" /><testcase classname="backend.tests.test_iteration87_enterprise_features.TestMFAEndpoints" name="test_mfa_status_requires_auth" time="0.117" /><testcase classname="backend.tests.test_iteration87_enterprise_features.TestMFAEndpoints" name="test_mfa_status_authenticated" time="0.059" /><testcase classname="backend.tests.test_iteration87_enterprise_features.TestMFAEndpoints" name="test_mfa_setup_returns_qr_and_secret" time="0.131" /><testcase classname="backend.tests.test_iteration87_enterprise_features.TestMFAEndpoints" name="test_mfa_setup_confirm_validates_code" time="0.469" /><testcase classname="backend.tests.test_iteration87_enterprise_features.TestErrorTrackingEndpoints" name="test_report_error_public" time="0.114" /><testcase classname="backend.tests.test_iteration87_enterprise_features.TestErrorTrackingEndpoints" name="test_admin_errors_list_requires_admin" time="0.057" /><testcase classname="backend.tests.test_iteration87_enterprise_features.TestErrorTrackingEndpoints" name="test_admin_errors_stats" time="0.056" /><testcase classname="backend.tests.test_iteration87_enterprise_features.TestSCIMEndpoints" name="test_scim_users_requires_bearer_token" time="0.128" /><testcase classname="backend.tests.test_iteration87_enterprise_features.TestSCIMEndpoints" name="test_admin_scim_tokens_create" time="0.064" /><testcase classname="backend.tests.test_iteration87_enterprise_features.TestSCIMEndpoints" name="test_scim_users_with_token" time="0.117" /><testcase classname="backend.tests.test_iteration87_enterprise_features.TestSCIMEndpoints" name="test_admin_scim_tokens_list" time="0.064" /><testcase classname="backend.tests.test_iteration87_enterprise_features.TestSCIMEndpoints" name="test_admin_scim_token_revoke" time="0.057" /></testsuite></testsuites>