<?xml version="1.0" encoding="utf-8"?><testsuites name="pytest tests"><testsuite name="pytest" errors="0" failures="0" skipped="0" tests="23" time="1.859" timestamp="2026-03-12T20:32:52.176579+00:00" hostname="agent-env-4feed3a1-96cc-4b2b-98f3-e227bdfff46e"><testcase classname="tests.test_iteration106_roi_revenue_embeddings.TestROIComparison" name="test_roi_comparison_workspaces_endpoint_exists" time="0.490" /><testcase classname="tests.test_iteration106_roi_revenue_embeddings.TestROIComparison" name="test_roi_comparison_workspaces_data_structure" time="0.066" /><testcase classname="tests.test_iteration106_roi_revenue_embeddings.TestROIComparison" name="test_roi_comparison_workspaces_7d_period" time="0.065" /><testcase classname="tests.test_iteration106_roi_revenue_embeddings.TestROIComparison" name="test_roi_comparison_workspaces_90d_period" time="0.065" /><testcase classname="tests.test_iteration106_roi_revenue_embeddings.TestROIComparison" name="test_roi_comparison_trend_endpoint_exists" time="0.058" /><testcase classname="tests.test_iteration106_roi_revenue_embeddings.TestROIComparison" name="test_roi_comparison_trend_data_structure" time="0.052" /><testcase classname="tests.test_iteration106_roi_revenue_embeddings.TestRevenueSharing" name="test_revenue_dashboard_endpoint_exists" time="0.054" /><testcase classname="tests.test_iteration106_roi_revenue_embeddings.TestRevenueSharing" name="test_revenue_dashboard_creator_structure" time="0.054" /><testcase classname="tests.test_iteration106_roi_revenue_embeddings.TestRevenueSharing" name="test_revenue_dashboard_buyer_structure" time="0.088" /><testcase classname="tests.test_iteration106_roi_revenue_embeddings.TestRevenueSharing" name="test_revenue_dashboard_empty_state" time="0.084" /><testcase classname="tests.test_iteration106_roi_revenue_embeddings.TestAgentPricing" name="test_get_pricing_nonexistent_agent" time="0.051" /><testcase classname="tests.test_iteration106_roi_revenue_embeddings.TestAgentPricing" name="test_put_pricing_nonexistent_agent" time="0.095" /><testcase classname="tests.test_iteration106_roi_revenue_embeddings.TestAgentPricing" name="test_put_pricing_validation_negative_price" time="0.050" /><testcase classname="tests.test_iteration106_roi_revenue_embeddings.TestAgentPricing" name="test_put_pricing_validation_invalid_model" time="0.050" /><testcase classname="tests.test_iteration106_roi_revenue_embeddings.TestGeminiEmbeddings" name="test_gemini_embeddings_module_import" time="0.001" /><testcase classname="tests.test_iteration106_roi_revenue_embeddings.TestGeminiEmbeddings" name="test_cosine_similarity_dense_calculation" time="0.000" /><testcase classname="tests.test_iteration106_roi_revenue_embeddings.TestGeminiEmbeddings" name="test_cosine_similarity_edge_cases" time="0.000" /><testcase classname="tests.test_iteration106_roi_revenue_embeddings.TestGeminiEmbeddings" name="test_embedding_constants" time="0.000" /><testcase classname="tests.test_iteration106_roi_revenue_embeddings.TestKnowledgeRetrieval" name="test_semantic_select_function_exists" time="0.000" /><testcase classname="tests.test_iteration106_roi_revenue_embeddings.TestKnowledgeRetrieval" name="test_knowledge_retrieval_endpoint" time="0.122" /><testcase classname="tests.test_iteration106_roi_revenue_embeddings.TestAuthentication" name="test_roi_comparison_requires_auth" time="0.122" /><testcase classname="tests.test_iteration106_roi_revenue_embeddings.TestAuthentication" name="test_revenue_dashboard_requires_auth" time="0.114" /><testcase classname="tests.test_iteration106_roi_revenue_embeddings.TestAuthentication" name="test_pricing_get_requires_auth" time="0.115" /></testsuite></testsuites>