<?xml version="1.0" encoding="utf-8"?><testsuites name="pytest tests"><testsuite name="pytest" errors="0" failures="0" skipped="0" tests="17" time="1.221" timestamp="2026-03-12T06:04:16.441817+00:00" hostname="agent-env-865ca170-81c4-4abb-93be-9e690affb1d8"><testcase classname="backend.tests.test_iteration96_arena_cost_fixes.TestAgentArenaModels" name="test_ai_models_endpoint_returns_models_dict" time="0.458" /><testcase classname="backend.tests.test_iteration96_arena_cost_fixes.TestAgentArenaModels" name="test_all_19_models_present" time="0.062" /><testcase classname="backend.tests.test_iteration96_arena_cost_fixes.TestAgentArenaModels" name="test_each_model_has_variants" time="0.078" /><testcase classname="backend.tests.test_iteration96_arena_cost_fixes.TestAgentArenaModels" name="test_variants_have_default_option" time="0.058" /><testcase classname="backend.tests.test_iteration96_arena_cost_fixes.TestCostDashboardEndpoints" name="test_costs_endpoint" time="0.060" /><testcase classname="backend.tests.test_iteration96_arena_cost_fixes.TestCostDashboardEndpoints" name="test_costs_with_period_parameter" time="0.156" /><testcase classname="backend.tests.test_iteration96_arena_cost_fixes.TestCostDashboardEndpoints" name="test_actual_costs_endpoint" time="0.050" /><testcase classname="backend.tests.test_iteration96_arena_cost_fixes.TestCostDashboardEndpoints" name="test_costs_refresh_endpoint" time="0.055" /><testcase classname="backend.tests.test_iteration96_arena_cost_fixes.TestCostDashboardEndpoints" name="test_budget_endpoint" time="0.052" /><testcase classname="backend.tests.test_iteration96_arena_cost_fixes.TestArenaEndpoints" name="test_arena_battles_history" time="0.050" /><testcase classname="backend.tests.test_iteration96_arena_cost_fixes.TestArenaEndpoints" name="test_arena_leaderboard" time="0.051" /><testcase classname="backend.tests.test_iteration96_arena_cost_fixes.TestCodeVerification" name="test_routes_cost_intelligence_uses_estimated_cost_usd" time="0.000" /><testcase classname="backend.tests.test_iteration96_arena_cost_fixes.TestCodeVerification" name="test_collaboration_core_uses_estimated_cost_usd" time="0.001" /><testcase classname="backend.tests.test_iteration96_arena_cost_fixes.TestCodeVerification" name="test_agent_context_builder_uses_estimated_cost_usd" time="0.000" /><testcase classname="backend.tests.test_iteration96_arena_cost_fixes.TestCodeVerification" name="test_cost_batch_job_exists_and_registered" time="0.000" /><testcase classname="backend.tests.test_iteration96_arena_cost_fixes.TestCodeVerification" name="test_marketplace_page_uses_api_instance" time="0.000" /><testcase classname="backend.tests.test_iteration96_arena_cost_fixes.TestCodeVerification" name="test_agent_arena_panel_uses_api_models" time="0.000" /></testsuite></testsuites>