<?xml version="1.0" encoding="utf-8"?><testsuites name="pytest tests"><testsuite name="pytest" errors="0" failures="0" skipped="0" tests="26" time="1.055" timestamp="2026-03-06T21:59:51.110047+00:00" hostname="agent-env-a9171ce9-e21e-4fe3-af2a-fa5c0d989c7f"><testcase classname="tests.test_iteration56_tool_parsing.TestParseToolCallsFormats" name="test_format_1_uppercase_brackets" time="0.000" /><testcase classname="tests.test_iteration56_tool_parsing.TestParseToolCallsFormats" name="test_format_2_xml_style" time="0.000" /><testcase classname="tests.test_iteration56_tool_parsing.TestParseToolCallsFormats" name="test_format_3_lowercase_brackets" time="0.000" /><testcase classname="tests.test_iteration56_tool_parsing.TestParseToolCallsFormats" name="test_format_4_code_block_tool" time="0.000" /><testcase classname="tests.test_iteration56_tool_parsing.TestParseToolCallsFormats" name="test_format_5_code_block_json" time="0.000" /><testcase classname="tests.test_iteration56_tool_parsing.TestParseToolCallsFormats" name="test_multiple_mixed_formats" time="0.000" /><testcase classname="tests.test_iteration56_tool_parsing.TestParseToolCallsFormats" name="test_deduplication_same_tool_call" time="0.000" /><testcase classname="tests.test_iteration56_tool_parsing.TestParseToolCallsFormats" name="test_empty_response" time="0.000" /><testcase classname="tests.test_iteration56_tool_parsing.TestParseToolCallsFormats" name="test_no_tool_calls" time="0.000" /><testcase classname="tests.test_iteration56_tool_parsing.TestStripToolCalls" name="test_strip_uppercase_brackets" time="0.000" /><testcase classname="tests.test_iteration56_tool_parsing.TestStripToolCalls" name="test_strip_xml_style" time="0.000" /><testcase classname="tests.test_iteration56_tool_parsing.TestStripToolCalls" name="test_strip_lowercase_brackets" time="0.000" /><testcase classname="tests.test_iteration56_tool_parsing.TestStripToolCalls" name="test_strip_code_block_tool" time="0.000" /><testcase classname="tests.test_iteration56_tool_parsing.TestStripToolCalls" name="test_strip_all_mixed_formats" time="0.000" /><testcase classname="tests.test_iteration56_tool_parsing.TestToolDefinitions" name="test_all_17_tools_defined" time="0.000" /><testcase classname="tests.test_iteration56_tool_parsing.TestToolDefinitions" name="test_tool_call_patterns_count" time="0.000" /><testcase classname="tests.test_iteration56_tool_parsing.TestAIToolsAPI" name="test_get_ai_tools_returns_all_17_tools" time="0.205" /><testcase classname="tests.test_iteration56_tool_parsing.TestAIToolsAPI" name="test_tool_has_description_and_params" time="0.142" /><testcase classname="tests.test_iteration56_tool_parsing.TestLegalPagesRegression" name="test_terms_page_accessible" time="0.113" /><testcase classname="tests.test_iteration56_tool_parsing.TestLegalPagesRegression" name="test_privacy_page_accessible" time="0.196" /><testcase classname="tests.test_iteration56_tool_parsing.TestAuthenticatedToolExecution" name="test_workspace_exists" time="0.138" /><testcase classname="tests.test_iteration56_tool_parsing.TestPatternMatching" name="test_pattern_1_uppercase" time="0.000" /><testcase classname="tests.test_iteration56_tool_parsing.TestPatternMatching" name="test_pattern_2_xml" time="0.000" /><testcase classname="tests.test_iteration56_tool_parsing.TestPatternMatching" name="test_pattern_3_lowercase" time="0.000" /><testcase classname="tests.test_iteration56_tool_parsing.TestPatternMatching" name="test_pattern_4_code_block_tool" time="0.000" /><testcase classname="tests.test_iteration56_tool_parsing.TestPatternMatching" name="test_pattern_5_code_block_json" time="0.000" /></testsuite></testsuites>