<?xml version="1.0" encoding="utf-8"?><testsuites name="pytest tests"><testsuite name="pytest" errors="0" failures="0" skipped="3" tests="18" time="9.332" timestamp="2026-03-27T12:04:26.233008+00:00" hostname="agent-env-978bb3e6-3822-4974-b151-c43f9f72020c"><testcase classname="tests.test_iteration116_nexus_ai_budgets.TestNexusAIBudgetAPIs" name="test_platform_budget_get" time="0.619" /><testcase classname="tests.test_iteration116_nexus_ai_budgets.TestNexusAIBudgetAPIs" name="test_platform_budget_put" time="0.536" /><testcase classname="tests.test_iteration116_nexus_ai_budgets.TestNexusAIBudgetAPIs" name="test_platform_dashboard_get" time="0.459" /><testcase classname="tests.test_iteration116_nexus_ai_budgets.TestNexusAIBudgetAPIs" name="test_workspace_budget_get" time="0.453" /><testcase classname="tests.test_iteration116_nexus_ai_budgets.TestNexusAIBudgetAPIs" name="test_workspace_budget_put" time="0.494" /><testcase classname="tests.test_iteration116_nexus_ai_budgets.TestNexusAIBudgetAPIs" name="test_workspace_dashboard_get" time="0.534" /><testcase classname="tests.test_iteration116_nexus_ai_budgets.TestNexusAIBudgetAPIs" name="test_budget_validation_warn_exceeds_cap" time="0.490" /><testcase classname="tests.test_iteration116_nexus_ai_budgets.TestNexusAIBudgetAPIs" name="test_budget_validation_negative_values" time="0.450" /><testcase classname="tests.test_iteration116_nexus_ai_budgets.TestNexusAIBudgetAPIs" name="test_github_pull_endpoint_accessible" time="0.740" /><testcase classname="tests.test_iteration116_nexus_ai_budgets.TestNexusAIBudgetAPIs" name="test_github_push_endpoint_accessible" time="0.837" /><testcase classname="tests.test_iteration116_nexus_ai_budgets.TestNexusAIBudgetAPIs" name="test_managed_keys_settings_get" time="0.541" /><testcase classname="tests.test_iteration116_nexus_ai_budgets.TestNexusAIBudgetAPIs" name="test_managed_keys_credits_get" time="0.450" /><testcase classname="tests.test_iteration116_nexus_ai_budgets.TestNexusAIBudgetAPIs" name="test_admin_managed_keys_get" time="0.444" /><testcase classname="tests.test_iteration116_nexus_ai_budgets.TestBudgetHierarchy" name="test_workspace_budget_overrides_platform" time="0.558" /><testcase classname="tests.test_iteration116_nexus_ai_budgets.TestBudgetHierarchy" name="test_disable_workspace_budget_falls_back_to_platform" time="0.497" /><testcase classname="tests.test_iteration116_nexus_ai_budgets.TestOrgBudgetAPIs" name="test_org_budget_get" time="0.371"><skipped type="pytest.skip" message="No org admin membership found">/app/backend/tests/test_iteration116_nexus_ai_budgets.py:423: No org admin membership found</skipped></testcase><testcase classname="tests.test_iteration116_nexus_ai_budgets.TestOrgBudgetAPIs" name="test_org_budget_put" time="0.387"><skipped type="pytest.skip" message="No org admin membership found">/app/backend/tests/test_iteration116_nexus_ai_budgets.py:437: No org admin membership found</skipped></testcase><testcase classname="tests.test_iteration116_nexus_ai_budgets.TestOrgBudgetAPIs" name="test_org_dashboard_get" time="0.373"><skipped type="pytest.skip" message="No org admin membership found">/app/backend/tests/test_iteration116_nexus_ai_budgets.py:459: No org admin membership found</skipped></testcase></testsuite></testsuites>