<?xml version="1.0" encoding="utf-8"?><testsuites name="pytest tests"><testsuite name="pytest" errors="0" failures="0" skipped="0" tests="20" time="2.170" timestamp="2026-03-12T04:29:44.520885+00:00" hostname="agent-env-56245a13-5d59-4b15-80ea-65583f9ed802"><testcase classname="backend.tests.test_iteration93_marketplace_status.TestStatusEndpoints" name="test_status_returns_system_metrics" time="0.587" /><testcase classname="backend.tests.test_iteration93_marketplace_status.TestStatusEndpoints" name="test_status_has_ai_models_check" time="0.153" /><testcase classname="backend.tests.test_iteration93_marketplace_status.TestRedisHealthEndpoint" name="test_redis_health_endpoint_exists" time="0.049" /><testcase classname="backend.tests.test_iteration93_marketplace_status.TestAPIDocsEndpoint" name="test_api_docs_html_page" time="0.119" /><testcase classname="backend.tests.test_iteration93_marketplace_status.TestMarketplaceBrowse" name="test_browse_agents_returns_list" time="0.052" /><testcase classname="backend.tests.test_iteration93_marketplace_status.TestMarketplaceBrowse" name="test_browse_agents_with_category_filter" time="0.048" /><testcase classname="backend.tests.test_iteration93_marketplace_status.TestMarketplaceBrowse" name="test_browse_agents_with_search" time="0.092" /><testcase classname="backend.tests.test_iteration93_marketplace_status.TestMarketplacePublish" name="test_publish_agent_with_required_fields" time="0.056" /><testcase classname="backend.tests.test_iteration93_marketplace_status.TestMarketplacePublish" name="test_publish_agent_validates_category" time="0.051" /><testcase classname="backend.tests.test_iteration93_marketplace_status.TestMarketplaceAgentDetail" name="test_get_agent_detail_includes_system_prompt" time="0.118" /><testcase classname="backend.tests.test_iteration93_marketplace_status.TestMarketplaceAgentDetail" name="test_get_nonexistent_agent_returns_404" time="0.051" /><testcase classname="backend.tests.test_iteration93_marketplace_status.TestMarketplaceRate" name="test_rate_agent_updates_average" time="0.101" /><testcase classname="backend.tests.test_iteration93_marketplace_status.TestMarketplaceRate" name="test_rate_agent_validates_rating_range" time="0.118" /><testcase classname="backend.tests.test_iteration93_marketplace_status.TestMarketplaceInstall" name="test_install_agent_to_workspace" time="0.122" /><testcase classname="backend.tests.test_iteration93_marketplace_status.TestMarketplaceInstall" name="test_install_requires_workspace_id" time="0.099" /><testcase classname="backend.tests.test_iteration93_marketplace_status.TestMarketplaceStats" name="test_agent_stats_returns_totals" time="0.050" /><testcase classname="backend.tests.test_iteration93_marketplace_status.TestMarketplaceMyAgents" name="test_my_agents_returns_user_published" time="0.047" /><testcase classname="backend.tests.test_iteration93_marketplace_status.TestHealthEndpoints" name="test_basic_health_check" time="0.047" /><testcase classname="backend.tests.test_iteration93_marketplace_status.TestHealthEndpoints" name="test_startup_probe" time="0.058" /><testcase classname="backend.tests.test_iteration93_marketplace_status.TestHealthEndpoints" name="test_liveness_probe" time="0.055" /></testsuite></testsuites>