<?xml version="1.0" encoding="utf-8"?><testsuites name="pytest tests"><testsuite name="pytest" errors="0" failures="0" skipped="0" tests="10" time="1.465" timestamp="2026-03-12T17:02:48.731863+00:00" hostname="agent-env-e8139f41-8b78-4244-9c8d-1b5226d07cb2"><testcase classname="backend.tests.test_iteration103_staleness_pinned_keyboard.TestStalenessDetectionAPI" name="test_staleness_endpoint_returns_correct_structure" time="0.586" /><testcase classname="backend.tests.test_iteration103_staleness_pinned_keyboard.TestStalenessDetectionAPI" name="test_staleness_endpoint_custom_threshold" time="0.141" /><testcase classname="backend.tests.test_iteration103_staleness_pinned_keyboard.TestStalenessDetectionAPI" name="test_staleness_topic_breakdown" time="0.056" /><testcase classname="backend.tests.test_iteration103_staleness_pinned_keyboard.TestRAGPipeline" name="test_train_text_creates_chunks" time="0.074" /><testcase classname="backend.tests.test_iteration103_staleness_pinned_keyboard.TestRAGPipeline" name="test_knowledge_query_returns_results" time="0.066" /><testcase classname="backend.tests.test_iteration103_staleness_pinned_keyboard.TestRAGPipeline" name="test_knowledge_stats_endpoint" time="0.058" /><testcase classname="backend.tests.test_iteration103_staleness_pinned_keyboard.TestRAGPipeline" name="test_knowledge_list_with_filters" time="0.063" /><testcase classname="backend.tests.test_iteration103_staleness_pinned_keyboard.TestTrainingQualityDashboard" name="test_quality_dashboard_returns_coverage" time="0.062" /><testcase classname="backend.tests.test_iteration103_staleness_pinned_keyboard.TestTrainingSessions" name="test_get_training_sessions" time="0.063" /><testcase classname="backend.tests.test_iteration103_staleness_pinned_keyboard.TestAutoRefreshToggle" name="test_toggle_auto_refresh" time="0.180" /></testsuite></testsuites>