<?xml version="1.0" encoding="utf-8"?><testsuites name="pytest tests"><testsuite name="pytest" errors="0" failures="0" skipped="0" tests="14" time="19.498" timestamp="2026-03-08T18:54:27.113646+00:00" hostname="agent-env-ff90cc24-289c-47b4-b9bd-200dabdbeb8d"><testcase classname="backend.tests.test_iteration67_browser_collab.TestBrowserAgentIntegration" name="test_browser_status_before_open" time="0.839" /><testcase classname="backend.tests.test_iteration67_browser_collab.TestBrowserAgentIntegration" name="test_browser_open" time="2.892" /><testcase classname="backend.tests.test_iteration67_browser_collab.TestBrowserAgentIntegration" name="test_browser_text" time="1.626" /><testcase classname="backend.tests.test_iteration67_browser_collab.TestBrowserAgentIntegration" name="test_browser_text_without_session" time="0.616" /><testcase classname="backend.tests.test_iteration67_browser_collab.TestBrowserAgentIntegration" name="test_browser_click" time="2.081" /><testcase classname="backend.tests.test_iteration67_browser_collab.TestBrowserAgentIntegration" name="test_browser_click_without_session" time="0.649" /><testcase classname="backend.tests.test_iteration67_browser_collab.TestBrowserAgentIntegration" name="test_browser_navigate" time="1.889" /><testcase classname="backend.tests.test_iteration67_browser_collab.TestBrowserAgentIntegration" name="test_browser_navigate_without_url" time="1.667" /><testcase classname="backend.tests.test_iteration67_browser_collab.TestBrowserAgentIntegration" name="test_browser_close" time="1.736" /><testcase classname="backend.tests.test_iteration67_browser_collab.TestBrowserAgentIntegration" name="test_browser_status_after_open" time="1.594" /><testcase classname="backend.tests.test_iteration67_browser_collab.TestCollaborativeEditing" name="test_editor_participants_empty_session" time="0.559" /><testcase classname="backend.tests.test_iteration67_browser_collab.TestCollaborativeEditing" name="test_websocket_editor_endpoint_exists" time="0.678" /><testcase classname="backend.tests.test_iteration67_browser_collab.TestBrowserGetElementsTool" name="test_browser_get_elements_tool_in_definitions" time="0.382" /><testcase classname="backend.tests.test_iteration67_browser_collab.TestBrowserFullWorkflow" name="test_full_browser_workflow" time="2.150" /></testsuite></testsuites>