<?xml version="1.0" encoding="utf-8"?><testsuites name="pytest tests"><testsuite name="pytest" errors="0" failures="0" skipped="0" tests="11" time="6.127" timestamp="2026-03-27T12:30:21.321700+00:00" hostname="agent-env-978bb3e6-3822-4974-b151-c43f9f72020c"><testcase classname="tests.test_iteration117_bug_fixes.TestBugFixes" name="test_ai_keys_test_no_debug_field" time="0.748" /><testcase classname="tests.test_iteration117_bug_fixes.TestBugFixes" name="test_memory_upload_bearer_auth" time="0.626" /><testcase classname="tests.test_iteration117_bug_fixes.TestBugFixes" name="test_image_to_video_fail_fast_501" time="0.517" /><testcase classname="tests.test_iteration117_bug_fixes.TestBugFixes" name="test_media_jobs_still_responsive" time="0.539" /><testcase classname="tests.test_iteration117_bug_fixes.TestBugFixes" name="test_routes_media_not_double_registered" time="0.482" /><testcase classname="tests.test_iteration117_bug_fixes.TestBugFixes" name="test_media_endpoints_no_cascade_failure" time="0.710" /><testcase classname="tests.test_iteration117_bug_fixes.TestAIKeysTestEndpoint" name="test_ai_keys_test_response_structure_valid_format" time="0.502" /><testcase classname="tests.test_iteration117_bug_fixes.TestAIKeysTestEndpoint" name="test_ai_keys_test_error_response_no_leak" time="0.396" /><testcase classname="tests.test_iteration117_bug_fixes.TestImageToVideoFailFast" name="test_image_to_video_missing_source_image_id" time="0.449" /><testcase classname="tests.test_iteration117_bug_fixes.TestImageToVideoFailFast" name="test_image_to_video_with_source_returns_501" time="0.492" /><testcase classname="tests.test_iteration117_bug_fixes.TestImageToVideoFailFast" name="test_image_to_video_does_not_block_other_endpoints" time="0.593" /></testsuite></testsuites>