<?xml version="1.0" encoding="utf-8"?><testsuites name="pytest tests"><testsuite name="pytest" errors="0" failures="0" skipped="0" tests="22" time="2.533" timestamp="2026-03-06T20:45:28.858537+00:00" hostname="agent-env-a9171ce9-e21e-4fe3-af2a-fa5c0d989c7f"><testcase classname="backend.tests.test_iteration54_features.TestRepoAnalytics" name="test_repo_analytics_returns_200" time="0.551" /><testcase classname="backend.tests.test_iteration54_features.TestRepoAnalytics" name="test_repo_analytics_has_required_fields" time="0.062" /><testcase classname="backend.tests.test_iteration54_features.TestRepoAnalytics" name="test_repo_analytics_field_types" time="0.055" /><testcase classname="backend.tests.test_iteration54_features.TestRepoAnalytics" name="test_repo_analytics_language_stats_structure" time="0.055" /><testcase classname="backend.tests.test_iteration54_features.TestRepoAnalytics" name="test_repo_analytics_contributors_structure" time="0.071" /><testcase classname="backend.tests.test_iteration54_features.TestRepoAnalytics" name="test_repo_analytics_recent_commits_structure" time="0.125" /><testcase classname="backend.tests.test_iteration54_features.TestUserPreferences" name="test_get_user_preferences_returns_200" time="0.059" /><testcase classname="backend.tests.test_iteration54_features.TestUserPreferences" name="test_get_user_preferences_returns_theme_and_language" time="0.071" /><testcase classname="backend.tests.test_iteration54_features.TestUserPreferences" name="test_put_user_preferences_theme_dark" time="0.125" /><testcase classname="backend.tests.test_iteration54_features.TestUserPreferences" name="test_put_user_preferences_theme_light" time="0.111" /><testcase classname="backend.tests.test_iteration54_features.TestUserPreferences" name="test_put_user_preferences_theme_system" time="0.100" /><testcase classname="backend.tests.test_iteration54_features.TestUserPreferences" name="test_put_user_preferences_revert_to_dark" time="0.049" /><testcase classname="backend.tests.test_iteration54_features.TestWorkspaceSettings" name="test_get_workspace_settings_returns_200" time="0.051" /><testcase classname="backend.tests.test_iteration54_features.TestWorkspaceSettings" name="test_get_workspace_settings_has_auto_collab_max_rounds" time="0.064" /><testcase classname="backend.tests.test_iteration54_features.TestWorkspaceSettings" name="test_put_workspace_settings_auto_collab_rounds" time="0.222" /><testcase classname="backend.tests.test_iteration54_features.TestWorkspaceSettings" name="test_put_workspace_settings_min_rounds" time="0.121" /><testcase classname="backend.tests.test_iteration54_features.TestWorkspaceSettings" name="test_put_workspace_settings_max_rounds" time="0.150" /><testcase classname="backend.tests.test_iteration54_features.TestRegression" name="test_channels_list_returns_200" time="0.062" /><testcase classname="backend.tests.test_iteration54_features.TestRegression" name="test_messages_endpoint_works" time="0.135" /><testcase classname="backend.tests.test_iteration54_features.TestRegression" name="test_code_repo_tree_returns_200" time="0.059" /><testcase classname="backend.tests.test_iteration54_features.TestRegression" name="test_code_repo_branches_returns_200" time="0.056" /><testcase classname="backend.tests.test_iteration54_features.TestRegression" name="test_workspace_exists" time="0.050" /></testsuite></testsuites>