<?xml version="1.0" encoding="utf-8"?><testsuites name="pytest tests"><testsuite name="pytest" errors="0" failures="0" skipped="0" tests="17" time="1.942" timestamp="2026-03-07T14:47:28.077771+00:00" hostname="agent-env-a9171ce9-e21e-4fe3-af2a-fa5c0d989c7f"><testcase classname="backend.tests.test_iteration57_vibe_coding_features.TestHealthAndAuth" name="test_health_endpoint" time="0.129" /><testcase classname="backend.tests.test_iteration57_vibe_coding_features.TestHealthAndAuth" name="test_login_with_credentials" time="0.110" /><testcase classname="backend.tests.test_iteration57_vibe_coding_features.TestMessageReactions" name="test_react_endpoint_exists" time="0.109" /><testcase classname="backend.tests.test_iteration57_vibe_coding_features.TestMessageReactions" name="test_react_thumbs_up" time="0.104" /><testcase classname="backend.tests.test_iteration57_vibe_coding_features.TestMessageReactions" name="test_react_thumbs_down" time="0.128" /><testcase classname="backend.tests.test_iteration57_vibe_coding_features.TestMessagePin" name="test_pin_endpoint_exists" time="0.109" /><testcase classname="backend.tests.test_iteration57_vibe_coding_features.TestMessageSearch" name="test_search_endpoint_exists" time="0.104" /><testcase classname="backend.tests.test_iteration57_vibe_coding_features.TestMessageSearch" name="test_search_with_query_param" time="0.113" /><testcase classname="backend.tests.test_iteration57_vibe_coding_features.TestMessageSearch" name="test_search_empty_query" time="0.106" /><testcase classname="backend.tests.test_iteration57_vibe_coding_features.TestPinnedMessages" name="test_pinned_endpoint_exists" time="0.112" /><testcase classname="backend.tests.test_iteration57_vibe_coding_features.TestChannelMessages" name="test_messages_endpoint_exists" time="0.105" /><testcase classname="backend.tests.test_iteration57_vibe_coding_features.TestWorkspaceEndpoints" name="test_workspaces_list" time="0.097" /><testcase classname="backend.tests.test_iteration57_vibe_coding_features.TestWorkspaceEndpoints" name="test_ai_models_endpoint" time="0.113" /><testcase classname="backend.tests.test_iteration57_vibe_coding_features.TestAgentStatusEndpoints" name="test_channel_status" time="0.112" /><testcase classname="backend.tests.test_iteration57_vibe_coding_features.TestAgentStatusEndpoints" name="test_channel_auto_collab" time="0.106" /><testcase classname="backend.tests.test_iteration57_vibe_coding_features.TestTaskEndpoints" name="test_workspace_tasks" time="0.111" /><testcase classname="backend.tests.test_iteration57_vibe_coding_features.TestTaskEndpoints" name="test_workspace_all_tasks" time="0.101" /></testsuite></testsuites>