<?xml version="1.0" encoding="utf-8"?><testsuites name="pytest tests"><testsuite name="pytest" errors="0" failures="0" skipped="0" tests="19" time="4.795" timestamp="2026-03-03T18:31:32.570322+00:00" hostname="agent-env-646e5646-a75b-431b-9d05-22ddb734b46a"><testcase classname="backend.tests.test_nexus_iteration13.TestHealthAndSetup" name="test_api_health" time="0.183" /><testcase classname="backend.tests.test_nexus_iteration13.TestEmailAuthentication" name="test_login_with_test_user" time="0.373" /><testcase classname="backend.tests.test_nexus_iteration13.TestEmailAuthentication" name="test_login_invalid_credentials" time="0.130" /><testcase classname="backend.tests.test_nexus_iteration13.TestSuperAdminAccess" name="test_super_admin_check_with_session_token" time="0.173" /><testcase classname="backend.tests.test_nexus_iteration13.TestSuperAdminAccess" name="test_super_admin_stats_access" time="0.119" /><testcase classname="backend.tests.test_nexus_iteration13.TestSuperAdminAccess" name="test_super_admin_users_list" time="0.111" /><testcase classname="backend.tests.test_nexus_iteration13.TestSuperAdminAccess" name="test_super_admin_bugs_list" time="0.106" /><testcase classname="backend.tests.test_nexus_iteration13.TestSuperAdminAccess" name="test_super_admin_activity_logs" time="0.154" /><testcase classname="backend.tests.test_nexus_iteration13.TestNormalUserAccess" name="test_normal_user_admin_check" time="0.437" /><testcase classname="backend.tests.test_nexus_iteration13.TestNormalUserAccess" name="test_normal_user_denied_admin_stats" time="0.756" /><testcase classname="backend.tests.test_nexus_iteration13.TestNormalUserAccess" name="test_normal_user_denied_admin_users" time="0.468" /><testcase classname="backend.tests.test_nexus_iteration13.TestBugReportSubmission" name="test_submit_bug_report_as_admin" time="0.118" /><testcase classname="backend.tests.test_nexus_iteration13.TestBugReportSubmission" name="test_get_my_bug_reports" time="0.103" /><testcase classname="backend.tests.test_nexus_iteration13.TestAdminBugManagement" name="test_admin_update_bug_status" time="0.231" /><testcase classname="backend.tests.test_nexus_iteration13.TestAdminBugManagement" name="test_admin_update_bug_priority" time="0.232" /><testcase classname="backend.tests.test_nexus_iteration13.TestWorkspaceCreation" name="test_get_workspaces" time="0.104" /><testcase classname="backend.tests.test_nexus_iteration13.TestWorkspaceCreation" name="test_create_workspace" time="0.144" /><testcase classname="backend.tests.test_nexus_iteration13.TestWorkspaceCreation" name="test_get_workspace_details" time="0.261" /><testcase classname="backend.tests.test_nexus_iteration13.TestSuperAdminUnlimitedAccess" name="test_admin_can_trigger_collaboration" time="0.473" /></testsuite></testsuites>