<?xml version="1.0" encoding="utf-8"?><testsuites name="pytest tests"><testsuite name="pytest" errors="0" failures="0" skipped="0" tests="31" time="12.193" timestamp="2026-03-07T18:19:04.102087+00:00" hostname="agent-env-a9171ce9-e21e-4fe3-af2a-fa5c0d989c7f"><testcase classname="backend.tests.test_iteration58_full_qa.TestAuth" name="test_health_check" time="0.169" /><testcase classname="backend.tests.test_iteration58_full_qa.TestAuth" name="test_login_with_credentials" time="0.384" /><testcase classname="backend.tests.test_iteration58_full_qa.TestAuth" name="test_auth_me_returns_tos_status" time="0.385" /><testcase classname="backend.tests.test_iteration58_full_qa.TestMessages" name="test_get_messages" time="0.382" /><testcase classname="backend.tests.test_iteration58_full_qa.TestMessages" name="test_create_message_with_xss_sanitized" time="0.411" /><testcase classname="backend.tests.test_iteration58_full_qa.TestMessages" name="test_react_to_message" time="0.464" /><testcase classname="backend.tests.test_iteration58_full_qa.TestMessages" name="test_pin_message_toggle" time="0.479" /><testcase classname="backend.tests.test_iteration58_full_qa.TestMessages" name="test_search_messages" time="0.401" /><testcase classname="backend.tests.test_iteration58_full_qa.TestCollaboration" name="test_collaborate_trigger" time="0.425" /><testcase classname="backend.tests.test_iteration58_full_qa.TestCollaboration" name="test_human_priority_get" time="0.420" /><testcase classname="backend.tests.test_iteration58_full_qa.TestCollaboration" name="test_resume_agents" time="0.383" /><testcase classname="backend.tests.test_iteration58_full_qa.TestPersistMode" name="test_get_persist_status" time="0.391" /><testcase classname="backend.tests.test_iteration58_full_qa.TestPersistMode" name="test_toggle_persist" time="0.402" /><testcase classname="backend.tests.test_iteration58_full_qa.TestAgentConfig" name="test_agent_toggle" time="0.413" /><testcase classname="backend.tests.test_iteration58_full_qa.TestAgentConfig" name="test_get_ai_models" time="0.384" /><testcase classname="backend.tests.test_iteration58_full_qa.TestAgentConfig" name="test_channel_update_with_agents" time="0.385" /><testcase classname="backend.tests.test_iteration58_full_qa.TestWorkspaceSettings" name="test_get_workspace_settings" time="0.375" /><testcase classname="backend.tests.test_iteration58_full_qa.TestWorkspaceSettings" name="test_put_workspace_settings" time="0.398" /><testcase classname="backend.tests.test_iteration58_full_qa.TestTasks" name="test_get_all_tasks_grouped" time="0.394" /><testcase classname="backend.tests.test_iteration58_full_qa.TestTasks" name="test_task_detail" time="0.438" /><testcase classname="backend.tests.test_iteration58_full_qa.TestMilestones" name="test_get_milestones_with_progress" time="0.470" /><testcase classname="backend.tests.test_iteration58_full_qa.TestWiki" name="test_get_wiki_pages" time="0.394" /><testcase classname="backend.tests.test_iteration58_full_qa.TestCodeRepo" name="test_get_repo_tree" time="0.405" /><testcase classname="backend.tests.test_iteration58_full_qa.TestCodeRepo" name="test_get_repo_download" time="0.428" /><testcase classname="backend.tests.test_iteration58_full_qa.TestTranscript" name="test_get_transcript" time="0.419" /><testcase classname="backend.tests.test_iteration58_full_qa.TestDirectives" name="test_get_directives" time="0.388" /><testcase classname="backend.tests.test_iteration58_full_qa.TestActivities" name="test_get_activities" time="0.428" /><testcase classname="backend.tests.test_iteration58_full_qa.TestUnifiedSearch" name="test_unified_search" time="0.403" /><testcase classname="backend.tests.test_iteration58_full_qa.TestAITools" name="test_get_ai_tools" time="0.378" /><testcase classname="backend.tests.test_iteration58_full_qa.TestLegal" name="test_get_tos_version" time="0.109" /><testcase classname="backend.tests.test_iteration58_full_qa.TestPlatform" name="test_get_platform_capabilities" time="0.382" /></testsuite></testsuites>