<?xml version="1.0" encoding="utf-8"?><testsuites name="pytest tests"><testsuite name="pytest" errors="0" failures="0" skipped="0" tests="31" time="5.648" timestamp="2026-03-04T01:43:16.635476+00:00" hostname="agent-env-6896e858-63d9-460a-a685-8081ad012c1c"><testcase classname="backend.tests.test_marketplace_artifacts.TestMarketplaceBrowse" name="test_browse_global_marketplace" time="0.514" /><testcase classname="backend.tests.test_marketplace_artifacts.TestMarketplaceBrowse" name="test_browse_marketplace_with_category_filter" time="0.066" /><testcase classname="backend.tests.test_marketplace_artifacts.TestMarketplaceBrowse" name="test_browse_marketplace_with_search" time="0.066" /><testcase classname="backend.tests.test_marketplace_artifacts.TestMarketplaceBrowse" name="test_browse_marketplace_sort_options" time="0.207" /><testcase classname="backend.tests.test_marketplace_artifacts.TestMarketplaceBrowse" name="test_browse_org_marketplace" time="0.072" /><testcase classname="backend.tests.test_marketplace_artifacts.TestMarketplaceTemplateDetails" name="test_get_template_details" time="0.124" /><testcase classname="backend.tests.test_marketplace_artifacts.TestMarketplaceTemplateDetails" name="test_get_nonexistent_template" time="0.069" /><testcase classname="backend.tests.test_marketplace_artifacts.TestMarketplacePublish" name="test_publish_workflow_to_marketplace" time="0.323" /><testcase classname="backend.tests.test_marketplace_artifacts.TestMarketplacePublish" name="test_publish_empty_workflow_fails" time="0.133" /><testcase classname="backend.tests.test_marketplace_artifacts.TestMarketplacePublish" name="test_publish_nonexistent_workflow_fails" time="0.060" /><testcase classname="backend.tests.test_marketplace_artifacts.TestMarketplaceImport" name="test_import_template_creates_workflow" time="0.133" /><testcase classname="backend.tests.test_marketplace_artifacts.TestMarketplaceImport" name="test_import_increments_usage_count" time="0.269" /><testcase classname="backend.tests.test_marketplace_artifacts.TestMarketplaceImport" name="test_import_without_workspace_id_fails" time="0.155" /><testcase classname="backend.tests.test_marketplace_artifacts.TestMarketplaceRating" name="test_rate_template" time="0.130" /><testcase classname="backend.tests.test_marketplace_artifacts.TestMarketplaceRating" name="test_update_existing_rating" time="0.198" /><testcase classname="backend.tests.test_marketplace_artifacts.TestMarketplaceRating" name="test_invalid_rating_value" time="0.174" /><testcase classname="backend.tests.test_marketplace_artifacts.TestArtifactCRUD" name="test_create_artifact" time="0.057" /><testcase classname="backend.tests.test_marketplace_artifacts.TestArtifactCRUD" name="test_create_artifact_with_different_types" time="0.237" /><testcase classname="backend.tests.test_marketplace_artifacts.TestArtifactCRUD" name="test_list_artifacts" time="0.061" /><testcase classname="backend.tests.test_marketplace_artifacts.TestArtifactCRUD" name="test_list_artifacts_with_search" time="0.066" /><testcase classname="backend.tests.test_marketplace_artifacts.TestArtifactCRUD" name="test_list_artifacts_filter_by_type" time="0.071" /><testcase classname="backend.tests.test_marketplace_artifacts.TestArtifactCRUD" name="test_list_artifacts_filter_by_pinned" time="0.058" /><testcase classname="backend.tests.test_marketplace_artifacts.TestArtifactCRUD" name="test_get_artifact_with_versions" time="0.147" /><testcase classname="backend.tests.test_marketplace_artifacts.TestArtifactCRUD" name="test_get_nonexistent_artifact" time="0.059" /><testcase classname="backend.tests.test_marketplace_artifacts.TestArtifactUpdate" name="test_update_artifact_creates_new_version" time="0.193" /><testcase classname="backend.tests.test_marketplace_artifacts.TestArtifactUpdate" name="test_update_artifact_name_only" time="0.182" /><testcase classname="backend.tests.test_marketplace_artifacts.TestArtifactUpdate" name="test_update_artifact_tags" time="0.133" /><testcase classname="backend.tests.test_marketplace_artifacts.TestArtifactPinAndTag" name="test_toggle_pin" time="0.173" /><testcase classname="backend.tests.test_marketplace_artifacts.TestArtifactPinAndTag" name="test_add_tags" time="0.114" /><testcase classname="backend.tests.test_marketplace_artifacts.TestArtifactDelete" name="test_delete_artifact" time="0.190" /><testcase classname="backend.tests.test_marketplace_artifacts.TestArtifactDelete" name="test_delete_nonexistent_artifact" time="1.061" /></testsuite></testsuites>