<?xml version="1.0" encoding="utf-8"?><testsuites name="pytest tests"><testsuite name="pytest" errors="0" failures="3" skipped="0" tests="32" time="204.531" timestamp="2026-03-04T22:13:14.119630+00:00" hostname="agent-env-74ed4dcf-cb84-48dc-8932-8cd50018b6c6"><testcase classname="backend.tests.test_multimedia_spec_gaps.TestStoryboard" name="test_create_storyboard" time="0.665" /><testcase classname="backend.tests.test_multimedia_spec_gaps.TestStoryboard" name="test_list_storyboards" time="0.065" /><testcase classname="backend.tests.test_multimedia_spec_gaps.TestStoryboard" name="test_generate_storyboard_scenes" time="0.073" /><testcase classname="backend.tests.test_multimedia_spec_gaps.TestStoryboard" name="test_storyboard_missing_topic_returns_400" time="0.075" /><testcase classname="backend.tests.test_multimedia_spec_gaps.TestTTSPreview" name="test_tts_preview_returns_audio" time="3.620" /><testcase classname="backend.tests.test_multimedia_spec_gaps.TestTTSPreview" name="test_tts_preview_with_different_voice" time="1.829" /><testcase classname="backend.tests.test_multimedia_spec_gaps.TestTTSPreview" name="test_tts_preview_missing_text_returns_400" time="0.068" /><testcase classname="backend.tests.test_multimedia_spec_gaps.TestPodcast" name="test_generate_podcast" time="0.066" /><testcase classname="backend.tests.test_multimedia_spec_gaps.TestPodcast" name="test_list_podcasts" time="0.059" /><testcase classname="backend.tests.test_multimedia_spec_gaps.TestPodcast" name="test_podcast_missing_topic_returns_400" time="0.059" /><testcase classname="backend.tests.test_multimedia_spec_gaps.TestMediaAnalytics" name="test_get_media_analytics" time="0.062" /><testcase classname="backend.tests.test_multimedia_spec_gaps.TestMediaAnalytics" name="test_media_analytics_with_days_param" time="0.075" /><testcase classname="backend.tests.test_multimedia_spec_gaps.TestMediaSchedules" name="test_create_media_schedule" time="0.094" /><testcase classname="backend.tests.test_multimedia_spec_gaps.TestMediaSchedules" name="test_list_media_schedules" time="0.066" /><testcase classname="backend.tests.test_multimedia_spec_gaps.TestMediaSchedules" name="test_delete_media_schedule" time="0.064" /><testcase classname="backend.tests.test_multimedia_spec_gaps.TestSmartFolders" name="test_get_smart_folders" time="0.070" /><testcase classname="backend.tests.test_multimedia_spec_gaps.TestMediaVersions" name="test_get_media_versions" time="0.063" /><testcase classname="backend.tests.test_multimedia_spec_gaps.TestMediaVersions" name="test_get_versions_for_nonexistent_media" time="0.091" /><testcase classname="backend.tests.test_multimedia_spec_gaps.TestBulkOperations" name="test_bulk_tag_media" time="0.259" /><testcase classname="backend.tests.test_multimedia_spec_gaps.TestBulkOperations" name="test_bulk_move_media" time="0.138" /><testcase classname="backend.tests.test_multimedia_spec_gaps.TestBulkOperations" name="test_bulk_delete_media" time="0.057" /><testcase classname="backend.tests.test_multimedia_spec_gaps.TestBulkOperations" name="test_bulk_tag_missing_params_returns_400" time="0.057" /><testcase classname="backend.tests.test_multimedia_spec_gaps.TestShareLinks" name="test_create_share_link" time="0.065" /><testcase classname="backend.tests.test_multimedia_spec_gaps.TestShareLinks" name="test_access_shared_media" time="0.127" /><testcase classname="backend.tests.test_multimedia_spec_gaps.TestShareLinks" name="test_access_invalid_share_token" time="0.146" /><testcase classname="backend.tests.test_multimedia_spec_gaps.TestImageToVideo" name="test_image_to_video_missing_source_returns_400" time="0.087" /><testcase classname="backend.tests.test_multimedia_spec_gaps.TestImageToVideo" name="test_image_to_video_endpoint_exists" time="60.073"><failure message="AssertionError: Unexpected: 502&#10;assert 502 in [200, 422, 500]&#10; +  where 502 = &lt;Response [502]&gt;.status_code">backend/tests/test_multimedia_spec_gaps.py:539: in test_image_to_video_endpoint_exists
    assert resp.status_code in [200, 422, 500], f"Unexpected: {resp.status_code}"
E   AssertionError: Unexpected: 502
E   assert 502 in [200, 422, 500]
E    +  where 502 = &lt;Response [502]&gt;.status_code</failure></testcase><testcase classname="backend.tests.test_multimedia_spec_gaps.TestMediaJobs" name="test_create_media_job" time="60.206"><failure message="AssertionError: Create job failed: 502&#10;assert 502 == 200&#10; +  where 502 = &lt;Response [502]&gt;.status_code">backend/tests/test_multimedia_spec_gaps.py:559: in test_create_media_job
    assert resp.status_code == 200, f"Create job failed: {resp.status_code}"
E   AssertionError: Create job failed: 502
E   assert 502 == 200
E    +  where 502 = &lt;Response [502]&gt;.status_code</failure></testcase><testcase classname="backend.tests.test_multimedia_spec_gaps.TestMediaJobs" name="test_list_media_jobs" time="60.163"><failure message="AssertionError: List jobs failed: 502&#10;assert 502 == 200&#10; +  where 502 = &lt;Response [502]&gt;.status_code">backend/tests/test_multimedia_spec_gaps.py:573: in test_list_media_jobs
    assert resp.status_code == 200, f"List jobs failed: {resp.status_code}"
E   AssertionError: List jobs failed: 502
E   assert 502 == 200
E    +  where 502 = &lt;Response [502]&gt;.status_code</failure></testcase><testcase classname="backend.tests.test_multimedia_spec_gaps.TestMusicSFXStubs" name="test_generate_music_returns_501" time="15.705" /><testcase classname="backend.tests.test_multimedia_spec_gaps.TestMusicSFXStubs" name="test_generate_sfx_returns_501" time="0.069" /><testcase classname="backend.tests.test_multimedia_spec_gaps.TestWorkflowMediaNodeTypes" name="test_media_node_types_in_workflow" time="0.062" /></testsuite></testsuites>