<?xml version="1.0" encoding="utf-8"?><testsuites name="pytest tests"><testsuite name="pytest" errors="0" failures="0" skipped="0" tests="32" time="3.085" timestamp="2026-03-05T18:59:06.189659+00:00" hostname="agent-env-74ed4dcf-cb84-48dc-8932-8cd50018b6c6"><testcase classname="backend.tests.test_nexus_14_features.TestContentGeneration" name="test_get_content_templates" time="0.400" /><testcase classname="backend.tests.test_nexus_14_features.TestContentGeneration" name="test_create_document_from_template" time="0.065" /><testcase classname="backend.tests.test_nexus_14_features.TestContentGeneration" name="test_create_document_from_chat" time="0.068" /><testcase classname="backend.tests.test_nexus_14_features.TestContentGeneration" name="test_create_slides" time="0.083" /><testcase classname="backend.tests.test_nexus_14_features.TestDrive" name="test_create_folder" time="0.089" /><testcase classname="backend.tests.test_nexus_14_features.TestDrive" name="test_upload_file" time="0.207" /><testcase classname="backend.tests.test_nexus_14_features.TestDrive" name="test_list_files" time="0.061" /><testcase classname="backend.tests.test_nexus_14_features.TestDrive" name="test_get_storage_usage" time="0.069" /><testcase classname="backend.tests.test_nexus_14_features.TestDrive" name="test_share_file" time="0.068" /><testcase classname="backend.tests.test_nexus_14_features.TestResearch" name="test_start_research" time="0.066" /><testcase classname="backend.tests.test_nexus_14_features.TestResearch" name="test_get_research_report" time="0.063" /><testcase classname="backend.tests.test_nexus_14_features.TestFactCheck" name="test_verify_claim" time="0.059" /><testcase classname="backend.tests.test_nexus_14_features.TestFactCheck" name="test_verify_claim_empty_rejected" time="0.057" /><testcase classname="backend.tests.test_nexus_14_features.TestPricing" name="test_get_plans_v2" time="0.052" /><testcase classname="backend.tests.test_nexus_14_features.TestPricing" name="test_check_feature_gate" time="0.055" /><testcase classname="backend.tests.test_nexus_14_features.TestPricing" name="test_check_sso_feature" time="0.056" /><testcase classname="backend.tests.test_nexus_14_features.TestCustomAgents" name="test_create_custom_agent" time="0.067" /><testcase classname="backend.tests.test_nexus_14_features.TestCustomAgents" name="test_list_custom_agents" time="0.071" /><testcase classname="backend.tests.test_nexus_14_features.TestWorkflowTemplates" name="test_get_extended_templates" time="0.059" /><testcase classname="backend.tests.test_nexus_14_features.TestPresence" name="test_presence_heartbeat" time="0.080" /><testcase classname="backend.tests.test_nexus_14_features.TestPresence" name="test_get_workspace_presence" time="0.059" /><testcase classname="backend.tests.test_nexus_14_features.TestExport" name="test_export_chat_to_document" time="0.054" /><testcase classname="backend.tests.test_nexus_14_features.TestExport" name="test_export_chat_to_report" time="0.079" /><testcase classname="backend.tests.test_nexus_14_features.TestMultilingual" name="test_get_languages" time="0.073" /><testcase classname="backend.tests.test_nexus_14_features.TestAIRoles" name="test_assign_ai_role" time="0.072" /><testcase classname="backend.tests.test_nexus_14_features.TestAIRoles" name="test_list_workspace_roles" time="0.082" /><testcase classname="backend.tests.test_nexus_14_features.TestVoiceNotes" name="test_create_voice_note" time="0.159" /><testcase classname="backend.tests.test_nexus_14_features.TestPushNotifications" name="test_register_push_token" time="0.061" /><testcase classname="backend.tests.test_nexus_14_features.TestUnauthorized" name="test_content_templates_unauthorized" time="0.166" /><testcase classname="backend.tests.test_nexus_14_features.TestUnauthorized" name="test_drive_list_unauthorized" time="0.115" /><testcase classname="backend.tests.test_nexus_14_features.TestUnauthorized" name="test_research_start_unauthorized" time="0.124" /><testcase classname="backend.tests.test_nexus_14_features.TestUnauthorized" name="test_billing_plans_unauthorized" time="0.179" /></testsuite></testsuites>