<?xml version="1.0" encoding="utf-8"?><testsuites name="pytest tests"><testsuite name="pytest" errors="0" failures="0" skipped="0" tests="18" time="6.770" timestamp="2026-03-03T17:07:13.843844+00:00" hostname="agent-env-9376b0f3-087e-47f9-8cc8-607f80d89f88"><testcase classname="backend.tests.test_no_emergent_fallback.TestAIModelsConfiguration" name="test_api_health" time="0.243" /><testcase classname="backend.tests.test_no_emergent_fallback.TestAIModelsConfiguration" name="test_all_9_ai_models_available" time="0.216" /><testcase classname="backend.tests.test_no_emergent_fallback.TestServerConfiguration" name="test_claude_requires_user_key" time="0.000" /><testcase classname="backend.tests.test_no_emergent_fallback.TestServerConfiguration" name="test_chatgpt_requires_user_key" time="0.000" /><testcase classname="backend.tests.test_no_emergent_fallback.TestServerConfiguration" name="test_chatgpt_uses_gpt4o_model" time="0.000" /><testcase classname="backend.tests.test_no_emergent_fallback.TestServerConfiguration" name="test_all_models_require_user_key" time="0.000" /><testcase classname="backend.tests.test_no_emergent_fallback.TestServerConfiguration" name="test_no_emergent_fallback_in_collaboration_logic" time="0.001" /><testcase classname="backend.tests.test_no_emergent_fallback.TestServerConfiguration" name="test_no_emergent_fallback_in_task_session_logic" time="0.000" /><testcase classname="backend.tests.test_no_emergent_fallback.TestCollaborationRequiresUserKey" name="test_user_authentication" time="0.207" /><testcase classname="backend.tests.test_no_emergent_fallback.TestCollaborationRequiresUserKey" name="test_channel_exists_with_agents" time="0.207" /><testcase classname="backend.tests.test_no_emergent_fallback.TestCollaborationRequiresUserKey" name="test_trigger_collaboration_without_keys" time="0.181" /><testcase classname="backend.tests.test_no_emergent_fallback.TestCollaborationRequiresUserKey" name="test_check_collaboration_status" time="2.206" /><testcase classname="backend.tests.test_no_emergent_fallback.TestCollaborationRequiresUserKey" name="test_messages_show_system_skip_messages" time="3.273" /><testcase classname="backend.tests.test_no_emergent_fallback.TestSettingsAIKeys" name="test_ai_keys_settings_returns_all_models" time="0.183" /><testcase classname="backend.tests.test_no_emergent_fallback.TestFrontendConfiguration" name="test_aikeysetup_default_is_account" time="0.000" /><testcase classname="backend.tests.test_no_emergent_fallback.TestFrontendConfiguration" name="test_aikeysetup_no_nexus_credits_option" time="0.000" /><testcase classname="backend.tests.test_no_emergent_fallback.TestFrontendConfiguration" name="test_workspaceskillstab_footer_message" time="0.000" /><testcase classname="backend.tests.test_no_emergent_fallback.TestFrontendConfiguration" name="test_workspaceskillstab_hasapikey_function" time="0.000" /></testsuite></testsuites>