<?xml version="1.0" encoding="utf-8"?><testsuites name="pytest tests"><testsuite name="pytest" errors="0" failures="0" skipped="0" tests="13" time="1.923" timestamp="2026-03-04T12:48:08.737010+00:00" hostname="agent-env-74ed4dcf-cb84-48dc-8932-8cd50018b6c6"><testcase classname="backend.tests.test_org_level_features.TestOrgLevelFeatures" name="test_checkpoint_types_returns_5_types" time="0.452" /><testcase classname="backend.tests.test_org_level_features.TestOrgLevelFeatures" name="test_checkpoint_types_have_required_fields" time="0.049" /><testcase classname="backend.tests.test_org_level_features.TestOrgLevelFeatures" name="test_org_projects_returns_list" time="0.048" /><testcase classname="backend.tests.test_org_level_features.TestOrgLevelFeatures" name="test_org_tasks_returns_list" time="0.049" /><testcase classname="backend.tests.test_org_level_features.TestOrgLevelFeatures" name="test_org_tasks_supports_search_filter" time="0.144" /><testcase classname="backend.tests.test_org_level_features.TestOrgLevelFeatures" name="test_org_workflows_returns_list" time="0.048" /><testcase classname="backend.tests.test_org_level_features.TestOrgLevelFeatures" name="test_org_analytics_summary" time="0.048" /><testcase classname="backend.tests.test_org_level_features.TestOrgLevelFeatures" name="test_set_custom_domain" time="0.096" /><testcase classname="backend.tests.test_org_level_features.TestOrgLevelFeatures" name="test_get_login_config" time="0.052" /><testcase classname="backend.tests.test_org_level_features.TestOrgWorkspaceCreationAndRollup" name="test_org_projects_includes_workspace_name" time="0.493" /><testcase classname="backend.tests.test_org_level_features.TestOrgWorkspaceCreationAndRollup" name="test_org_projects_includes_task_counts" time="0.109" /><testcase classname="backend.tests.test_org_level_features.TestOrgWorkspaceCreationAndRollup" name="test_org_tasks_includes_project_and_workspace_name" time="0.049" /><testcase classname="backend.tests.test_org_level_features.TestOrgWorkspaceCreationAndRollup" name="test_org_workspaces_list" time="0.199" /></testsuite></testsuites>