<?xml version="1.0" encoding="utf-8"?><testsuites name="pytest tests"><testsuite name="pytest" errors="0" failures="0" skipped="0" tests="25" time="2.290" timestamp="2026-03-03T19:39:53.914902+00:00" hostname="agent-env-646e5646-a75b-431b-9d05-22ddb734b46a"><testcase classname="backend.tests.test_orgs_multitenancy.TestSlugValidation" name="test_check_slug_available" time="0.185" /><testcase classname="backend.tests.test_orgs_multitenancy.TestSlugValidation" name="test_check_slug_existing_taken" time="0.065" /><testcase classname="backend.tests.test_orgs_multitenancy.TestSlugValidation" name="test_reserved_slug_admin" time="0.062" /><testcase classname="backend.tests.test_orgs_multitenancy.TestSlugValidation" name="test_reserved_slug_api" time="0.053" /><testcase classname="backend.tests.test_orgs_multitenancy.TestSlugValidation" name="test_reserved_slug_auth" time="0.071" /><testcase classname="backend.tests.test_orgs_multitenancy.TestSlugValidation" name="test_invalid_slug_format" time="0.164" /><testcase classname="backend.tests.test_orgs_multitenancy.TestOrgRegistration" name="test_register_org_creates_all_resources" time="0.285" /><testcase classname="backend.tests.test_orgs_multitenancy.TestOrgRegistration" name="test_register_org_reserved_slug_rejected" time="0.062" /><testcase classname="backend.tests.test_orgs_multitenancy.TestOrgRegistration" name="test_register_org_duplicate_email_rejected" time="0.062" /><testcase classname="backend.tests.test_orgs_multitenancy.TestOrgBySlug" name="test_get_org_by_slug_success" time="0.061" /><testcase classname="backend.tests.test_orgs_multitenancy.TestOrgBySlug" name="test_get_org_by_nonexistent_slug" time="0.060" /><testcase classname="backend.tests.test_orgs_multitenancy.TestOrgMembership" name="test_get_my_orgs_as_acme_admin" time="0.065" /><testcase classname="backend.tests.test_orgs_multitenancy.TestOrgWorkspaces" name="test_get_org_workspaces" time="0.058" /><testcase classname="backend.tests.test_orgs_multitenancy.TestOrgWorkspaces" name="test_create_org_workspace" time="0.098" /><testcase classname="backend.tests.test_orgs_multitenancy.TestOrgMembers" name="test_get_org_members" time="0.057" /><testcase classname="backend.tests.test_orgs_multitenancy.TestOrgMembers" name="test_invite_member_user_not_found" time="0.063" /><testcase classname="backend.tests.test_orgs_multitenancy.TestOrgMembers" name="test_invite_member_invalid_role" time="0.077" /><testcase classname="backend.tests.test_orgs_multitenancy.TestOrgRoleChange" name="test_cannot_change_owner_role" time="0.121" /><testcase classname="backend.tests.test_orgs_multitenancy.TestOrgBilling" name="test_get_org_billing" time="0.075" /><testcase classname="backend.tests.test_orgs_multitenancy.TestOrgAnalytics" name="test_get_org_analytics" time="0.068" /><testcase classname="backend.tests.test_orgs_multitenancy.TestOrgAdminStats" name="test_get_org_admin_stats" time="0.052" /><testcase classname="backend.tests.test_orgs_multitenancy.TestPlatformAdminOrgs" name="test_platform_admin_get_all_orgs" time="0.059" /><testcase classname="backend.tests.test_orgs_multitenancy.TestPlatformAdminOrgs" name="test_non_admin_cannot_get_all_orgs" time="0.065" /><testcase classname="backend.tests.test_orgs_multitenancy.TestOrgAccessControl" name="test_unauthenticated_cannot_get_my_orgs" time="0.154" /><testcase classname="backend.tests.test_orgs_multitenancy.TestOrgAccessControl" name="test_non_member_cannot_access_org_workspaces" time="0.054" /></testsuite></testsuites>