<?xml version="1.0" encoding="utf-8"?><testsuites name="pytest tests"><testsuite name="pytest" errors="0" failures="0" skipped="2" tests="23" time="1.992" timestamp="2026-03-04T10:13:58.271561+00:00" hostname="agent-env-74ed4dcf-cb84-48dc-8932-8cd50018b6c6"><testcase classname="tests.test_p1_handoffs_memory_logs.TestWorkflowExecutionLogs" name="test_get_execution_logs_existing_run" time="0.506"><skipped type="pytest.skip" message="No workflow runs found to test logs endpoint">/app/backend/tests/test_p1_handoffs_memory_logs.py:67: No workflow runs found to test logs endpoint</skipped></testcase><testcase classname="tests.test_p1_handoffs_memory_logs.TestWorkflowExecutionLogs" name="test_get_logs_nonexistent_run" time="0.050" /><testcase classname="tests.test_p1_handoffs_memory_logs.TestWorkflowExecutionLogs" name="test_logs_response_structure" time="0.047"><skipped type="pytest.skip" message="No workflow run with log entries found">/app/backend/tests/test_p1_handoffs_memory_logs.py:98: No workflow run with log entries found</skipped></testcase><testcase classname="tests.test_p1_handoffs_memory_logs.TestAgentHandoffs" name="test_create_handoff" time="0.049" /><testcase classname="tests.test_p1_handoffs_memory_logs.TestAgentHandoffs" name="test_list_handoffs" time="0.062" /><testcase classname="tests.test_p1_handoffs_memory_logs.TestAgentHandoffs" name="test_list_handoffs_returns_all_fields" time="0.049" /><testcase classname="tests.test_p1_handoffs_memory_logs.TestAgentHandoffs" name="test_acknowledge_handoff" time="0.048" /><testcase classname="tests.test_p1_handoffs_memory_logs.TestAgentHandoffs" name="test_acknowledge_nonexistent_handoff" time="0.047" /><testcase classname="tests.test_p1_handoffs_memory_logs.TestAgentHandoffs" name="test_handoff_message_posted" time="0.046" /><testcase classname="tests.test_p1_handoffs_memory_logs.TestKnowledgeBaseMemory" name="test_create_memory_entry" time="0.049" /><testcase classname="tests.test_p1_handoffs_memory_logs.TestKnowledgeBaseMemory" name="test_create_memory_upsert_existing_key" time="0.058" /><testcase classname="tests.test_p1_handoffs_memory_logs.TestKnowledgeBaseMemory" name="test_list_memory_entries" time="0.047" /><testcase classname="tests.test_p1_handoffs_memory_logs.TestKnowledgeBaseMemory" name="test_list_memory_with_search" time="0.055" /><testcase classname="tests.test_p1_handoffs_memory_logs.TestKnowledgeBaseMemory" name="test_list_memory_with_category_filter" time="0.048" /><testcase classname="tests.test_p1_handoffs_memory_logs.TestKnowledgeBaseMemory" name="test_update_memory_entry" time="0.047" /><testcase classname="tests.test_p1_handoffs_memory_logs.TestKnowledgeBaseMemory" name="test_update_nonexistent_memory" time="0.044" /><testcase classname="tests.test_p1_handoffs_memory_logs.TestKnowledgeBaseMemory" name="test_delete_memory_entry" time="0.142" /><testcase classname="tests.test_p1_handoffs_memory_logs.TestKnowledgeBaseMemory" name="test_delete_nonexistent_memory" time="0.045" /><testcase classname="tests.test_p1_handoffs_memory_logs.TestKnowledgeBaseMemory" name="test_get_memory_categories" time="0.052" /><testcase classname="tests.test_p1_handoffs_memory_logs.TestAIToolsEndpoint" name="test_ai_tools_returns_9_tools" time="0.048" /><testcase classname="tests.test_p1_handoffs_memory_logs.TestAIToolsEndpoint" name="test_ai_tools_structure" time="0.050" /><testcase classname="tests.test_p1_handoffs_memory_logs.TestMergeNodeLogic" name="test_workflow_nodes_support_merge_type" time="0.172" /><testcase classname="tests.test_p1_handoffs_memory_logs.TestCleanup" name="test_cleanup_test_memory" time="0.095" /></testsuite></testsuites>