<?xml version="1.0" encoding="utf-8"?><testsuites name="pytest tests"><testsuite name="pytest" errors="0" failures="0" skipped="2" tests="24" time="6.804" timestamp="2026-03-04T11:38:45.673534+00:00" hostname="agent-env-74ed4dcf-cb84-48dc-8932-8cd50018b6c6"><testcase classname="backend.tests.test_p2_export_webhooks_model_perf.TestAuditLog" name="test_get_audit_log" time="0.555" /><testcase classname="backend.tests.test_p2_export_webhooks_model_perf.TestAuditLog" name="test_get_audit_actions" time="0.104" /><testcase classname="backend.tests.test_p2_export_webhooks_model_perf.TestExport" name="test_export_channel_json" time="0.425" /><testcase classname="backend.tests.test_p2_export_webhooks_model_perf.TestExport" name="test_export_channel_markdown" time="0.134" /><testcase classname="backend.tests.test_p2_export_webhooks_model_perf.TestExport" name="test_export_workspace" time="0.120" /><testcase classname="backend.tests.test_p2_export_webhooks_model_perf.TestWebhooks" name="test_list_webhooks" time="0.437" /><testcase classname="backend.tests.test_p2_export_webhooks_model_perf.TestWebhooks" name="test_create_webhook" time="0.104" /><testcase classname="backend.tests.test_p2_export_webhooks_model_perf.TestWebhooks" name="test_update_webhook" time="0.263" /><testcase classname="backend.tests.test_p2_export_webhooks_model_perf.TestWebhooks" name="test_test_webhook" time="0.472" /><testcase classname="backend.tests.test_p2_export_webhooks_model_perf.TestWebhooks" name="test_get_webhook_events" time="0.103" /><testcase classname="backend.tests.test_p2_export_webhooks_model_perf.TestWebhooks" name="test_delete_webhook" time="0.221" /><testcase classname="backend.tests.test_p2_export_webhooks_model_perf.TestModelPerformance" name="test_get_model_stats" time="0.432" /><testcase classname="backend.tests.test_p2_export_webhooks_model_perf.TestModelPerformance" name="test_get_model_recommendations" time="0.107" /><testcase classname="backend.tests.test_p2_export_webhooks_model_perf.TestDisagreementResolution" name="test_create_disagreement" time="0.444" /><testcase classname="backend.tests.test_p2_export_webhooks_model_perf.TestDisagreementResolution" name="test_submit_vote" time="0.203" /><testcase classname="backend.tests.test_p2_export_webhooks_model_perf.TestDisagreementResolution" name="test_resolve_disagreement" time="0.434" /><testcase classname="backend.tests.test_p2_export_webhooks_model_perf.TestDisagreementResolution" name="test_resolve_needs_2_votes" time="0.360" /><testcase classname="backend.tests.test_p2_export_webhooks_model_perf.TestHumanCheckpoints" name="test_add_checkpoint_to_workflow" time="0.461"><skipped type="pytest.skip" message="No workflows to add checkpoint to">/app/backend/tests/test_p2_export_webhooks_model_perf.py:343: No workflows to add checkpoint to</skipped></testcase><testcase classname="backend.tests.test_p2_export_webhooks_model_perf.TestHumanCheckpoints" name="test_list_checkpoints" time="0.093"><skipped type="pytest.skip" message="No workflows">/app/backend/tests/test_p2_export_webhooks_model_perf.py:363: No workflows</skipped></testcase><testcase classname="backend.tests.test_p2_export_webhooks_model_perf.TestIntegrationStubs" name="test_all_integrations_status" time="0.442" /><testcase classname="backend.tests.test_p2_export_webhooks_model_perf.TestIntegrationStubs" name="test_microsoft_auth_stub" time="0.101" /><testcase classname="backend.tests.test_p2_export_webhooks_model_perf.TestIntegrationStubs" name="test_meta_auth_stub" time="0.103" /><testcase classname="backend.tests.test_p2_export_webhooks_model_perf.TestIntegrationStubs" name="test_paypal_stub" time="0.101" /><testcase classname="backend.tests.test_p2_export_webhooks_model_perf.TestWorkspacesOptimized" name="test_get_workspaces_has_counts" time="0.444" /></testsuite></testsuites>