<?xml version="1.0" encoding="utf-8"?><testsuites name="pytest tests"><testsuite name="pytest" errors="0" failures="0" skipped="0" tests="22" time="9.700" timestamp="2026-03-03T19:06:28.392998+00:00" hostname="agent-env-646e5646-a75b-431b-9d05-22ddb734b46a"><testcase classname="backend.tests.test_platform_roles.TestAdminCheck" name="test_admin_check_returns_required_fields" time="0.287" /><testcase classname="backend.tests.test_platform_roles.TestAdminCheck" name="test_auth_me_returns_platform_role" time="0.136" /><testcase classname="backend.tests.test_platform_roles.TestRoleManagement" name="test_super_admin_can_change_user_role_to_moderator" time="0.285" /><testcase classname="backend.tests.test_platform_roles.TestRoleManagement" name="test_super_admin_can_change_user_role_to_admin" time="0.122" /><testcase classname="backend.tests.test_platform_roles.TestRoleManagement" name="test_super_admin_can_change_user_role_back_to_user" time="0.161" /><testcase classname="backend.tests.test_platform_roles.TestRoleManagement" name="test_super_admin_cannot_change_own_role" time="0.100" /><testcase classname="backend.tests.test_platform_roles.TestRoleManagement" name="test_invalid_role_rejected" time="0.187" /><testcase classname="backend.tests.test_platform_roles.TestRoleManagement" name="test_invalid_role_value_invalid_string" time="0.147" /><testcase classname="backend.tests.test_platform_roles.TestModeratorAccess" name="test_moderator_admin_check_shows_staff" time="0.708" /><testcase classname="backend.tests.test_platform_roles.TestModeratorAccess" name="test_moderator_can_access_admin_bugs" time="0.652" /><testcase classname="backend.tests.test_platform_roles.TestModeratorAccess" name="test_moderator_can_access_admin_users" time="0.772" /><testcase classname="backend.tests.test_platform_roles.TestModeratorAccess" name="test_moderator_can_access_admin_stats" time="0.722" /><testcase classname="backend.tests.test_platform_roles.TestModeratorAccess" name="test_moderator_can_access_admin_logs" time="0.727" /><testcase classname="backend.tests.test_platform_roles.TestModeratorAccess" name="test_moderator_cannot_update_bug_status" time="0.824" /><testcase classname="backend.tests.test_platform_roles.TestModeratorAccess" name="test_moderator_cannot_change_user_roles" time="0.647" /><testcase classname="backend.tests.test_platform_roles.TestRegularUserAccess" name="test_regular_user_admin_check_not_staff" time="0.558" /><testcase classname="backend.tests.test_platform_roles.TestRegularUserAccess" name="test_regular_user_cannot_access_admin_bugs" time="0.574" /><testcase classname="backend.tests.test_platform_roles.TestRegularUserAccess" name="test_regular_user_cannot_access_admin_users" time="0.562" /><testcase classname="backend.tests.test_platform_roles.TestRegularUserAccess" name="test_regular_user_cannot_access_admin_stats" time="0.584" /><testcase classname="backend.tests.test_platform_roles.TestRegularUserAccess" name="test_regular_user_cannot_access_admin_logs" time="0.603" /><testcase classname="backend.tests.test_platform_roles.TestDownloadAndMyBugsEndpoints" name="test_my_bug_reports_endpoint_works" time="0.146" /><testcase classname="backend.tests.test_platform_roles.TestDownloadAndMyBugsEndpoints" name="test_api_health_check" time="0.113" /></testsuite></testsuites>