<?xml version="1.0" encoding="utf-8"?><testsuites name="pytest tests"><testsuite name="pytest" errors="0" failures="0" skipped="0" tests="31" time="3.733" timestamp="2026-03-05T21:19:03.385434+00:00" hostname="agent-env-74ed4dcf-cb84-48dc-8932-8cd50018b6c6"><testcase classname="backend.tests.test_platform_plugins.TestPlatformPlugins" name="test_01_get_platforms_returns_8" time="0.499" /><testcase classname="backend.tests.test_platform_plugins.TestPlatformPlugins" name="test_02_get_plugin_status" time="0.058" /><testcase classname="backend.tests.test_platform_plugins.TestPlatformPlugins" name="test_03_telegram_connect_with_bot_token" time="0.053" /><testcase classname="backend.tests.test_platform_plugins.TestPlatformPlugins" name="test_04_slack_connect_without_client_id_returns_501" time="0.060" /><testcase classname="backend.tests.test_platform_plugins.TestPlatformPlugins" name="test_05_discord_connect_with_bot_token" time="0.055" /><testcase classname="backend.tests.test_platform_plugins.TestPlatformPlugins" name="test_06_msteams_connect_without_client_id_returns_501" time="0.062" /><testcase classname="backend.tests.test_platform_plugins.TestPlatformPlugins" name="test_07_zoom_connect_without_client_id_returns_501" time="0.057" /><testcase classname="backend.tests.test_platform_plugins.TestPlatformPlugins" name="test_08_list_connections" time="0.062" /><testcase classname="backend.tests.test_platform_plugins.TestPlatformPlugins" name="test_09_delete_connection" time="0.121" /><testcase classname="backend.tests.test_platform_plugins.TestPlatformPlugins" name="test_10_map_channel" time="0.054" /><testcase classname="backend.tests.test_platform_plugins.TestPlatformPlugins" name="test_11_list_channel_mappings" time="0.057" /><testcase classname="backend.tests.test_platform_plugins.TestPlatformPlugins" name="test_12_delete_channel_mapping" time="0.124" /><testcase classname="backend.tests.test_platform_plugins.TestPlatformPlugins" name="test_13_slack_webhook_url_verification" time="0.126" /><testcase classname="backend.tests.test_platform_plugins.TestPlatformPlugins" name="test_14_telegram_webhook_with_message" time="0.107" /><testcase classname="backend.tests.test_platform_plugins.TestPlatformPlugins" name="test_15_discord_webhook_ping" time="0.131" /><testcase classname="backend.tests.test_platform_plugins.TestPlatformPlugins" name="test_16_mattermost_webhook" time="0.113" /><testcase classname="backend.tests.test_platform_plugins.TestPlatformPlugins" name="test_17_send_message_requires_connection" time="0.458" /><testcase classname="backend.tests.test_platform_plugins.TestPlatformPlugins" name="test_18_send_message_missing_connection" time="0.064" /><testcase classname="backend.tests.test_platform_plugins.TestPlatformPlugins" name="test_19_send_message_empty_message_fails" time="0.057" /><testcase classname="backend.tests.test_platform_plugins.TestPlatformPlugins" name="test_20_zoom_create_meeting_no_connection" time="0.058" /><testcase classname="backend.tests.test_platform_plugins.TestPlatformPlugins" name="test_21_zoom_webhook" time="0.148" /><testcase classname="backend.tests.test_platform_plugins.TestPlatformPlugins" name="test_22_list_plugin_messages" time="0.053" /><testcase classname="backend.tests.test_platform_plugins.TestPlatformPlugins" name="test_23_list_plugin_messages_filter_platform" time="0.060" /><testcase classname="backend.tests.test_platform_plugins.TestPlatformPlugins" name="test_24_list_plugin_messages_filter_direction" time="0.054" /><testcase classname="backend.tests.test_platform_plugins.TestPlatformPlugins" name="test_25_plugins_platforms_requires_auth" time="0.132" /><testcase classname="backend.tests.test_platform_plugins.TestPlatformPlugins" name="test_26_plugins_status_requires_auth" time="0.138" /><testcase classname="backend.tests.test_platform_plugins.TestPlatformPlugins" name="test_27_connect_requires_auth" time="0.137" /><testcase classname="backend.tests.test_platform_plugins.TestPlatformPlugins" name="test_28_webhooks_are_public" time="0.376" /><testcase classname="backend.tests.test_platform_plugins.TestPlatformPlugins" name="test_29_mattermost_connect_with_webhook" time="0.059" /><testcase classname="backend.tests.test_platform_plugins.TestPlatformPlugins" name="test_30_whatsapp_connect_with_api_key" time="0.050" /><testcase classname="backend.tests.test_platform_plugins.TestPlatformPlugins" name="test_31_unknown_platform_returns_400" time="0.057" /></testsuite></testsuites>