<?xml version="1.0" encoding="utf-8"?><testsuites name="pytest tests"><testsuite name="pytest" errors="0" failures="0" skipped="0" tests="37" time="3.080" timestamp="2026-03-05T05:21:57.978969+00:00" hostname="agent-env-74ed4dcf-cb84-48dc-8932-8cd50018b6c6"><testcase classname="backend.tests.test_plm_phases_2_5.TestPLMPhases2To5" name="test_create_sprint" time="0.401" /><testcase classname="backend.tests.test_plm_phases_2_5.TestPLMPhases2To5" name="test_list_sprints_with_counts" time="0.052" /><testcase classname="backend.tests.test_plm_phases_2_5.TestPLMPhases2To5" name="test_assign_tasks_to_sprint" time="0.052" /><testcase classname="backend.tests.test_plm_phases_2_5.TestPLMPhases2To5" name="test_get_sprint_board" time="0.051" /><testcase classname="backend.tests.test_plm_phases_2_5.TestPLMPhases2To5" name="test_get_burndown" time="0.049" /><testcase classname="backend.tests.test_plm_phases_2_5.TestPLMPhases2To5" name="test_create_dependency" time="0.097" /><testcase classname="backend.tests.test_plm_phases_2_5.TestPLMPhases2To5" name="test_get_task_dependencies" time="0.056" /><testcase classname="backend.tests.test_plm_phases_2_5.TestPLMPhases2To5" name="test_create_dependency_self_blocked" time="0.052" /><testcase classname="backend.tests.test_plm_phases_2_5.TestPLMPhases2To5" name="test_create_milestone" time="0.050" /><testcase classname="backend.tests.test_plm_phases_2_5.TestPLMPhases2To5" name="test_list_milestones_with_counts" time="0.047" /><testcase classname="backend.tests.test_plm_phases_2_5.TestPLMPhases2To5" name="test_get_gantt_data" time="0.060" /><testcase classname="backend.tests.test_plm_phases_2_5.TestPLMPhases2To5" name="test_create_program" time="0.055" /><testcase classname="backend.tests.test_plm_phases_2_5.TestPLMPhases2To5" name="test_list_programs" time="0.049" /><testcase classname="backend.tests.test_plm_phases_2_5.TestPLMPhases2To5" name="test_add_project_to_program" time="0.051" /><testcase classname="backend.tests.test_plm_phases_2_5.TestPLMPhases2To5" name="test_create_portfolio" time="0.060" /><testcase classname="backend.tests.test_plm_phases_2_5.TestPLMPhases2To5" name="test_list_portfolios" time="0.048" /><testcase classname="backend.tests.test_plm_phases_2_5.TestPLMPhases2To5" name="test_add_program_to_portfolio" time="0.048" /><testcase classname="backend.tests.test_plm_phases_2_5.TestPLMPhases2To5" name="test_get_portfolio_health" time="0.057" /><testcase classname="backend.tests.test_plm_phases_2_5.TestPLMPhases2To5" name="test_log_time_entry" time="0.073" /><testcase classname="backend.tests.test_plm_phases_2_5.TestPLMPhases2To5" name="test_get_task_time_entries" time="0.055" /><testcase classname="backend.tests.test_plm_phases_2_5.TestPLMPhases2To5" name="test_get_my_timesheet" time="0.056" /><testcase classname="backend.tests.test_plm_phases_2_5.TestPLMPhases2To5" name="test_get_my_timesheet_with_dates" time="0.046" /><testcase classname="backend.tests.test_plm_phases_2_5.TestPLMPhases2To5" name="test_create_automation_rule" time="0.047" /><testcase classname="backend.tests.test_plm_phases_2_5.TestPLMPhases2To5" name="test_list_automations" time="0.049" /><testcase classname="backend.tests.test_plm_phases_2_5.TestPLMPhases2To5" name="test_get_automation_triggers" time="0.048" /><testcase classname="backend.tests.test_plm_phases_2_5.TestPLMPhases2To5" name="test_create_recurring_task" time="0.050" /><testcase classname="backend.tests.test_plm_phases_2_5.TestPLMPhases2To5" name="test_list_recurring_tasks" time="0.050" /><testcase classname="backend.tests.test_plm_phases_2_5.TestPLMPhases2To5" name="test_create_custom_field_dropdown" time="0.049" /><testcase classname="backend.tests.test_plm_phases_2_5.TestPLMPhases2To5" name="test_create_custom_field_text" time="0.274" /><testcase classname="backend.tests.test_plm_phases_2_5.TestPLMPhases2To5" name="test_create_custom_field_number" time="0.051" /><testcase classname="backend.tests.test_plm_phases_2_5.TestPLMPhases2To5" name="test_list_custom_fields" time="0.054" /><testcase classname="backend.tests.test_plm_phases_2_5.TestPLMPhases2To5" name="test_set_custom_field_value" time="0.050" /><testcase classname="backend.tests.test_plm_phases_2_5.TestPLMPhases2To5" name="test_get_custom_field_values" time="0.055" /><testcase classname="backend.tests.test_plm_phases_2_5.TestPLMPhases2To5" name="test_save_field_template" time="0.049" /><testcase classname="backend.tests.test_plm_phases_2_5.TestPLMPhases2To5" name="test_list_field_templates" time="0.047" /><testcase classname="backend.tests.test_plm_phases_2_5.TestPLMPhases2To5" name="test_get_plm_config" time="0.052" /><testcase classname="backend.tests.test_plm_phases_2_5.TestPLMPhases2To5" name="test_cleanup_test_data" time="0.522" /></testsuite></testsuites>