<?xml version="1.0" encoding="utf-8"?><testsuites name="pytest tests"><testsuite name="pytest" errors="0" failures="0" skipped="0" tests="28" time="6.609" timestamp="2026-03-05T05:02:06.294668+00:00" hostname="agent-env-74ed4dcf-cb84-48dc-8932-8cd50018b6c6"><testcase classname="backend.tests.test_plm_phase1_features.TestPLMPhase1Setup" name="test_login_success" time="0.540" /><testcase classname="backend.tests.test_plm_phase1_features.TestProjectConfig" name="test_project_config_returns_item_types" time="0.381" /><testcase classname="backend.tests.test_plm_phase1_features.TestProjectConfig" name="test_project_config_returns_statuses" time="0.049" /><testcase classname="backend.tests.test_plm_phase1_features.TestProjectConfig" name="test_project_config_returns_priorities" time="0.055" /><testcase classname="backend.tests.test_plm_phase1_features.TestTaskCreationWithNewFields" name="test_create_task_with_bug_type" time="0.401" /><testcase classname="backend.tests.test_plm_phase1_features.TestTaskCreationWithNewFields" name="test_create_task_with_epic_type" time="0.051" /><testcase classname="backend.tests.test_plm_phase1_features.TestTaskCreationWithNewFields" name="test_create_story_task" time="0.047" /><testcase classname="backend.tests.test_plm_phase1_features.TestSubtasks" name="test_create_subtask_increments_parent_count" time="0.527" /><testcase classname="backend.tests.test_plm_phase1_features.TestSubtasks" name="test_get_subtasks" time="0.049" /><testcase classname="backend.tests.test_plm_phase1_features.TestTaskComments" name="test_add_comment" time="0.430" /><testcase classname="backend.tests.test_plm_phase1_features.TestTaskComments" name="test_add_second_comment" time="0.054" /><testcase classname="backend.tests.test_plm_phase1_features.TestTaskComments" name="test_list_comments_sorted_by_date" time="0.060" /><testcase classname="backend.tests.test_plm_phase1_features.TestTaskComments" name="test_delete_comment_decrements_count" time="0.160" /><testcase classname="backend.tests.test_plm_phase1_features.TestTaskComments" name="test_add_comment_validation" time="0.164" /><testcase classname="backend.tests.test_plm_phase1_features.TestTaskAttachments" name="test_upload_attachment" time="0.437" /><testcase classname="backend.tests.test_plm_phase1_features.TestTaskAttachments" name="test_list_attachments_without_data" time="0.058" /><testcase classname="backend.tests.test_plm_phase1_features.TestTaskAttachments" name="test_get_attachment_with_data" time="0.055" /><testcase classname="backend.tests.test_plm_phase1_features.TestTaskAttachments" name="test_attachment_count_incremented" time="0.048" /><testcase classname="backend.tests.test_plm_phase1_features.TestActivityLog" name="test_created_activity_logged" time="0.453" /><testcase classname="backend.tests.test_plm_phase1_features.TestActivityLog" name="test_update_logs_status_change" time="0.104" /><testcase classname="backend.tests.test_plm_phase1_features.TestActivityLog" name="test_update_logs_priority_change" time="0.101" /><testcase classname="backend.tests.test_plm_phase1_features.TestActivityLog" name="test_update_logs_due_date_change" time="0.118" /><testcase classname="backend.tests.test_plm_phase1_features.TestMyTasks" name="test_my_tasks_returns_assigned_tasks" time="0.541" /><testcase classname="backend.tests.test_plm_phase1_features.TestMyTasks" name="test_my_tasks_filter_by_status" time="0.056" /><testcase classname="backend.tests.test_plm_phase1_features.TestMyTasks" name="test_my_tasks_filter_by_priority" time="0.060" /><testcase classname="backend.tests.test_plm_phase1_features.TestMyTasks" name="test_my_tasks_combined_filters" time="0.068" /><testcase classname="backend.tests.test_plm_phase1_features.TestExistingTestTask" name="test_existing_task_has_new_fields" time="0.432" /><testcase classname="backend.tests.test_plm_phase1_features.TestCleanup" name="test_cleanup_test_tasks" time="0.936" /></testsuite></testsuites>