<?xml version="1.0" encoding="utf-8"?><testsuites name="pytest tests"><testsuite name="pytest" errors="0" failures="0" skipped="0" tests="27" time="6.332" timestamp="2026-03-03T22:24:31.280823+00:00" hostname="agent-env-07e195d6-5d45-4de6-b150-da42ddb9b9de"><testcase classname="tests.test_projects_module.TestProjectsCRUD" name="test_list_projects_empty_or_existing" time="0.569" /><testcase classname="tests.test_projects_module.TestProjectsCRUD" name="test_create_project" time="0.057" /><testcase classname="tests.test_projects_module.TestProjectsCRUD" name="test_create_project_with_channel_linking" time="0.185" /><testcase classname="tests.test_projects_module.TestProjectsCRUD" name="test_get_single_project" time="0.120" /><testcase classname="tests.test_projects_module.TestProjectsCRUD" name="test_update_project_name_description" time="0.149" /><testcase classname="tests.test_projects_module.TestProjectsCRUD" name="test_update_project_status" time="0.321" /><testcase classname="tests.test_projects_module.TestProjectsCRUD" name="test_update_project_invalid_status" time="0.108" /><testcase classname="tests.test_projects_module.TestProjectsCRUD" name="test_update_project_linked_channels" time="0.163" /><testcase classname="tests.test_projects_module.TestProjectsCRUD" name="test_delete_project" time="0.169" /><testcase classname="tests.test_projects_module.TestProjectsCRUD" name="test_project_not_found" time="0.170" /><testcase classname="tests.test_projects_module.TestTasksCRUD" name="test_list_tasks_empty" time="0.123" /><testcase classname="tests.test_projects_module.TestTasksCRUD" name="test_create_task_basic" time="0.105" /><testcase classname="tests.test_projects_module.TestTasksCRUD" name="test_create_task_with_human_assignee" time="0.122" /><testcase classname="tests.test_projects_module.TestTasksCRUD" name="test_create_task_with_ai_assignee" time="0.101" /><testcase classname="tests.test_projects_module.TestTasksCRUD" name="test_create_task_all_statuses" time="0.332" /><testcase classname="tests.test_projects_module.TestTasksCRUD" name="test_create_task_all_priorities" time="0.289" /><testcase classname="tests.test_projects_module.TestTasksCRUD" name="test_create_task_invalid_status" time="0.109" /><testcase classname="tests.test_projects_module.TestTasksCRUD" name="test_create_task_invalid_priority" time="0.109" /><testcase classname="tests.test_projects_module.TestTasksCRUD" name="test_update_task" time="0.143" /><testcase classname="tests.test_projects_module.TestTasksCRUD" name="test_delete_task" time="0.244" /><testcase classname="tests.test_projects_module.TestTasksCRUD" name="test_task_not_found" time="0.149" /><testcase classname="tests.test_projects_module.TestChannelProjectLinking" name="test_get_channel_projects" time="0.106" /><testcase classname="tests.test_projects_module.TestChannelProjectLinking" name="test_channel_projects_includes_task_counts" time="0.268" /><testcase classname="tests.test_projects_module.TestProjectTaskCounts" name="test_project_task_count_after_create" time="0.253" /><testcase classname="tests.test_projects_module.TestProjectTaskCounts" name="test_task_count_in_project_list" time="0.066" /><testcase classname="tests.test_projects_module.TestUnauthorizedAccess" name="test_projects_require_auth" time="0.197" /><testcase classname="tests.test_projects_module.TestUnauthorizedAccess" name="test_tasks_require_auth" time="1.461" /></testsuite></testsuites>