<?xml version="1.0" encoding="utf-8"?><testsuites name="pytest tests"><testsuite name="pytest" errors="0" failures="0" skipped="0" tests="17" time="6.158" timestamp="2026-03-11T16:33:01.314029+00:00" hostname="agent-env-7e14ebdf-a4d6-4d7f-97c3-d9b92990a6d4"><testcase classname="tests.test_iteration85_enterprise_readiness.TestHealthEndpoints" name="test_liveness_probe" time="0.272" /><testcase classname="tests.test_iteration85_enterprise_readiness.TestHealthEndpoints" name="test_health_check" time="0.107" /><testcase classname="tests.test_iteration85_enterprise_readiness.TestHealthEndpoints" name="test_startup_probe" time="0.139" /><testcase classname="tests.test_iteration85_enterprise_readiness.TestAuthenticationFlow" name="test_login_success" time="0.347" /><testcase classname="tests.test_iteration85_enterprise_readiness.TestAuthenticationFlow" name="test_login_invalid_credentials" time="0.354" /><testcase classname="tests.test_iteration85_enterprise_readiness.TestAuditLogsAPI" name="test_get_audit_logs" time="0.442" /><testcase classname="tests.test_iteration85_enterprise_readiness.TestAuditLogsAPI" name="test_audit_logs_with_search" time="0.425" /><testcase classname="tests.test_iteration85_enterprise_readiness.TestAuditLogsAPI" name="test_audit_logs_with_action_filter" time="0.420" /><testcase classname="tests.test_iteration85_enterprise_readiness.TestGlobalSearchAPI" name="test_global_search_basic" time="0.453" /><testcase classname="tests.test_iteration85_enterprise_readiness.TestGlobalSearchAPI" name="test_global_search_empty_query" time="0.402" /><testcase classname="tests.test_iteration85_enterprise_readiness.TestGlobalSearchAPI" name="test_global_search_with_types_filter" time="0.433" /><testcase classname="tests.test_iteration85_enterprise_readiness.TestGlobalSearchAPI" name="test_global_search_with_limit" time="0.395" /><testcase classname="tests.test_iteration85_enterprise_readiness.TestRateLimiting" name="test_rate_limit_not_immediately_triggered" time="0.704" /><testcase classname="tests.test_iteration85_enterprise_readiness.TestRateLimiting" name="test_rate_limit_returns_429" time="0.111" /><testcase classname="tests.test_iteration85_enterprise_readiness.TestAdminDashboardAPIs" name="test_admin_check" time="0.444" /><testcase classname="tests.test_iteration85_enterprise_readiness.TestAdminDashboardAPIs" name="test_admin_stats" time="0.474" /><testcase classname="tests.test_iteration85_enterprise_readiness.TestMigrationEndpoints" name="test_migrations_table_exists" time="0.168" /></testsuite></testsuites>