<?xml version="1.0" encoding="utf-8"?><testsuites name="pytest tests"><testsuite name="pytest" errors="0" failures="0" skipped="0" tests="33" time="6.306" timestamp="2026-03-03T16:21:55.874502+00:00" hostname="agent-env-9376b0f3-087e-47f9-8cc8-607f80d89f88"><testcase classname="backend.tests.test_rbac_files_notifications.TestRBACMembers" name="test_get_workspace_members" time="0.191" /><testcase classname="backend.tests.test_rbac_files_notifications.TestRBACMembers" name="test_get_workspace_members_requires_auth" time="0.130" /><testcase classname="backend.tests.test_rbac_files_notifications.TestRBACMembers" name="test_invite_member_by_email" time="0.133" /><testcase classname="backend.tests.test_rbac_files_notifications.TestRBACMembers" name="test_invite_member_invalid_role" time="0.149" /><testcase classname="backend.tests.test_rbac_files_notifications.TestRBACMembers" name="test_invite_member_requires_admin" time="0.191" /><testcase classname="backend.tests.test_rbac_files_notifications.TestRBACInviteLinks" name="test_create_invite_link" time="0.158" /><testcase classname="backend.tests.test_rbac_files_notifications.TestRBACInviteLinks" name="test_create_invite_link_observer_role" time="0.119" /><testcase classname="backend.tests.test_rbac_files_notifications.TestRBACInviteLinks" name="test_create_invite_link_admin_not_allowed" time="0.206" /><testcase classname="backend.tests.test_rbac_files_notifications.TestRBACInviteLinks" name="test_get_invite_info" time="0.218" /><testcase classname="backend.tests.test_rbac_files_notifications.TestRBACInviteLinks" name="test_get_invite_info_invalid_code" time="0.325" /><testcase classname="backend.tests.test_rbac_files_notifications.TestRBACRoleManagement" name="test_update_member_role" time="0.179" /><testcase classname="backend.tests.test_rbac_files_notifications.TestRBACRoleManagement" name="test_update_owner_role_fails" time="0.120" /><testcase classname="backend.tests.test_rbac_files_notifications.TestRBACRoleManagement" name="test_get_my_role" time="0.107" /><testcase classname="backend.tests.test_rbac_files_notifications.TestRBACRoleManagement" name="test_get_my_role_as_member" time="0.108" /><testcase classname="backend.tests.test_rbac_files_notifications.TestFileUpload" name="test_upload_file_to_channel" time="0.144" /><testcase classname="backend.tests.test_rbac_files_notifications.TestFileUpload" name="test_upload_file_too_large" time="0.975" /><testcase classname="backend.tests.test_rbac_files_notifications.TestFileUpload" name="test_upload_disallowed_file_type" time="0.146" /><testcase classname="backend.tests.test_rbac_files_notifications.TestFileUpload" name="test_get_file_info" time="0.186" /><testcase classname="backend.tests.test_rbac_files_notifications.TestFileUpload" name="test_download_file" time="0.106" /><testcase classname="backend.tests.test_rbac_files_notifications.TestFileUpload" name="test_list_channel_files" time="0.110" /><testcase classname="backend.tests.test_rbac_files_notifications.TestFileUpload" name="test_list_workspace_files" time="0.141" /><testcase classname="backend.tests.test_rbac_files_notifications.TestFileUpload" name="test_delete_file" time="0.333" /><testcase classname="backend.tests.test_rbac_files_notifications.TestNotifications" name="test_get_notifications" time="0.121" /><testcase classname="backend.tests.test_rbac_files_notifications.TestNotifications" name="test_get_notifications_unread_only" time="0.116" /><testcase classname="backend.tests.test_rbac_files_notifications.TestNotifications" name="test_mark_all_notifications_read" time="0.158" /><testcase classname="backend.tests.test_rbac_files_notifications.TestNotifications" name="test_get_notification_settings" time="0.152" /><testcase classname="backend.tests.test_rbac_files_notifications.TestNotifications" name="test_update_notification_settings" time="0.143" /><testcase classname="backend.tests.test_rbac_files_notifications.TestNotifications" name="test_notifications_require_auth" time="0.125" /><testcase classname="backend.tests.test_rbac_files_notifications.TestNotificationCRUD" name="test_mark_notification_read_not_found" time="0.153" /><testcase classname="backend.tests.test_rbac_files_notifications.TestNotificationCRUD" name="test_delete_notification_not_found" time="0.119" /><testcase classname="backend.tests.test_rbac_files_notifications.TestRBACFileIntegration" name="test_observer_cannot_upload_files" time="0.297" /><testcase classname="backend.tests.test_rbac_files_notifications.TestRBACFileIntegration" name="test_user_can_upload_files" time="0.212" /><testcase classname="backend.tests.test_rbac_files_notifications.TestHealth" name="test_api_health" time="0.116" /></testsuite></testsuites>