<?xml version="1.0" encoding="utf-8"?><testsuites name="pytest tests"><testsuite name="pytest" errors="0" failures="0" skipped="0" tests="30" time="3.425" timestamp="2026-03-05T12:20:15.306005+00:00" hostname="agent-env-74ed4dcf-cb84-48dc-8932-8cd50018b6c6"><testcase classname="backend.tests.test_repository_integrations_encryption.TestRepository" name="test_upload_file_text" time="0.498" /><testcase classname="backend.tests.test_repository_integrations_encryption.TestRepository" name="test_upload_file_image" time="0.056" /><testcase classname="backend.tests.test_repository_integrations_encryption.TestRepository" name="test_list_repository" time="0.055" /><testcase classname="backend.tests.test_repository_integrations_encryption.TestRepository" name="test_list_repository_with_search" time="0.052" /><testcase classname="backend.tests.test_repository_integrations_encryption.TestRepository" name="test_list_repository_with_folder_filter" time="0.052" /><testcase classname="backend.tests.test_repository_integrations_encryption.TestRepository" name="test_list_repository_with_preview_type_filter" time="0.054" /><testcase classname="backend.tests.test_repository_integrations_encryption.TestRepository" name="test_get_file_preview" time="0.055" /><testcase classname="backend.tests.test_repository_integrations_encryption.TestRepository" name="test_get_folders" time="0.053" /><testcase classname="backend.tests.test_repository_integrations_encryption.TestRepository" name="test_update_file" time="0.053" /><testcase classname="backend.tests.test_repository_integrations_encryption.TestRepository" name="test_delete_file" time="0.106" /><testcase classname="backend.tests.test_repository_integrations_encryption.TestIntegrationSettings" name="test_get_platform_integrations" time="0.060" /><testcase classname="backend.tests.test_repository_integrations_encryption.TestIntegrationSettings" name="test_set_platform_integration" time="0.067" /><testcase classname="backend.tests.test_repository_integrations_encryption.TestIntegrationSettings" name="test_set_platform_integration_invalid_key" time="0.049" /><testcase classname="backend.tests.test_repository_integrations_encryption.TestIntegrationSettings" name="test_get_org_integrations" time="0.052" /><testcase classname="backend.tests.test_repository_integrations_encryption.TestIntegrationSettings" name="test_set_org_integration" time="0.053" /><testcase classname="backend.tests.test_repository_integrations_encryption.TestIntegrationSettings" name="test_verify_org_override" time="0.051" /><testcase classname="backend.tests.test_repository_integrations_encryption.TestIntegrationSettings" name="test_remove_org_integration" time="0.053" /><testcase classname="backend.tests.test_repository_integrations_encryption.TestPerTenantEncryption" name="test_get_encryption_status" time="0.050" /><testcase classname="backend.tests.test_repository_integrations_encryption.TestPerTenantEncryption" name="test_generate_encryption_key" time="0.050" /><testcase classname="backend.tests.test_repository_integrations_encryption.TestPerTenantEncryption" name="test_verify_encryption_status_after_key" time="0.048" /><testcase classname="backend.tests.test_repository_integrations_encryption.TestSupportQueues" name="test_get_support_queues" time="0.054" /><testcase classname="backend.tests.test_repository_integrations_encryption.TestSupportQueues" name="test_get_queue_tickets_billing" time="0.052" /><testcase classname="backend.tests.test_repository_integrations_encryption.TestSupportQueues" name="test_get_queue_tickets_bug" time="0.049" /><testcase classname="backend.tests.test_repository_integrations_encryption.TestTicketAttachments" name="test_create_billing_ticket" time="0.049" /><testcase classname="backend.tests.test_repository_integrations_encryption.TestTicketAttachments" name="test_upload_attachment" time="0.049" /><testcase classname="backend.tests.test_repository_integrations_encryption.TestTicketAttachments" name="test_upload_second_attachment" time="0.051" /><testcase classname="backend.tests.test_repository_integrations_encryption.TestTicketAttachments" name="test_list_attachments" time="0.051" /><testcase classname="backend.tests.test_repository_integrations_encryption.TestTicketAttachments" name="test_billing_ticket_in_billing_queue" time="0.051" /><testcase classname="backend.tests.test_repository_integrations_encryption.TestCleanup" name="test_cleanup_test_files" time="0.173" /><testcase classname="backend.tests.test_repository_integrations_encryption.TestCleanup" name="test_cleanup_test_tickets" time="1.178" /></testsuite></testsuites>