<?xml version="1.0" encoding="utf-8"?><testsuites name="pytest tests"><testsuite name="pytest" errors="0" failures="0" skipped="0" tests="8" time="1.794" timestamp="2026-03-03T16:57:15.618702+00:00" hostname="agent-env-9376b0f3-087e-47f9-8cc8-607f80d89f88"><testcase classname="backend.tests.test_taskpanel_bugs.TestDeepSeekKeyRetrieval" name="test_get_ai_keys_endpoint_works" time="0.175" /><testcase classname="backend.tests.test_taskpanel_bugs.TestDeepSeekKeyRetrieval" name="test_workspace_ai_config_endpoint_works" time="0.120" /><testcase classname="backend.tests.test_taskpanel_bugs.TestDeepSeekKeyRetrieval" name="test_deepseek_model_in_ai_models" time="0.111" /><testcase classname="backend.tests.test_taskpanel_bugs.TestDeepSeekKeyRetrieval" name="test_channel_has_deepseek_agent" time="0.144" /><testcase classname="backend.tests.test_taskpanel_bugs.TestTaskSessionsAPI" name="test_list_task_sessions" time="0.161" /><testcase classname="backend.tests.test_taskpanel_bugs.TestTaskSessionsAPI" name="test_create_task_session_with_deepseek" time="0.198" /><testcase classname="backend.tests.test_taskpanel_bugs.TestAPIKeyValidation" name="test_key_validation_endpoint_exists" time="0.704" /><testcase classname="backend.tests.test_taskpanel_bugs.TestCollaborationAPI" name="test_channel_status" time="0.120" /></testsuite></testsuites>