<?xml version="1.0" encoding="utf-8"?><testsuites name="pytest tests"><testsuite name="pytest" errors="0" failures="0" skipped="0" tests="13" time="5.295" timestamp="2026-03-06T05:39:36.150352+00:00" hostname="agent-env-a9171ce9-e21e-4fe3-af2a-fa5c0d989c7f"><testcase classname="backend.tests.test_task_board_grouped.TestAllTasksGrouped" name="test_all_tasks_returns_groups_array" time="0.457" /><testcase classname="backend.tests.test_task_board_grouped.TestAllTasksGrouped" name="test_groups_have_correct_structure" time="0.379" /><testcase classname="backend.tests.test_task_board_grouped.TestAllTasksGrouped" name="test_workspace_tasks_have_null_project_id" time="0.374" /><testcase classname="backend.tests.test_task_board_grouped.TestAllTasksGrouped" name="test_project_tasks_have_project_id" time="0.376" /><testcase classname="backend.tests.test_task_board_grouped.TestAllTasksGrouped" name="test_tasks_have_required_fields" time="0.386" /><testcase classname="backend.tests.test_task_board_grouped.TestPromptAgent" name="test_prompt_agent_nonexistent_task_returns_404" time="0.377" /><testcase classname="backend.tests.test_task_board_grouped.TestPromptAgent" name="test_prompt_agent_requires_assigned_agent" time="0.514" /><testcase classname="backend.tests.test_task_board_grouped.TestPromptAgent" name="test_prompt_agent_returns_channel_and_message_ids" time="0.451" /><testcase classname="backend.tests.test_task_board_grouped.TestRegressionIntegrationKeys" name="test_get_integrations_returns_200" time="0.376" /><testcase classname="backend.tests.test_task_board_grouped.TestRegressionIntegrationKeys" name="test_integrations_has_integrations_array" time="0.384" /><testcase classname="backend.tests.test_task_board_grouped.TestRegressionAgentToggle" name="test_agent_toggle_disable" time="0.393" /><testcase classname="backend.tests.test_task_board_grouped.TestRegressionAgentToggle" name="test_agent_toggle_enable" time="0.377" /><testcase classname="backend.tests.test_task_board_grouped.TestRegressionAgentToggle" name="test_get_disabled_agents" time="0.375" /></testsuite></testsuites>