<?xml version="1.0" encoding="utf-8"?><testsuites name="pytest tests"><testsuite name="pytest" errors="0" failures="0" skipped="0" tests="25" time="13.369" timestamp="2026-03-03T15:59:39.135128+00:00" hostname="agent-env-9376b0f3-087e-47f9-8cc8-607f80d89f88"><testcase classname="backend.tests.test_task_sessions.TestTaskSessionSetup" name="test_setup_complete" time="0.302" /><testcase classname="backend.tests.test_task_sessions.TestTaskSessionAuth" name="test_get_task_sessions_requires_auth" time="0.130" /><testcase classname="backend.tests.test_task_sessions.TestTaskSessionAuth" name="test_create_task_session_requires_auth" time="0.109" /><testcase classname="backend.tests.test_task_sessions.TestTaskSessionAuth" name="test_get_task_session_messages_requires_auth" time="0.188" /><testcase classname="backend.tests.test_task_sessions.TestTaskSessionCRUD" name="test_get_empty_task_sessions" time="0.414" /><testcase classname="backend.tests.test_task_sessions.TestTaskSessionCRUD" name="test_create_task_session_with_claude" time="0.144" /><testcase classname="backend.tests.test_task_sessions.TestTaskSessionCRUD" name="test_create_task_session_with_chatgpt" time="0.112" /><testcase classname="backend.tests.test_task_sessions.TestTaskSessionCRUD" name="test_create_task_session_missing_fields" time="0.320" /><testcase classname="backend.tests.test_task_sessions.TestTaskSessionCRUD" name="test_create_task_session_invalid_agent" time="0.117" /><testcase classname="backend.tests.test_task_sessions.TestTaskSessionCRUD" name="test_get_task_sessions_list" time="0.099" /><testcase classname="backend.tests.test_task_sessions.TestTaskSessionCRUD" name="test_get_task_session_by_id" time="0.111" /><testcase classname="backend.tests.test_task_sessions.TestTaskSessionCRUD" name="test_get_task_session_not_found" time="0.137" /><testcase classname="backend.tests.test_task_sessions.TestTaskSessionMessages" name="test_get_task_session_messages" time="0.111" /><testcase classname="backend.tests.test_task_sessions.TestTaskSessionMessages" name="test_send_message_to_task_session" time="0.130" /><testcase classname="backend.tests.test_task_sessions.TestTaskSessionMessages" name="test_send_empty_message_fails" time="0.111" /><testcase classname="backend.tests.test_task_sessions.TestTaskSessionStatus" name="test_get_task_session_status" time="0.104" /><testcase classname="backend.tests.test_task_sessions.TestTaskSessionStatus" name="test_complete_task_session" time="0.221" /><testcase classname="backend.tests.test_task_sessions.TestTaskSessionStatus" name="test_toggle_task_session_status" time="0.336" /><testcase classname="backend.tests.test_task_sessions.TestTaskSessionDelete" name="test_delete_task_session" time="0.354" /><testcase classname="backend.tests.test_task_sessions.TestTaskSessionDelete" name="test_delete_nonexistent_session" time="0.107" /><testcase classname="backend.tests.test_task_sessions.TestTaskSessionRun" name="test_run_task_agent" time="0.105" /><testcase classname="backend.tests.test_task_sessions.TestTaskSessionRun" name="test_run_task_agent_on_completed_session" time="9.013" /><testcase classname="backend.tests.test_task_sessions.TestTaskSessionFiltering" name="test_filter_by_active_status" time="0.104" /><testcase classname="backend.tests.test_task_sessions.TestTaskSessionFiltering" name="test_filter_by_completed_status" time="0.115" /><testcase classname="backend.tests.test_task_sessions.TestCleanup" name="test_cleanup_marker" time="0.291" /></testsuite></testsuites>