<?xml version="1.0" encoding="utf-8"?><testsuites name="pytest tests"><testsuite name="pytest" errors="0" failures="0" skipped="0" tests="8" time="3.360" timestamp="2026-03-05T15:21:23.657628+00:00" hostname="agent-env-74ed4dcf-cb84-48dc-8932-8cd50018b6c6"><testcase classname="backend.tests.test_ux_feedback_regression.TestBackendRegression" name="test_health_endpoint" time="0.139" /><testcase classname="backend.tests.test_ux_feedback_regression.TestBackendRegression" name="test_auth_login" time="0.388" /><testcase classname="backend.tests.test_ux_feedback_regression.TestBackendRegression" name="test_auth_me" time="0.412" /><testcase classname="backend.tests.test_ux_feedback_regression.TestBackendRegression" name="test_workspaces_list" time="0.425" /><testcase classname="backend.tests.test_ux_feedback_regression.TestBackendRegression" name="test_settings_ai_keys" time="0.426" /><testcase classname="backend.tests.test_ux_feedback_regression.TestBackendRegression" name="test_create_and_delete_workspace" time="0.563" /><testcase classname="backend.tests.test_ux_feedback_regression.TestBackendRegression" name="test_workspace_gantt_endpoint" time="0.506" /><testcase classname="backend.tests.test_ux_feedback_regression.TestBackendRegression" name="test_notifications_endpoint" time="0.433" /></testsuite></testsuites>