<?xml version="1.0" encoding="utf-8"?><testsuites name="pytest tests"><testsuite name="pytest" errors="0" failures="0" skipped="0" tests="22" time="10.011" timestamp="2026-03-04T20:48:04.355564+00:00" hostname="agent-env-74ed4dcf-cb84-48dc-8932-8cd50018b6c6"><testcase classname="backend.tests.test_walkthrough_phase2_pricing.TestWalkthroughPhase2" name="test_config_returns_6_step_types" time="0.538" /><testcase classname="backend.tests.test_walkthrough_phase2_pricing.TestWalkthroughPhase2" name="test_config_returns_branching_operators" time="0.426" /><testcase classname="backend.tests.test_walkthrough_phase2_pricing.TestWalkthroughPhase2" name="test_config_returns_permissions_matrix_for_user_role" time="0.438" /><testcase classname="backend.tests.test_walkthrough_phase2_pricing.TestWalkthroughPhase2" name="test_create_beacon_step" time="0.423" /><testcase classname="backend.tests.test_walkthrough_phase2_pricing.TestWalkthroughPhase2" name="test_create_checklist_step" time="0.395" /><testcase classname="backend.tests.test_walkthrough_phase2_pricing.TestWalkthroughPhase2" name="test_create_step_with_branching_rules" time="0.511" /><testcase classname="backend.tests.test_walkthrough_phase2_pricing.TestWalkthroughPhase2" name="test_validate_walkthrough_no_errors_for_valid" time="0.431" /><testcase classname="backend.tests.test_walkthrough_phase2_pricing.TestWalkthroughPhase2" name="test_validate_walkthrough_detects_empty_steps" time="0.548" /><testcase classname="backend.tests.test_walkthrough_phase2_pricing.TestWalkthroughPhase2" name="test_validate_detects_bad_branch_references" time="0.573" /><testcase classname="backend.tests.test_walkthrough_phase2_pricing.TestWalkthroughPhase2" name="test_resource_center_returns_categorized_walkthroughs" time="0.420" /><testcase classname="backend.tests.test_walkthrough_phase2_pricing.TestPricingEngine" name="test_credits_endpoint_returns_balance" time="0.408" /><testcase classname="backend.tests.test_walkthrough_phase2_pricing.TestPricingEngine" name="test_free_tier_user_gets_100_monthly_credits" time="0.470" /><testcase classname="backend.tests.test_walkthrough_phase2_pricing.TestPricingEngine" name="test_free_tier_overage_not_allowed" time="0.437" /><testcase classname="backend.tests.test_walkthrough_phase2_pricing.TestPricingEngine" name="test_credit_costs_returns_5_action_types" time="0.396" /><testcase classname="backend.tests.test_walkthrough_phase2_pricing.TestPricingEngine" name="test_credit_costs_returns_3_plan_configs" time="0.381" /><testcase classname="backend.tests.test_walkthrough_phase2_pricing.TestPricingEngine" name="test_credits_history_returns_monthly_history" time="0.401" /><testcase classname="backend.tests.test_walkthrough_phase2_pricing.TestPricingEngine" name="test_credits_transactions_returns_log" time="0.397" /><testcase classname="backend.tests.test_walkthrough_phase2_pricing.TestPricingEngine" name="test_free_tier_status_returns_6_limits" time="0.396" /><testcase classname="backend.tests.test_walkthrough_phase2_pricing.TestPricingEngine" name="test_check_limit_returns_allowed_status" time="0.419" /><testcase classname="backend.tests.test_walkthrough_phase2_pricing.TestPricingEngine" name="test_check_limit_for_various_actions" time="0.649" /><testcase classname="backend.tests.test_walkthrough_phase2_pricing.TestPricingEngine" name="test_overage_estimate_returns_projection" time="0.415" /><testcase classname="backend.tests.test_walkthrough_phase2_pricing.TestPermissionsMatrix" name="test_permissions_structure_is_valid" time="0.398" /></testsuite></testsuites>