<?xml version="1.0" encoding="utf-8"?><testsuites name="pytest tests"><testsuite name="pytest" errors="0" failures="0" skipped="0" tests="18" time="3.046" timestamp="2026-03-06T13:57:10.939196+00:00" hostname="agent-env-a9171ce9-e21e-4fe3-af2a-fa5c0d989c7f"><testcase classname="backend.tests.test_wiki_module.TestWikiModule" name="test_wiki_list_pages" time="0.552" /><testcase classname="backend.tests.test_wiki_module.TestWikiModule" name="test_wiki_list_with_search" time="0.053" /><testcase classname="backend.tests.test_wiki_module.TestWikiModule" name="test_wiki_list_search_no_results" time="0.054" /><testcase classname="backend.tests.test_wiki_module.TestWikiModule" name="test_wiki_create_page" time="0.110" /><testcase classname="backend.tests.test_wiki_module.TestWikiModule" name="test_wiki_create_page_with_parent" time="0.104" /><testcase classname="backend.tests.test_wiki_module.TestWikiModule" name="test_wiki_create_page_validation" time="0.049" /><testcase classname="backend.tests.test_wiki_module.TestWikiModule" name="test_wiki_get_page" time="0.058" /><testcase classname="backend.tests.test_wiki_module.TestWikiModule" name="test_wiki_get_page_not_found" time="0.054" /><testcase classname="backend.tests.test_wiki_module.TestWikiModule" name="test_wiki_update_page_creates_version" time="0.178" /><testcase classname="backend.tests.test_wiki_module.TestWikiModule" name="test_wiki_update_title_no_version" time="0.171" /><testcase classname="backend.tests.test_wiki_module.TestWikiModule" name="test_wiki_pin_unpin_page" time="0.227" /><testcase classname="backend.tests.test_wiki_module.TestWikiModule" name="test_wiki_delete_page_soft_delete" time="0.312" /><testcase classname="backend.tests.test_wiki_module.TestWikiModule" name="test_wiki_get_history" time="0.280" /><testcase classname="backend.tests.test_wiki_module.TestWikiModule" name="test_wiki_get_specific_version" time="0.271" /><testcase classname="backend.tests.test_wiki_module.TestWikiModule" name="test_wiki_ai_update_create" time="0.166" /><testcase classname="backend.tests.test_wiki_module.TestWikiModule" name="test_wiki_ai_update_existing" time="0.154" /><testcase classname="backend.tests.test_wiki_module.TestWikiModule" name="test_wiki_ai_update_missing_title" time="0.052" /><testcase classname="backend.tests.test_wiki_module.TestWikiModule" name="test_wiki_hierarchy_parent_children" time="0.109" /></testsuite></testsuites>