<?xml version="1.0" encoding="utf-8"?><testsuites name="pytest tests"><testsuite name="pytest" errors="0" failures="0" skipped="0" tests="22" time="11.096" timestamp="2026-03-04T00:02:08.654101+00:00" hostname="agent-env-6896e858-63d9-460a-a685-8081ad012c1c"><testcase classname="tests.test_workspace_features.TestHealthCheck" name="test_health_endpoint" time="0.163" /><testcase classname="tests.test_workspace_features.TestAuthEndpoints" name="test_register_new_user" time="0.358" /><testcase classname="tests.test_workspace_features.TestAuthEndpoints" name="test_login_with_valid_credentials" time="0.355" /><testcase classname="tests.test_workspace_features.TestAuthEndpoints" name="test_login_with_invalid_credentials" time="0.373" /><testcase classname="tests.test_workspace_features.TestAuthEndpoints" name="test_auth_me_without_session" time="0.119" /><testcase classname="tests.test_workspace_features.TestWorkspaceEndpoints" name="test_get_workspaces_list" time="0.460" /><testcase classname="tests.test_workspace_features.TestWorkspaceEndpoints" name="test_get_workspaces_with_disabled" time="0.445" /><testcase classname="tests.test_workspace_features.TestWorkspaceEndpoints" name="test_create_workspace" time="0.631" /><testcase classname="tests.test_workspace_features.TestWorkspaceEndpoints" name="test_get_single_workspace" time="0.628" /><testcase classname="tests.test_workspace_features.TestWorkspaceEndpoints" name="test_get_nonexistent_workspace" time="0.464" /><testcase classname="tests.test_workspace_features.TestWorkspaceEndpoints" name="test_update_workspace" time="0.660" /><testcase classname="tests.test_workspace_features.TestWorkspaceEndpoints" name="test_disable_enable_workspace" time="0.695" /><testcase classname="tests.test_workspace_features.TestWorkspaceEndpoints" name="test_delete_workspace" time="0.587" /><testcase classname="tests.test_workspace_features.TestWorkspaceEndpoints" name="test_workspaces_require_auth" time="0.582" /><testcase classname="tests.test_workspace_features.TestChannelEndpoints" name="test_get_channels_empty" time="0.554" /><testcase classname="tests.test_workspace_features.TestChannelEndpoints" name="test_create_channel" time="0.613" /><testcase classname="tests.test_workspace_features.TestChannelEndpoints" name="test_get_single_channel" time="0.592" /><testcase classname="tests.test_workspace_features.TestChannelEndpoints" name="test_update_channel" time="0.563" /><testcase classname="tests.test_workspace_features.TestChannelEndpoints" name="test_delete_channel" time="0.652" /><testcase classname="tests.test_workspace_features.TestChannelEndpoints" name="test_channel_with_custom_agents" time="0.540" /><testcase classname="tests.test_workspace_features.TestExistingWorkspaces" name="test_list_includes_existing_workspaces" time="0.395" /><testcase classname="tests.test_workspace_features.TestExistingWorkspaces" name="test_access_test_workspace" time="0.534" /></testsuite></testsuites>