<?xml version="1.0" encoding="utf-8"?><testsuites name="pytest tests"><testsuite name="pytest" errors="0" failures="0" skipped="0" tests="22" time="6.687" timestamp="2026-03-04T01:03:51.697358+00:00" hostname="agent-env-6896e858-63d9-460a-a685-8081ad012c1c"><testcase classname="backend.tests.test_workflow_apis.TestWorkflowTemplates" name="test_list_templates" time="0.592" /><testcase classname="backend.tests.test_workflow_apis.TestWorkflowTemplates" name="test_get_single_template" time="0.095" /><testcase classname="backend.tests.test_workflow_apis.TestWorkflowTemplates" name="test_get_nonexistent_template" time="0.068" /><testcase classname="backend.tests.test_workflow_apis.TestWorkflowCRUD" name="test_list_workflows" time="0.083" /><testcase classname="backend.tests.test_workflow_apis.TestWorkflowCRUD" name="test_create_blank_workflow" time="0.062" /><testcase classname="backend.tests.test_workflow_apis.TestWorkflowCRUD" name="test_create_workflow_from_template" time="0.080" /><testcase classname="backend.tests.test_workflow_apis.TestWorkflowCRUD" name="test_get_single_workflow" time="0.073" /><testcase classname="backend.tests.test_workflow_apis.TestWorkflowCRUD" name="test_get_nonexistent_workflow" time="0.080" /><testcase classname="backend.tests.test_workflow_apis.TestWorkflowCRUD" name="test_update_workflow_name" time="0.293" /><testcase classname="backend.tests.test_workflow_apis.TestWorkflowCRUD" name="test_update_workflow_status" time="0.452" /><testcase classname="backend.tests.test_workflow_apis.TestWorkflowCRUD" name="test_delete_workflow" time="0.291" /><testcase classname="backend.tests.test_workflow_apis.TestNodeCRUD" name="test_add_node" time="0.242" /><testcase classname="backend.tests.test_workflow_apis.TestNodeCRUD" name="test_add_all_node_types" time="0.641" /><testcase classname="backend.tests.test_workflow_apis.TestNodeCRUD" name="test_add_invalid_node_type" time="0.266" /><testcase classname="backend.tests.test_workflow_apis.TestNodeCRUD" name="test_update_node_config" time="0.290" /><testcase classname="backend.tests.test_workflow_apis.TestNodeCRUD" name="test_delete_node" time="0.347" /><testcase classname="backend.tests.test_workflow_apis.TestNodeCRUD" name="test_delete_node_removes_connected_edges" time="0.577" /><testcase classname="backend.tests.test_workflow_apis.TestEdgeCRUD" name="test_create_edge" time="0.352" /><testcase classname="backend.tests.test_workflow_apis.TestEdgeCRUD" name="test_delete_edge" time="0.469" /><testcase classname="backend.tests.test_workflow_apis.TestCanvasSave" name="test_save_canvas_positions" time="0.465" /><testcase classname="backend.tests.test_workflow_apis.TestCanvasSave" name="test_save_canvas_with_edges" time="0.504" /><testcase classname="backend.tests.test_workflow_apis.TestCleanup" name="test_cleanup_test_workflows" time="0.230" /></testsuite></testsuites>